;  LST file generated by mikroListExporter - v.2.0 
; Date/Time: 24/01/2022 11:22:08
;----------------------------------------------

;Address Opcode 	ASM
0x0000	0x2803      	GOTO       3
_main:
;MyProject.c,1 :: 		void main() {
;MyProject.c,2 :: 		trisb=0xff;
0x0003	0x30FF      	MOVLW      255
0x0004	0x1683      	BSF        STATUS, 5
0x0005	0x1303      	BCF        STATUS, 6
0x0006	0x0086      	MOVWF      TRISB
;MyProject.c,3 :: 		trisc=0x00;
0x0007	0x0187      	CLRF       TRISC
;MyProject.c,4 :: 		portc=0x00;
0x0008	0x1283      	BCF        STATUS, 5
0x0009	0x0187      	CLRF       PORTC
;MyProject.c,5 :: 		while(1)
L_main0:
;MyProject.c,7 :: 		if((RB0_bit)||(RB1_bit)||!(RB2_bit&&RB3_bit))
0x000A	0x1806      	BTFSC      RB0_bit, BitPos(RB0_bit+0)
0x000B	0x281A      	GOTO       L__main19
0x000C	0x1886      	BTFSC      RB1_bit, BitPos(RB1_bit+0)
0x000D	0x281A      	GOTO       L__main19
0x000E	0x1D06      	BTFSS      RB2_bit, BitPos(RB2_bit+0)
0x000F	0x2815      	GOTO       L_main5
0x0010	0x1D86      	BTFSS      RB3_bit, BitPos(RB3_bit+0)
0x0011	0x2815      	GOTO       L_main5
0x0012	0x3001      	MOVLW      1
0x0013	0x00F0      	MOVWF      R0
0x0014	0x2816      	GOTO       L_main4
L_main5:
0x0015	0x01F0      	CLRF       R0
L_main4:
0x0016	0x0870      	MOVF       R0, 0
0x0017	0x1903      	BTFSC      STATUS, 2
0x0018	0x281A      	GOTO       L__main19
0x0019	0x281D      	GOTO       L_main6
L__main19:
;MyProject.c,9 :: 		portc=0x01;
0x001A	0x3001      	MOVLW      1
0x001B	0x0087      	MOVWF      PORTC
;MyProject.c,10 :: 		}
0x001C	0x281E      	GOTO       L_main7
L_main6:
;MyProject.c,13 :: 		portc.f0=0;}
0x001D	0x1007      	BCF        PORTC, 0
L_main7:
;MyProject.c,14 :: 		if(((RB0_bit)&&!(RB1_bit))||(!(RB2_bit)&&(RB1_bit))||(RB2_bit))
0x001E	0x1C06      	BTFSS      RB0_bit, BitPos(RB0_bit+0)
0x001F	0x2823      	GOTO       L__main18
0x0020	0x1886      	BTFSC      RB1_bit, BitPos(RB1_bit+0)
0x0021	0x2823      	GOTO       L__main18
0x0022	0x282B      	GOTO       L__main16
L__main18:
0x0023	0x1906      	BTFSC      RB2_bit, BitPos(RB2_bit+0)
0x0024	0x2828      	GOTO       L__main17
0x0025	0x1C86      	BTFSS      RB1_bit, BitPos(RB1_bit+0)
0x0026	0x2828      	GOTO       L__main17
0x0027	0x282B      	GOTO       L__main16
L__main17:
0x0028	0x1906      	BTFSC      RB2_bit, BitPos(RB2_bit+0)
0x0029	0x282B      	GOTO       L__main16
0x002A	0x282E      	GOTO       L_main14
L__main16:
;MyProject.c,15 :: 		{ portc=0x02;
0x002B	0x3002      	MOVLW      2
0x002C	0x0087      	MOVWF      PORTC
;MyProject.c,16 :: 		}
0x002D	0x282F      	GOTO       L_main15
L_main14:
;MyProject.c,18 :: 		{portc.f1=0;}
0x002E	0x1087      	BCF        PORTC, 1
L_main15:
;MyProject.c,19 :: 		}
0x002F	0x280A      	GOTO       L_main0
;MyProject.c,20 :: 		}
L_end_main:
0x0030	0x2830      	GOTO       $+0
; end of _main
Symbol List:
//** Routines locations **
//ADDRESS    SIZE    PROCEDURE
//----------------------------------------------
0x0003      [46]    _main
//** Variables locations ** 
//ADDRESS    SIZE    VARIABLE
//----------------------------------------------
0x0000       [1]    INDF
0x0003       [1]    STATUS
0x0004       [1]    FSR
0x0006       [0]    RB2_bit
0x0006       [0]    RB3_bit
0x0006       [0]    RB0_bit
0x0006       [0]    RB1_bit
0x0007       [1]    PORTC
0x000A       [1]    PCLATH
0x0020       [2]    ___DoICPAddr
0x0070       [1]    R0
0x0071       [1]    R1
0x0072       [1]    R2
0x0073       [1]    R3
0x0074       [1]    R4
0x0075       [1]    R5
0x0076       [1]    R6
0x0077       [1]    R7
0x0078       [1]    R8
0x0079       [1]    R9
0x007A       [1]    R10
0x007B       [1]    R11
0x007C       [1]    R12
0x007D       [1]    R13
0x007E       [1]    R14
0x007F       [1]    R15
0x0086       [1]    TRISB
0x0087       [1]    TRISC
