;  LST file generated by mikroListExporter - v.2.0 
; Date/Time: 23/01/2022 17:53:45
;----------------------------------------------

;Address Opcode 	ASM
0x0000	0x2803      	GOTO       3
_main:
;MyProject.c,1 :: 		void main(void)
;MyProject.c,3 :: 		TRISA=0xff;
0x0003	0x30FF      	MOVLW      255
0x0004	0x1683      	BSF        STATUS, 5
0x0005	0x1303      	BCF        STATUS, 6
0x0006	0x0085      	MOVWF      TRISA
;MyProject.c,4 :: 		TRISC=0xff;
0x0007	0x30FF      	MOVLW      255
0x0008	0x0087      	MOVWF      TRISC
;MyProject.c,5 :: 		TRISB=0x00;
0x0009	0x0186      	CLRF       TRISB
;MyProject.c,6 :: 		PORTB=0x00;
0x000A	0x1283      	BCF        STATUS, 5
0x000B	0x0186      	CLRF       PORTB
;MyProject.c,7 :: 		while(1)
L_main0:
;MyProject.c,9 :: 		if(RC0_bit==1)
0x000C	0x1C07      	BTFSS      RC0_bit, BitPos(RC0_bit+0)
0x000D	0x282D      	GOTO       L_main2
;MyProject.c,11 :: 		PORTB=0xff;
0x000E	0x30FF      	MOVLW      255
0x000F	0x0086      	MOVWF      PORTB
;MyProject.c,12 :: 		delay_ms(1000);
0x0010	0x3006      	MOVLW      6
0x0011	0x00FB      	MOVWF      R11
0x0012	0x3013      	MOVLW      19
0x0013	0x00FC      	MOVWF      R12
0x0014	0x30AD      	MOVLW      173
0x0015	0x00FD      	MOVWF      R13
L_main3:
0x0016	0x0BFD      	DECFSZ     R13, 1
0x0017	0x2816      	GOTO       L_main3
0x0018	0x0BFC      	DECFSZ     R12, 1
0x0019	0x2816      	GOTO       L_main3
0x001A	0x0BFB      	DECFSZ     R11, 1
0x001B	0x2816      	GOTO       L_main3
0x001C	0x0000      	NOP
0x001D	0x0000      	NOP
;MyProject.c,13 :: 		PORTB=0x00;
0x001E	0x0186      	CLRF       PORTB
;MyProject.c,14 :: 		delay_ms(1000);
0x001F	0x3006      	MOVLW      6
0x0020	0x00FB      	MOVWF      R11
0x0021	0x3013      	MOVLW      19
0x0022	0x00FC      	MOVWF      R12
0x0023	0x30AD      	MOVLW      173
0x0024	0x00FD      	MOVWF      R13
L_main4:
0x0025	0x0BFD      	DECFSZ     R13, 1
0x0026	0x2825      	GOTO       L_main4
0x0027	0x0BFC      	DECFSZ     R12, 1
0x0028	0x2825      	GOTO       L_main4
0x0029	0x0BFB      	DECFSZ     R11, 1
0x002A	0x2825      	GOTO       L_main4
0x002B	0x0000      	NOP
0x002C	0x0000      	NOP
;MyProject.c,15 :: 		}
L_main2:
;MyProject.c,16 :: 		if(RC0_bit==0)
0x002D	0x1807      	BTFSC      RC0_bit, BitPos(RC0_bit+0)
0x002E	0x284F      	GOTO       L_main5
;MyProject.c,18 :: 		PORTB=0xAA;
0x002F	0x30AA      	MOVLW      170
0x0030	0x0086      	MOVWF      PORTB
;MyProject.c,19 :: 		delay_ms(500);
0x0031	0x3003      	MOVLW      3
0x0032	0x00FB      	MOVWF      R11
0x0033	0x308A      	MOVLW      138
0x0034	0x00FC      	MOVWF      R12
0x0035	0x3055      	MOVLW      85
0x0036	0x00FD      	MOVWF      R13
L_main6:
0x0037	0x0BFD      	DECFSZ     R13, 1
0x0038	0x2837      	GOTO       L_main6
0x0039	0x0BFC      	DECFSZ     R12, 1
0x003A	0x2837      	GOTO       L_main6
0x003B	0x0BFB      	DECFSZ     R11, 1
0x003C	0x2837      	GOTO       L_main6
0x003D	0x0000      	NOP
0x003E	0x0000      	NOP
;MyProject.c,20 :: 		PORTB=0x55;
0x003F	0x3055      	MOVLW      85
0x0040	0x0086      	MOVWF      PORTB
;MyProject.c,21 :: 		delay_ms(500);
0x0041	0x3003      	MOVLW      3
0x0042	0x00FB      	MOVWF      R11
0x0043	0x308A      	MOVLW      138
0x0044	0x00FC      	MOVWF      R12
0x0045	0x3055      	MOVLW      85
0x0046	0x00FD      	MOVWF      R13
L_main7:
0x0047	0x0BFD      	DECFSZ     R13, 1
0x0048	0x2847      	GOTO       L_main7
0x0049	0x0BFC      	DECFSZ     R12, 1
0x004A	0x2847      	GOTO       L_main7
0x004B	0x0BFB      	DECFSZ     R11, 1
0x004C	0x2847      	GOTO       L_main7
0x004D	0x0000      	NOP
0x004E	0x0000      	NOP
;MyProject.c,22 :: 		}
L_main5:
;MyProject.c,24 :: 		}
0x004F	0x280C      	GOTO       L_main0
;MyProject.c,25 :: 		}
L_end_main:
0x0050	0x2850      	GOTO       $+0
; end of _main
Symbol List:
//** Routines locations **
//ADDRESS    SIZE    PROCEDURE
//----------------------------------------------
0x0003      [78]    _main
//** Variables locations ** 
//ADDRESS    SIZE    VARIABLE
//----------------------------------------------
0x0000       [1]    INDF
0x0003       [1]    STATUS
0x0004       [1]    FSR
0x0006       [1]    PORTB
0x0007       [0]    RC0_bit
0x000A       [1]    PCLATH
0x0020       [2]    ___DoICPAddr
0x0070       [1]    R0
0x0071       [1]    R1
0x0072       [1]    R2
0x0073       [1]    R3
0x0074       [1]    R4
0x0075       [1]    R5
0x0076       [1]    R6
0x0077       [1]    R7
0x0078       [1]    R8
0x0079       [1]    R9
0x007A       [1]    R10
0x007B       [1]    R11
0x007C       [1]    R12
0x007D       [1]    R13
0x007E       [1]    R14
0x007F       [1]    R15
0x0085       [1]    TRISA
0x0086       [1]    TRISB
0x0087       [1]    TRISC
