;  LST file generated by mikroListExporter - v.2.0 
; Date/Time: 20/01/2022 16:35:56
;----------------------------------------------

;Address Opcode 	ASM
0x0000	0x280A      	GOTO       10
_____DoICP:
;__Lib_System.c,6 :: 		
;__Lib_System.c,9 :: 		
0x0003	0x1283      	BCF        STATUS, 5
0x0004	0x1303      	BCF        STATUS, 6
0x0005	0x0821      	MOVF       ___DoICPAddr+1, 0
0x0006	0x008A      	MOVWF      PCLATH
;__Lib_System.c,10 :: 		
0x0007	0x0820      	MOVF       ___DoICPAddr, 0
0x0008	0x0082      	MOVWF      PCL
;__Lib_System.c,12 :: 		
L_end_____DoICP:
0x0009	0x0008      	RETURN
; end of _____DoICP
_main:
;projet.c,14 :: 		void main(void)
;projet.c,16 :: 		trisb = 0;
0x000A	0x1683      	BSF        STATUS, 5
0x000B	0x1303      	BCF        STATUS, 6
0x000C	0x0186      	CLRF       TRISB
;projet.c,17 :: 		portb = 0;
0x000D	0x1283      	BCF        STATUS, 5
0x000E	0x0186      	CLRF       PORTB
;projet.c,18 :: 		for(;;)
L_main0:
;projet.c,19 :: 		{  portb=DIGITS[i];
0x000F	0x0872      	MOVF       R2, 0
0x0010	0x3E66      	ADDLW      _DIGITS
0x0011	0x00F0      	MOVWF      R0
0x0012	0x3000      	MOVLW      hi_addr(_DIGITS)
0x0013	0x1803      	BTFSC      STATUS, 0
0x0014	0x3E01      	ADDLW      1
0x0015	0x0773      	ADDWF      R2+1, 0
0x0016	0x00F1      	MOVWF      R0+1
0x0017	0x0870      	MOVF       R0, 0
0x0018	0x00A0      	MOVWF      ___DoICPAddr
0x0019	0x0871      	MOVF       R0+1, 0
0x001A	0x00A1      	MOVWF      ___DoICPAddr+1
0x001B	0x2003      	CALL       _____DoICP
0x001C	0x118A      	BCF        PCLATH, 3
0x001D	0x120A      	BCF        PCLATH, 4
0x001E	0x0086      	MOVWF      PORTB
;projet.c,20 :: 		i++;
0x001F	0x0AF2      	INCF       R2, 1
0x0020	0x1903      	BTFSC      STATUS, 2
0x0021	0x0AF3      	INCF       R2+1, 1
;projet.c,21 :: 		delay_ms(500);
0x0022	0x3006      	MOVLW      6
0x0023	0x00FB      	MOVWF      R11
0x0024	0x3013      	MOVLW      19
0x0025	0x00FC      	MOVWF      R12
0x0026	0x30AD      	MOVLW      173
0x0027	0x00FD      	MOVWF      R13
L_main3:
0x0028	0x0BFD      	DECFSZ     R13, 1
0x0029	0x2828      	GOTO       L_main3
0x002A	0x0BFC      	DECFSZ     R12, 1
0x002B	0x2828      	GOTO       L_main3
0x002C	0x0BFB      	DECFSZ     R11, 1
0x002D	0x2828      	GOTO       L_main3
0x002E	0x0000      	NOP
0x002F	0x0000      	NOP
;projet.c,22 :: 		if(i==9)
0x0030	0x3000      	MOVLW      0
0x0031	0x0673      	XORWF      R2+1, 0
0x0032	0x1D03      	BTFSS      STATUS, 2
0x0033	0x2836      	GOTO       L__main11
0x0034	0x3009      	MOVLW      9
0x0035	0x0672      	XORWF      R2, 0
L__main11:
0x0036	0x1D03      	BTFSS      STATUS, 2
0x0037	0x2864      	GOTO       L_main4
;projet.c,23 :: 		{ for(;;)
L_main5:
;projet.c,24 :: 		{portb=DIGITS[i];
0x0038	0x0872      	MOVF       R2, 0
0x0039	0x3E66      	ADDLW      _DIGITS
0x003A	0x00F0      	MOVWF      R0
0x003B	0x3000      	MOVLW      hi_addr(_DIGITS)
0x003C	0x1803      	BTFSC      STATUS, 0
0x003D	0x3E01      	ADDLW      1
0x003E	0x0773      	ADDWF      R2+1, 0
0x003F	0x00F1      	MOVWF      R0+1
0x0040	0x0870      	MOVF       R0, 0
0x0041	0x00A0      	MOVWF      ___DoICPAddr
0x0042	0x0871      	MOVF       R0+1, 0
0x0043	0x00A1      	MOVWF      ___DoICPAddr+1
0x0044	0x2003      	CALL       _____DoICP
0x0045	0x118A      	BCF        PCLATH, 3
0x0046	0x120A      	BCF        PCLATH, 4
0x0047	0x0086      	MOVWF      PORTB
;projet.c,25 :: 		delay_ms(500);
0x0048	0x3006      	MOVLW      6
0x0049	0x00FB      	MOVWF      R11
0x004A	0x3013      	MOVLW      19
0x004B	0x00FC      	MOVWF      R12
0x004C	0x30AD      	MOVLW      173
0x004D	0x00FD      	MOVWF      R13
L_main8:
0x004E	0x0BFD      	DECFSZ     R13, 1
0x004F	0x284E      	GOTO       L_main8
0x0050	0x0BFC      	DECFSZ     R12, 1
0x0051	0x284E      	GOTO       L_main8
0x0052	0x0BFB      	DECFSZ     R11, 1
0x0053	0x284E      	GOTO       L_main8
0x0054	0x0000      	NOP
0x0055	0x0000      	NOP
;projet.c,26 :: 		i--;
0x0056	0x3001      	MOVLW      1
0x0057	0x02F2      	SUBWF      R2, 1
0x0058	0x1C03      	BTFSS      STATUS, 0
0x0059	0x03F3      	DECF       R2+1, 1
;projet.c,28 :: 		if(i==0)
0x005A	0x3000      	MOVLW      0
0x005B	0x0673      	XORWF      R2+1, 0
0x005C	0x1D03      	BTFSS      STATUS, 2
0x005D	0x2860      	GOTO       L__main12
0x005E	0x3000      	MOVLW      0
0x005F	0x0672      	XORWF      R2, 0
L__main12:
0x0060	0x1D03      	BTFSS      STATUS, 2
0x0061	0x2863      	GOTO       L_main9
;projet.c,29 :: 		{break;}
0x0062	0x2864      	GOTO       L_main6
L_main9:
;projet.c,30 :: 		}
0x0063	0x2838      	GOTO       L_main5
L_main6:
;projet.c,31 :: 		}
L_main4:
;projet.c,32 :: 		}
0x0064	0x280F      	GOTO       L_main0
;projet.c,33 :: 		}
L_end_main:
0x0065	0x2865      	GOTO       $+0
; end of _main
;projet.c,1 :: _DIGITS
0x0066	0x343F ;_DIGITS+0
0x0067	0x3406 ;_DIGITS+1
0x0068	0x345B ;_DIGITS+2
0x0069	0x344F ;_DIGITS+3
0x006A	0x3466 ;_DIGITS+4
0x006B	0x346D ;_DIGITS+5
0x006C	0x347D ;_DIGITS+6
0x006D	0x3407 ;_DIGITS+7
0x006E	0x347F ;_DIGITS+8
0x006F	0x346F ;_DIGITS+9
; end of _DIGITS
Symbol List:
//** Routines locations **
//ADDRESS    SIZE    PROCEDURE
//----------------------------------------------
0x0003       [7]    _____DoICP
0x000A      [92]    _main
//** Variables locations ** 
//ADDRESS    SIZE    VARIABLE
//----------------------------------------------
0x0000       [1]    INDF
0x0002       [1]    PCL
0x0003       [1]    STATUS
0x0004       [1]    FSR
0x0006       [1]    PORTB
0x000A       [1]    PCLATH
0x0020       [2]    ___DoICPAddr
0x0070       [1]    R0
0x0071       [1]    R1
0x0072       [1]    R2
0x0073       [1]    R3
0x0074       [1]    R4
0x0075       [1]    R5
0x0076       [1]    R6
0x0077       [1]    R7
0x0078       [1]    R8
0x0079       [1]    R9
0x007A       [1]    R10
0x007B       [1]    R11
0x007C       [1]    R12
0x007D       [1]    R13
0x007E       [1]    R14
0x007F       [1]    R15
0x0086       [1]    TRISB
//** Constants locations ** 
//ADDRESS    SIZE    CONSTANT
//----------------------------------------------
0x0066      [10]    _DIGITS
