;  LST file generated by mikroListExporter - v.2.0 
; Date/Time: 24/01/2022 12:29:19
;----------------------------------------------

;Address Opcode 	ASM
0x0000	0x2803      	GOTO       3
_main:
;MyProject.c,1 :: 		void main()
;MyProject.c,3 :: 		trisb=0x0f;
0x0003	0x300F      	MOVLW      15
0x0004	0x1683      	BSF        STATUS, 5
0x0005	0x1303      	BCF        STATUS, 6
0x0006	0x0086      	MOVWF      TRISB
;MyProject.c,4 :: 		portb=0;
0x0007	0x1283      	BCF        STATUS, 5
0x0008	0x0186      	CLRF       PORTB
;MyProject.c,5 :: 		while(1){
L_main0:
;MyProject.c,6 :: 		if(RB0_bit==1)
0x0009	0x1C06      	BTFSS      RB0_bit, BitPos(RB0_bit+0)
0x000A	0x284B      	GOTO       L_main2
;MyProject.c,8 :: 		if(RB1_bit==1&&RB2_bit==0&&RB3_bit==0)
0x000B	0x1C86      	BTFSS      RB1_bit, BitPos(RB1_bit+0)
0x000C	0x281E      	GOTO       L_main5
0x000D	0x1906      	BTFSC      RB2_bit, BitPos(RB2_bit+0)
0x000E	0x281E      	GOTO       L_main5
0x000F	0x1986      	BTFSC      RB3_bit, BitPos(RB3_bit+0)
0x0010	0x281E      	GOTO       L_main5
L__main19:
;MyProject.c,9 :: 		{portb.f4=1;
0x0011	0x1606      	BSF        PORTB, 4
;MyProject.c,10 :: 		delay_ms(100);
0x0012	0x3082      	MOVLW      130
0x0013	0x00FC      	MOVWF      R12
0x0014	0x30DD      	MOVLW      221
0x0015	0x00FD      	MOVWF      R13
L_main6:
0x0016	0x0BFD      	DECFSZ     R13, 1
0x0017	0x2816      	GOTO       L_main6
0x0018	0x0BFC      	DECFSZ     R12, 1
0x0019	0x2816      	GOTO       L_main6
0x001A	0x0000      	NOP
0x001B	0x0000      	NOP
;MyProject.c,11 :: 		portb.f4=0;
0x001C	0x1206      	BCF        PORTB, 4
;MyProject.c,12 :: 		}
0x001D	0x284A      	GOTO       L_main7
L_main5:
;MyProject.c,13 :: 		else if(RB1_bit==0&&RB2_bit==1&&RB3_bit==0)
0x001E	0x1886      	BTFSC      RB1_bit, BitPos(RB1_bit+0)
0x001F	0x2835      	GOTO       L_main10
0x0020	0x1D06      	BTFSS      RB2_bit, BitPos(RB2_bit+0)
0x0021	0x2835      	GOTO       L_main10
0x0022	0x1986      	BTFSC      RB3_bit, BitPos(RB3_bit+0)
0x0023	0x2835      	GOTO       L_main10
L__main18:
;MyProject.c,14 :: 		{portb.f4=1;
0x0024	0x1606      	BSF        PORTB, 4
;MyProject.c,15 :: 		delay_ms(2000);
0x0025	0x300B      	MOVLW      11
0x0026	0x00FB      	MOVWF      R11
0x0027	0x3026      	MOVLW      38
0x0028	0x00FC      	MOVWF      R12
0x0029	0x305D      	MOVLW      93
0x002A	0x00FD      	MOVWF      R13
L_main11:
0x002B	0x0BFD      	DECFSZ     R13, 1
0x002C	0x282B      	GOTO       L_main11
0x002D	0x0BFC      	DECFSZ     R12, 1
0x002E	0x282B      	GOTO       L_main11
0x002F	0x0BFB      	DECFSZ     R11, 1
0x0030	0x282B      	GOTO       L_main11
0x0031	0x0000      	NOP
0x0032	0x0000      	NOP
;MyProject.c,16 :: 		portb.f4=0;
0x0033	0x1206      	BCF        PORTB, 4
;MyProject.c,17 :: 		}
0x0034	0x284A      	GOTO       L_main12
L_main10:
;MyProject.c,18 :: 		else if(RB1_bit==0&&RB2_bit==0&&RB3_bit==1)
0x0035	0x1886      	BTFSC      RB1_bit, BitPos(RB1_bit+0)
0x0036	0x284A      	GOTO       L_main15
0x0037	0x1906      	BTFSC      RB2_bit, BitPos(RB2_bit+0)
0x0038	0x284A      	GOTO       L_main15
0x0039	0x1D86      	BTFSS      RB3_bit, BitPos(RB3_bit+0)
0x003A	0x284A      	GOTO       L_main15
L__main17:
;MyProject.c,19 :: 		{portb.f4=1;
0x003B	0x1606      	BSF        PORTB, 4
;MyProject.c,20 :: 		delay_ms(5000);
0x003C	0x301A      	MOVLW      26
0x003D	0x00FB      	MOVWF      R11
0x003E	0x305E      	MOVLW      94
0x003F	0x00FC      	MOVWF      R12
0x0040	0x306E      	MOVLW      110
0x0041	0x00FD      	MOVWF      R13
L_main16:
0x0042	0x0BFD      	DECFSZ     R13, 1
0x0043	0x2842      	GOTO       L_main16
0x0044	0x0BFC      	DECFSZ     R12, 1
0x0045	0x2842      	GOTO       L_main16
0x0046	0x0BFB      	DECFSZ     R11, 1
0x0047	0x2842      	GOTO       L_main16
0x0048	0x0000      	NOP
;MyProject.c,21 :: 		portb.f4=0;
0x0049	0x1206      	BCF        PORTB, 4
;MyProject.c,22 :: 		}
L_main15:
L_main12:
L_main7:
;MyProject.c,23 :: 		portb=0  ;
0x004A	0x0186      	CLRF       PORTB
;MyProject.c,24 :: 		}
L_main2:
;MyProject.c,25 :: 		}
0x004B	0x2809      	GOTO       L_main0
;MyProject.c,26 :: 		}
L_end_main:
0x004C	0x284C      	GOTO       $+0
; end of _main
Symbol List:
//** Routines locations **
//ADDRESS    SIZE    PROCEDURE
//----------------------------------------------
0x0003      [74]    _main
//** Variables locations ** 
//ADDRESS    SIZE    VARIABLE
//----------------------------------------------
0x0000       [1]    INDF
0x0003       [1]    STATUS
0x0004       [1]    FSR
0x0006       [0]    RB2_bit
0x0006       [0]    RB3_bit
0x0006       [0]    RB0_bit
0x0006       [0]    RB1_bit
0x0006       [1]    PORTB
0x000A       [1]    PCLATH
0x0020       [2]    ___DoICPAddr
0x0070       [1]    R0
0x0071       [1]    R1
0x0072       [1]    R2
0x0073       [1]    R3
0x0074       [1]    R4
0x0075       [1]    R5
0x0076       [1]    R6
0x0077       [1]    R7
0x0078       [1]    R8
0x0079       [1]    R9
0x007A       [1]    R10
0x007B       [1]    R11
0x007C       [1]    R12
0x007D       [1]    R13
0x007E       [1]    R14
0x007F       [1]    R15
0x0086       [1]    TRISB
