;  LST file generated by mikroListExporter - v.2.0 
; Date/Time: 23/02/2022 16:30:08
;----------------------------------------------

;Address Opcode 	ASM
0x0000	0x2D63      	GOTO       1379
_Delay_50us:
;__Lib_Delays.c,19 :: 		void Delay_50us() {
;__Lib_Delays.c,20 :: 		Delay_us(50);
0x0003	0x3010      	MOVLW      16
0x0004	0x1283      	BCF        STATUS, 5
0x0005	0x1303      	BCF        STATUS, 6
0x0006	0x00FD      	MOVWF      R13
L_Delay_50us2:
0x0007	0x0BFD      	DECFSZ     R13, 1
0x0008	0x2807      	GOTO       L_Delay_50us2
0x0009	0x0000      	NOP
;__Lib_Delays.c,21 :: 		}
L_end_Delay_50us:
0x000A	0x0008      	RETURN
; end of _Delay_50us
_Delay_1us:
;__Lib_Delays.c,7 :: 		void Delay_1us() {
;__Lib_Delays.c,8 :: 		Delay_us(1);
0x000B	0x0000      	NOP
;__Lib_Delays.c,9 :: 		}
L_end_Delay_1us:
0x000C	0x0008      	RETURN
; end of _Delay_1us
_Delay_5500us:
;__Lib_Delays.c,31 :: 		void Delay_5500us() {
;__Lib_Delays.c,32 :: 		Delay_us(5500);
0x000D	0x3008      	MOVLW      8
0x000E	0x1283      	BCF        STATUS, 5
0x000F	0x1303      	BCF        STATUS, 6
0x0010	0x00FC      	MOVWF      R12
0x0011	0x3023      	MOVLW      35
0x0012	0x00FD      	MOVWF      R13
L_Delay_5500us5:
0x0013	0x0BFD      	DECFSZ     R13, 1
0x0014	0x2813      	GOTO       L_Delay_5500us5
0x0015	0x0BFC      	DECFSZ     R12, 1
0x0016	0x2813      	GOTO       L_Delay_5500us5
;__Lib_Delays.c,33 :: 		}
L_end_Delay_5500us:
0x0017	0x0008      	RETURN
; end of _Delay_5500us
_RES032:
;__Lib_MathDouble.c,123 :: 		
;__Lib_MathDouble.c,128 :: 		
0x0018	0x01F2      	CLRF       R2
;__Lib_MathDouble.c,129 :: 		
0x0019	0x01F1      	CLRF       R1
;__Lib_MathDouble.c,130 :: 		
0x001A	0x01F0      	CLRF       R0
;__Lib_MathDouble.c,131 :: 		
0x001B	0x01F8      	CLRF       R8
;__Lib_MathDouble.c,132 :: 		
0x001C	0x01F3      	CLRF       R3
;__Lib_MathDouble.c,133 :: 		
0x001D	0x3000      	MOVLW      0
;__Lib_MathDouble.c,135 :: 		
L_end_RES032:
0x001E	0x0008      	RETURN
; end of _RES032
_Lcd_Cmd:
;__Lib_Lcd.c,18 :: 		
;__Lib_Lcd.c,20 :: 		
0x001F	0x1283      	BCF        STATUS, 5
0x0020	0x1303      	BCF        STATUS, 6
0x0021	0x1BD3      	BTFSC      FARG_Lcd_Cmd_out_char, 7
0x0022	0x2825      	GOTO       L__Lcd_Cmd21
0x0023	0x1186      	BCF        LCD_D7, BitPos(LCD_D7+0)
0x0024	0x2826      	GOTO       L__Lcd_Cmd22
L__Lcd_Cmd21:
0x0025	0x1586      	BSF        LCD_D7, BitPos(LCD_D7+0)
L__Lcd_Cmd22:
;__Lib_Lcd.c,21 :: 		
0x0026	0x1B53      	BTFSC      FARG_Lcd_Cmd_out_char, 6
0x0027	0x282A      	GOTO       L__Lcd_Cmd23
0x0028	0x1106      	BCF        LCD_D6, BitPos(LCD_D6+0)
0x0029	0x282B      	GOTO       L__Lcd_Cmd24
L__Lcd_Cmd23:
0x002A	0x1506      	BSF        LCD_D6, BitPos(LCD_D6+0)
L__Lcd_Cmd24:
;__Lib_Lcd.c,22 :: 		
0x002B	0x1AD3      	BTFSC      FARG_Lcd_Cmd_out_char, 5
0x002C	0x282F      	GOTO       L__Lcd_Cmd25
0x002D	0x1086      	BCF        LCD_D5, BitPos(LCD_D5+0)
0x002E	0x2830      	GOTO       L__Lcd_Cmd26
L__Lcd_Cmd25:
0x002F	0x1486      	BSF        LCD_D5, BitPos(LCD_D5+0)
L__Lcd_Cmd26:
;__Lib_Lcd.c,23 :: 		
0x0030	0x1A53      	BTFSC      FARG_Lcd_Cmd_out_char, 4
0x0031	0x2834      	GOTO       L__Lcd_Cmd27
0x0032	0x1006      	BCF        LCD_D4, BitPos(LCD_D4+0)
0x0033	0x2835      	GOTO       L__Lcd_Cmd28
L__Lcd_Cmd27:
0x0034	0x1406      	BSF        LCD_D4, BitPos(LCD_D4+0)
L__Lcd_Cmd28:
;__Lib_Lcd.c,25 :: 		
0x0035	0x182B      	BTFSC      __Lib_Lcd_cmd_status, BitPos(__Lib_Lcd_cmd_status+0)
0x0036	0x2839      	GOTO       L__Lcd_Cmd29
0x0037	0x1606      	BSF        LCD_RS, BitPos(LCD_RS+0)
0x0038	0x283A      	GOTO       L__Lcd_Cmd30
L__Lcd_Cmd29:
0x0039	0x1206      	BCF        LCD_RS, BitPos(LCD_RS+0)
L__Lcd_Cmd30:
;__Lib_Lcd.c,28 :: 		
0x003A	0x1686      	BSF        LCD_EN, BitPos(LCD_EN+0)
;__Lib_Lcd.c,29 :: 		
0x003B	0x200B      	CALL       _Delay_1us
;__Lib_Lcd.c,30 :: 		
0x003C	0x1286      	BCF        LCD_EN, BitPos(LCD_EN+0)
;__Lib_Lcd.c,33 :: 		
0x003D	0x19D3      	BTFSC      FARG_Lcd_Cmd_out_char, 3
0x003E	0x2841      	GOTO       L__Lcd_Cmd31
0x003F	0x1186      	BCF        LCD_D7, BitPos(LCD_D7+0)
0x0040	0x2842      	GOTO       L__Lcd_Cmd32
L__Lcd_Cmd31:
0x0041	0x1586      	BSF        LCD_D7, BitPos(LCD_D7+0)
L__Lcd_Cmd32:
;__Lib_Lcd.c,34 :: 		
0x0042	0x1953      	BTFSC      FARG_Lcd_Cmd_out_char, 2
0x0043	0x2846      	GOTO       L__Lcd_Cmd33
0x0044	0x1106      	BCF        LCD_D6, BitPos(LCD_D6+0)
0x0045	0x2847      	GOTO       L__Lcd_Cmd34
L__Lcd_Cmd33:
0x0046	0x1506      	BSF        LCD_D6, BitPos(LCD_D6+0)
L__Lcd_Cmd34:
;__Lib_Lcd.c,35 :: 		
0x0047	0x18D3      	BTFSC      FARG_Lcd_Cmd_out_char, 1
0x0048	0x284B      	GOTO       L__Lcd_Cmd35
0x0049	0x1086      	BCF        LCD_D5, BitPos(LCD_D5+0)
0x004A	0x284C      	GOTO       L__Lcd_Cmd36
L__Lcd_Cmd35:
0x004B	0x1486      	BSF        LCD_D5, BitPos(LCD_D5+0)
L__Lcd_Cmd36:
;__Lib_Lcd.c,36 :: 		
0x004C	0x1853      	BTFSC      FARG_Lcd_Cmd_out_char, 0
0x004D	0x2850      	GOTO       L__Lcd_Cmd37
0x004E	0x1006      	BCF        LCD_D4, BitPos(LCD_D4+0)
0x004F	0x2851      	GOTO       L__Lcd_Cmd38
L__Lcd_Cmd37:
0x0050	0x1406      	BSF        LCD_D4, BitPos(LCD_D4+0)
L__Lcd_Cmd38:
;__Lib_Lcd.c,38 :: 		
0x0051	0x182B      	BTFSC      __Lib_Lcd_cmd_status, BitPos(__Lib_Lcd_cmd_status+0)
0x0052	0x2855      	GOTO       L__Lcd_Cmd39
0x0053	0x1606      	BSF        LCD_RS, BitPos(LCD_RS+0)
0x0054	0x2856      	GOTO       L__Lcd_Cmd40
L__Lcd_Cmd39:
0x0055	0x1206      	BCF        LCD_RS, BitPos(LCD_RS+0)
L__Lcd_Cmd40:
;__Lib_Lcd.c,40 :: 		
0x0056	0x1686      	BSF        LCD_EN, BitPos(LCD_EN+0)
;__Lib_Lcd.c,41 :: 		
0x0057	0x200B      	CALL       _Delay_1us
;__Lib_Lcd.c,42 :: 		
0x0058	0x1286      	BCF        LCD_EN, BitPos(LCD_EN+0)
;__Lib_Lcd.c,44 :: 		
0x0059	0x1C2B      	BTFSS      __Lib_Lcd_cmd_status, BitPos(__Lib_Lcd_cmd_status+0)
0x005A	0x285D      	GOTO       L_Lcd_Cmd0
;__Lib_Lcd.c,45 :: 		
0x005B	0x200D      	CALL       _Delay_5500us
0x005C	0x285E      	GOTO       L_Lcd_Cmd1
L_Lcd_Cmd0:
;__Lib_Lcd.c,47 :: 		
0x005D	0x2003      	CALL       _Delay_50us
L_Lcd_Cmd1:
;__Lib_Lcd.c,48 :: 		
L_end_Lcd_Cmd:
0x005E	0x0008      	RETURN
; end of _Lcd_Cmd
_FIXSIGN32:
;__Lib_MathDouble.c,112 :: 		
;__Lib_MathDouble.c,116 :: 		
0x005F	0x1FFA      	BTFSS      R10, 7
;__Lib_MathDouble.c,117 :: 		
0x0060	0x13F2      	BCF        R2, 7
;__Lib_MathDouble.c,118 :: 		
0x0061	0x3000      	MOVLW      0
;__Lib_MathDouble.c,120 :: 		
L_end_FIXSIGN32:
0x0062	0x0008      	RETURN
; end of _FIXSIGN32
_SETFUN32:
;__Lib_MathDouble.c,138 :: 		
;__Lib_MathDouble.c,145 :: 		
0x0063	0x157B      	BSF        R11, 2
;__Lib_MathDouble.c,146 :: 		
0x0064	0x1FFB      	BTFSS      R11, 7
;__Lib_MathDouble.c,147 :: 		
0x0065	0x286D      	GOTO       SETFUN32EEE
;__Lib_MathDouble.c,148 :: 		
0x0066	0x3001      	MOVLW      1
;__Lib_MathDouble.c,149 :: 		
0x0067	0x00F3      	MOVWF      R3
;__Lib_MathDouble.c,150 :: 		
0x0068	0x01F2      	CLRF       R2
;__Lib_MathDouble.c,151 :: 		
0x0069	0x01F1      	CLRF       R1
;__Lib_MathDouble.c,152 :: 		
0x006A	0x01F0      	CLRF       R0
;__Lib_MathDouble.c,153 :: 		
0x006B	0x0DFA      	RLF        R10, 1
;__Lib_MathDouble.c,154 :: 		
0x006C	0x0CF2      	RRF        R2, 1
;__Lib_MathDouble.c,155 :: 		
SETFUN32EEE:
;__Lib_MathDouble.c,156 :: 		
0x006D	0x30FF      	MOVLW      255
;__Lib_MathDouble.c,158 :: 		
L_end_SETFUN32:
0x006E	0x0008      	RETURN
; end of _SETFUN32
_SETFOV32:
;__Lib_MathDouble.c,79 :: 		
;__Lib_MathDouble.c,86 :: 		
0x006F	0x14FB      	BSF        R11, 1
;__Lib_MathDouble.c,87 :: 		
0x0070	0x1FFB      	BTFSS      R11, 7
;__Lib_MathDouble.c,88 :: 		
0x0071	0x2879      	GOTO       SETFOV32EEE
;__Lib_MathDouble.c,89 :: 		
0x0072	0x30FF      	MOVLW      255
;__Lib_MathDouble.c,90 :: 		
0x0073	0x00F3      	MOVWF      R3
;__Lib_MathDouble.c,91 :: 		
0x0074	0x00F2      	MOVWF      R2
;__Lib_MathDouble.c,92 :: 		
0x0075	0x00F1      	MOVWF      R1
;__Lib_MathDouble.c,93 :: 		
0x0076	0x00F0      	MOVWF      R0
;__Lib_MathDouble.c,94 :: 		
0x0077	0x0DFA      	RLF        R10, 1
;__Lib_MathDouble.c,95 :: 		
0x0078	0x0CF2      	RRF        R2, 1
;__Lib_MathDouble.c,96 :: 		
SETFOV32EEE:
;__Lib_MathDouble.c,97 :: 		
0x0079	0x30FF      	MOVLW      255
;__Lib_MathDouble.c,99 :: 		
L_end_SETFOV32:
0x007A	0x0008      	RETURN
; end of _SETFOV32
_NRM4032:
;__Lib_MathDouble.c,245 :: 		
;__Lib_MathDouble.c,252 :: 		
;__Lib_MathDouble.c,254 :: 		
0x007B	0x187C      	BTFSC      R12, 0
;__Lib_MathDouble.c,255 :: 		
0x007C	0x28B1      	GOTO       NRMRND4032
;__Lib_MathDouble.c,256 :: 		
0x007D	0x18FC      	BTFSC      R12, 1
;__Lib_MathDouble.c,257 :: 		
0x007E	0x2882      	GOTO       NRM4032
;__Lib_MathDouble.c,258 :: 		
0x007F	0x197C      	BTFSC      R12, 2
;__Lib_MathDouble.c,259 :: 		
0x0080	0x28D0      	GOTO       JMPSETFOV32
;__Lib_MathDouble.c,260 :: 		
0x0081	0x287B      	GOTO       $-6
;__Lib_MathDouble.c,261 :: 		
NRM4032:
;__Lib_MathDouble.c,262 :: 		
0x0082	0x01A0      	CLRF       __math_tempbD
;__Lib_MathDouble.c,263 :: 		
0x0083	0x0872      	MOVF       R2, 0
;__Lib_MathDouble.c,264 :: 		
0x0084	0x1D03      	BTFSS      STATUS, 2
;__Lib_MathDouble.c,265 :: 		
0x0085	0x28A2      	GOTO       NORM4032
;__Lib_MathDouble.c,266 :: 		
0x0086	0x0871      	MOVF       R1, 0
;__Lib_MathDouble.c,267 :: 		
0x0087	0x00F2      	MOVWF      R2
;__Lib_MathDouble.c,268 :: 		
0x0088	0x0870      	MOVF       R0, 0
;__Lib_MathDouble.c,269 :: 		
0x0089	0x00F1      	MOVWF      R1
;__Lib_MathDouble.c,270 :: 		
0x008A	0x0878      	MOVF       R8, 0
;__Lib_MathDouble.c,271 :: 		
0x008B	0x00F0      	MOVWF      R0
;__Lib_MathDouble.c,272 :: 		
0x008C	0x01F8      	CLRF       R8
;__Lib_MathDouble.c,273 :: 		
0x008D	0x15A0      	BSF        __math_tempbD, 3
;__Lib_MathDouble.c,275 :: 		
0x008E	0x0872      	MOVF       R2, 0
;__Lib_MathDouble.c,276 :: 		
0x008F	0x1D03      	BTFSS      STATUS, 2
;__Lib_MathDouble.c,277 :: 		
0x0090	0x28A2      	GOTO       NORM4032
;__Lib_MathDouble.c,278 :: 		
0x0091	0x0871      	MOVF       R1, 0
;__Lib_MathDouble.c,279 :: 		
0x0092	0x00F2      	MOVWF      R2
;__Lib_MathDouble.c,280 :: 		
0x0093	0x0870      	MOVF       R0, 0
;__Lib_MathDouble.c,281 :: 		
0x0094	0x00F1      	MOVWF      R1
;__Lib_MathDouble.c,282 :: 		
0x0095	0x01F0      	CLRF       R0
;__Lib_MathDouble.c,283 :: 		
0x0096	0x11A0      	BCF        __math_tempbD, 3
;__Lib_MathDouble.c,284 :: 		
0x0097	0x1620      	BSF        __math_tempbD, 4
;__Lib_MathDouble.c,286 :: 		
0x0098	0x0872      	MOVF       R2, 0
;__Lib_MathDouble.c,287 :: 		
0x0099	0x1D03      	BTFSS      STATUS, 2
;__Lib_MathDouble.c,288 :: 		
0x009A	0x28A2      	GOTO       NORM4032
;__Lib_MathDouble.c,289 :: 		
0x009B	0x0871      	MOVF       R1, 0
;__Lib_MathDouble.c,290 :: 		
0x009C	0x00F2      	MOVWF      R2
;__Lib_MathDouble.c,291 :: 		
0x009D	0x01F1      	CLRF       R1
;__Lib_MathDouble.c,292 :: 		
0x009E	0x15A0      	BSF        __math_tempbD, 3
;__Lib_MathDouble.c,294 :: 		
0x009F	0x0872      	MOVF       R2, 0
;__Lib_MathDouble.c,295 :: 		
0x00A0	0x1903      	BTFSC      STATUS, 2
;__Lib_MathDouble.c,296 :: 		
0x00A1	0x28C4      	GOTO       JMPRES032
;__Lib_MathDouble.c,297 :: 		
NORM4032:
;__Lib_MathDouble.c,298 :: 		
0x00A2	0x0820      	MOVF       __math_tempbD, 0
;__Lib_MathDouble.c,299 :: 		
0x00A3	0x02F3      	SUBWF      R3, 1
;__Lib_MathDouble.c,300 :: 		
0x00A4	0x1D03      	BTFSS      STATUS, 2
;__Lib_MathDouble.c,301 :: 		
0x00A5	0x1C03      	BTFSS      STATUS, 0
;__Lib_MathDouble.c,302 :: 		
0x00A6	0x28C8      	GOTO       JMPSETFUN32
;__Lib_MathDouble.c,303 :: 		
0x00A7	0x1003      	BCF        STATUS, 0
;__Lib_MathDouble.c,304 :: 		
NORM4032A:
;__Lib_MathDouble.c,305 :: 		
0x00A8	0x1BF2      	BTFSC      R2, 7
;__Lib_MathDouble.c,306 :: 		
0x00A9	0x28B1      	GOTO       NRMRND4032
;__Lib_MathDouble.c,307 :: 		
0x00AA	0x0DF8      	RLF        R8, 1
;__Lib_MathDouble.c,308 :: 		
0x00AB	0x0DF0      	RLF        R0, 1
;__Lib_MathDouble.c,309 :: 		
0x00AC	0x0DF1      	RLF        R1, 1
;__Lib_MathDouble.c,310 :: 		
0x00AD	0x0DF2      	RLF        R2, 1
;__Lib_MathDouble.c,311 :: 		
0x00AE	0x0BF3      	DECFSZ     R3, 1
;__Lib_MathDouble.c,312 :: 		
0x00AF	0x28A8      	GOTO       NORM4032A
;__Lib_MathDouble.c,313 :: 		
0x00B0	0x28C8      	GOTO       JMPSETFUN32
;__Lib_MathDouble.c,314 :: 		
NRMRND4032:
;__Lib_MathDouble.c,315 :: 		
0x00B1	0x1B7B      	BTFSC      R11, 6
;__Lib_MathDouble.c,316 :: 		
0x00B2	0x1C70      	BTFSS      R0, 0
;__Lib_MathDouble.c,317 :: 		
0x00B3	0x28CC      	GOTO       JMPFIXSIGN32
;__Lib_MathDouble.c,318 :: 		
0x00B4	0x1FF8      	BTFSS      R8, 7
;__Lib_MathDouble.c,319 :: 		
0x00B5	0x28CC      	GOTO       JMPFIXSIGN32
;__Lib_MathDouble.c,320 :: 		
0x00B6	0x0AF0      	INCF       R0, 1
;__Lib_MathDouble.c,321 :: 		
0x00B7	0x1903      	BTFSC      STATUS, 2
;__Lib_MathDouble.c,322 :: 		
0x00B8	0x0AF1      	INCF       R1, 1
;__Lib_MathDouble.c,323 :: 		
0x00B9	0x1903      	BTFSC      STATUS, 2
;__Lib_MathDouble.c,324 :: 		
0x00BA	0x0AF2      	INCF       R2, 1
;__Lib_MathDouble.c,325 :: 		
0x00BB	0x1D03      	BTFSS      STATUS, 2
;__Lib_MathDouble.c,326 :: 		
0x00BC	0x28CC      	GOTO       JMPFIXSIGN32
;__Lib_MathDouble.c,327 :: 		
0x00BD	0x0CF2      	RRF        R2, 1
;__Lib_MathDouble.c,328 :: 		
0x00BE	0x0CF1      	RRF        R1, 1
;__Lib_MathDouble.c,329 :: 		
0x00BF	0x0CF0      	RRF        R0, 1
;__Lib_MathDouble.c,330 :: 		
0x00C0	0x0AF3      	INCF       R3, 1
;__Lib_MathDouble.c,331 :: 		
0x00C1	0x1903      	BTFSC      STATUS, 2
;__Lib_MathDouble.c,332 :: 		
0x00C2	0x28D0      	GOTO       JMPSETFOV32
;__Lib_MathDouble.c,333 :: 		
0x00C3	0x28CC      	GOTO       JMPFIXSIGN32
;__Lib_MathDouble.c,334 :: 		
JMPRES032:
;__Lib_MathDouble.c,335 :: 		
0x00C4	0x3001      	MOVLW      1
;__Lib_MathDouble.c,336 :: 		
0x00C5	0x00FC      	MOVWF      R12
;__Lib_MathDouble.c,338 :: 		
0x00C6	0x2018      	CALL       _RES032
;__Lib_MathDouble.c,340 :: 		
0x00C7	0x28D3      	GOTO       NRM4032EEE
;__Lib_MathDouble.c,341 :: 		
JMPSETFUN32:
;__Lib_MathDouble.c,342 :: 		
0x00C8	0x3002      	MOVLW      2
;__Lib_MathDouble.c,343 :: 		
0x00C9	0x00FC      	MOVWF      R12
;__Lib_MathDouble.c,345 :: 		
0x00CA	0x2063      	CALL       _SETFUN32
;__Lib_MathDouble.c,347 :: 		
0x00CB	0x28D3      	GOTO       NRM4032EEE
;__Lib_MathDouble.c,348 :: 		
JMPFIXSIGN32:
;__Lib_MathDouble.c,349 :: 		
0x00CC	0x3004      	MOVLW      4
;__Lib_MathDouble.c,350 :: 		
0x00CD	0x00FC      	MOVWF      R12
;__Lib_MathDouble.c,352 :: 		
0x00CE	0x205F      	CALL       _FIXSIGN32
;__Lib_MathDouble.c,354 :: 		
0x00CF	0x28D3      	GOTO       NRM4032EEE
;__Lib_MathDouble.c,355 :: 		
JMPSETFOV32:
;__Lib_MathDouble.c,356 :: 		
0x00D0	0x3008      	MOVLW      8
;__Lib_MathDouble.c,357 :: 		
0x00D1	0x00FC      	MOVWF      R12
;__Lib_MathDouble.c,359 :: 		
0x00D2	0x206F      	CALL       _SETFOV32
;__Lib_MathDouble.c,361 :: 		
NRM4032EEE:
;__Lib_MathDouble.c,362 :: 		
0x00D3	0x0000      	NOP
;__Lib_MathDouble.c,370 :: 		
L_end_NRM4032:
0x00D4	0x0008      	RETURN
; end of _NRM4032
_Div_8X8_S:
;__Lib_Math.c,607 :: 		
;__Lib_Math.c,615 :: 		
0x00D5	0x1283      	BCF        STATUS, 5
;__Lib_Math.c,616 :: 		
0x00D6	0x1303      	BCF        STATUS, 6
;__Lib_Math.c,617 :: 		
0x00D7	0x01FD      	CLRF       R13
;__Lib_Math.c,618 :: 		
0x00D8	0x01F8      	CLRF       R8
;__Lib_Math.c,619 :: 		
0x00D9	0x0870      	MOVF       R0, 0
;__Lib_Math.c,620 :: 		
0x00DA	0x1903      	BTFSC      STATUS, 2
;__Lib_Math.c,621 :: 		
0x00DB	0x3400      	RETLW      0
;__Lib_Math.c,622 :: 		
0x00DC	0x0674      	XORWF      R4, 0
;__Lib_Math.c,623 :: 		
0x00DD	0x00FA      	MOVWF      R10
;__Lib_Math.c,624 :: 		
0x00DE	0x1BFA      	BTFSC      R10, 7
;__Lib_Math.c,625 :: 		
0x00DF	0x09FD      	COMF       R13, 1
;__Lib_Math.c,626 :: 		
0x00E0	0x01FB      	CLRF       R11
;__Lib_Math.c,627 :: 		
0x00E1	0x1FF4      	BTFSS      R4, 7
;__Lib_Math.c,628 :: 		
0x00E2	0x28E5      	GOTO       $+3
;__Lib_Math.c,629 :: 		
0x00E3	0x09F4      	COMF       R4, 1
;__Lib_Math.c,630 :: 		
0x00E4	0x0AF4      	INCF       R4, 1
;__Lib_Math.c,631 :: 		
0x00E5	0x1FF0      	BTFSS      R0, 7
;__Lib_Math.c,632 :: 		
0x00E6	0x28E9      	GOTO       $+3
;__Lib_Math.c,633 :: 		
0x00E7	0x09F0      	COMF       R0, 1
;__Lib_Math.c,634 :: 		
0x00E8	0x0AF0      	INCF       R0, 1
;__Lib_Math.c,635 :: 		
0x00E9	0x0870      	MOVF       R0, 0
;__Lib_Math.c,636 :: 		
0x00EA	0x0474      	IORWF      R4, 0
;__Lib_Math.c,637 :: 		
0x00EB	0x00FA      	MOVWF      R10
;__Lib_Math.c,638 :: 		
0x00EC	0x1BFA      	BTFSC      R10, 7
;__Lib_Math.c,639 :: 		
0x00ED	0x290D      	GOTO       $+32
;__Lib_Math.c,640 :: 		
0x00EE	0x0874      	MOVF       R4, 0
;__Lib_Math.c,641 :: 		
0x00EF	0x02F8      	SUBWF      R8, 1
;__Lib_Math.c,642 :: 		
0x00F0	0x0DF0      	RLF        R0, 1
;__Lib_Math.c,643 :: 		
0x00F1	0x0D70      	RLF        R0, 0
;__Lib_Math.c,644 :: 		
0x00F2	0x0DF8      	RLF        R8, 1
;__Lib_Math.c,645 :: 		
0x00F3	0x0874      	MOVF       R4, 0
;__Lib_Math.c,646 :: 		
0x00F4	0x07F8      	ADDWF      R8, 1
;__Lib_Math.c,647 :: 		
0x00F5	0x0DF0      	RLF        R0, 1
;__Lib_Math.c,648 :: 		
0x00F6	0x3006      	MOVLW      6
;__Lib_Math.c,649 :: 		
0x00F7	0x00FC      	MOVWF      R12
;__Lib_Math.c,650 :: 		
0x00F8	0x0D70      	RLF        R0, 0
;__Lib_Math.c,651 :: 		
0x00F9	0x0DF8      	RLF        R8, 1
;__Lib_Math.c,652 :: 		
0x00FA	0x0874      	MOVF       R4, 0
;__Lib_Math.c,653 :: 		
0x00FB	0x1870      	BTFSC      R0, 0
;__Lib_Math.c,654 :: 		
0x00FC	0x02F8      	SUBWF      R8, 1
;__Lib_Math.c,655 :: 		
0x00FD	0x1C70      	BTFSS      R0, 0
;__Lib_Math.c,656 :: 		
0x00FE	0x07F8      	ADDWF      R8, 1
;__Lib_Math.c,657 :: 		
0x00FF	0x0DF0      	RLF        R0, 1
;__Lib_Math.c,658 :: 		
0x0100	0x0BFC      	DECFSZ     R12, 1
;__Lib_Math.c,659 :: 		
0x0101	0x28F8      	GOTO       $-9
;__Lib_Math.c,660 :: 		
0x0102	0x1C70      	BTFSS      R0, 0
;__Lib_Math.c,661 :: 		
0x0103	0x07F8      	ADDWF      R8, 1
;__Lib_Math.c,662 :: 		
0x0104	0x187B      	BTFSC      R11, 0
;__Lib_Math.c,663 :: 		
0x0105	0x291B      	GOTO       $+22
;__Lib_Math.c,664 :: 		
0x0106	0x1FFD      	BTFSS      R13, 7
;__Lib_Math.c,665 :: 		
0x0107	0x3400      	RETLW      0
;__Lib_Math.c,666 :: 		
0x0108	0x09F0      	COMF       R0, 1
;__Lib_Math.c,667 :: 		
0x0109	0x0AF0      	INCF       R0, 1
;__Lib_Math.c,668 :: 		
0x010A	0x09F8      	COMF       R8, 1
;__Lib_Math.c,669 :: 		
0x010B	0x0AF8      	INCF       R8, 1
;__Lib_Math.c,670 :: 		
0x010C	0x3400      	RETLW      0
;__Lib_Math.c,671 :: 		
0x010D	0x1FF4      	BTFSS      R4, 7
;__Lib_Math.c,672 :: 		
0x010E	0x2918      	GOTO       $+10
;__Lib_Math.c,673 :: 		
0x010F	0x1BF0      	BTFSC      R0, 7
;__Lib_Math.c,674 :: 		
0x0110	0x2915      	GOTO       $+5
;__Lib_Math.c,675 :: 		
0x0111	0x0870      	MOVF       R0, 0
;__Lib_Math.c,676 :: 		
0x0112	0x00F8      	MOVWF      R8
;__Lib_Math.c,677 :: 		
0x0113	0x01F0      	CLRF       R0
;__Lib_Math.c,678 :: 		
0x0114	0x2906      	GOTO       $-14
;__Lib_Math.c,679 :: 		
0x0115	0x01F0      	CLRF       R0
;__Lib_Math.c,680 :: 		
0x0116	0x0AF0      	INCF       R0, 1
;__Lib_Math.c,681 :: 		
0x0117	0x3400      	RETLW      0
;__Lib_Math.c,682 :: 		
0x0118	0x09F0      	COMF       R0, 1
;__Lib_Math.c,683 :: 		
0x0119	0x0AFB      	INCF       R11, 1
;__Lib_Math.c,684 :: 		
0x011A	0x28EE      	GOTO       $-44
;__Lib_Math.c,685 :: 		
0x011B	0x0AF8      	INCF       R8, 1
;__Lib_Math.c,686 :: 		
0x011C	0x0874      	MOVF       R4, 0
;__Lib_Math.c,687 :: 		
0x011D	0x0278      	SUBWF      R8, 0
;__Lib_Math.c,688 :: 		
0x011E	0x1D03      	BTFSS      STATUS, 2
;__Lib_Math.c,689 :: 		
0x011F	0x2906      	GOTO       $-25
;__Lib_Math.c,690 :: 		
0x0120	0x01F8      	CLRF       R8
;__Lib_Math.c,691 :: 		
0x0121	0x0AF0      	INCF       R0, 1
;__Lib_Math.c,692 :: 		
0x0122	0x1FF0      	BTFSS      R0, 7
;__Lib_Math.c,693 :: 		
0x0123	0x2906      	GOTO       $-29
;__Lib_Math.c,694 :: 		
0x0124	0x34FF      	RETLW      255
;__Lib_Math.c,696 :: 		
L_end_Div_8X8_S:
0x0125	0x0008      	RETURN
; end of _Div_8X8_S
_strcpy:
;__Lib_CString.c,126 :: 		
;__Lib_CString.c,129 :: 		
0x0126	0x1283      	BCF        STATUS, 5
0x0127	0x1303      	BCF        STATUS, 6
0x0128	0x0851      	MOVF       FARG_strcpy_to, 0
0x0129	0x00F2      	MOVWF      R2
;__Lib_CString.c,130 :: 		
L_strcpy34:
0x012A	0x0872      	MOVF       R2, 0
0x012B	0x00F1      	MOVWF      R1
0x012C	0x0AF2      	INCF       R2, 1
0x012D	0x0852      	MOVF       FARG_strcpy_from, 0
0x012E	0x00F0      	MOVWF      R0
0x012F	0x0AD2      	INCF       FARG_strcpy_from, 1
0x0130	0x0870      	MOVF       R0, 0
0x0131	0x0084      	MOVWF      FSR
0x0132	0x0800      	MOVF       INDF, 0
0x0133	0x00F0      	MOVWF      R0
0x0134	0x0871      	MOVF       R1, 0
0x0135	0x0084      	MOVWF      FSR
0x0136	0x0870      	MOVF       R0, 0
0x0137	0x0080      	MOVWF      INDF
0x0138	0x0871      	MOVF       R1, 0
0x0139	0x0084      	MOVWF      FSR
0x013A	0x0800      	MOVF       INDF, 0
0x013B	0x1903      	BTFSC      STATUS, 2
0x013C	0x293E      	GOTO       L_strcpy35
;__Lib_CString.c,131 :: 		
0x013D	0x292A      	GOTO       L_strcpy34
L_strcpy35:
;__Lib_CString.c,132 :: 		
0x013E	0x0851      	MOVF       FARG_strcpy_to, 0
0x013F	0x00F0      	MOVWF      R0
;__Lib_CString.c,133 :: 		
L_end_strcpy:
0x0140	0x0008      	RETURN
; end of _strcpy
_SETFDZ32:
;__Lib_MathDouble.c,102 :: 		
;__Lib_MathDouble.c,105 :: 		
0x0141	0x15FB      	BSF        R11, 3
;__Lib_MathDouble.c,106 :: 		
0x0142	0x30FF      	MOVLW      255
;__Lib_MathDouble.c,108 :: 		
L_end_SETFDZ32:
0x0143	0x0008      	RETURN
; end of _SETFDZ32
_Lcd_Chr_CP:
;__Lib_Lcd.c,50 :: 		
;__Lib_Lcd.c,52 :: 		
0x0144	0x1283      	BCF        STATUS, 5
0x0145	0x1303      	BCF        STATUS, 6
0x0146	0x102B      	BCF        __Lib_Lcd_cmd_status, BitPos(__Lib_Lcd_cmd_status+0)
;__Lib_Lcd.c,53 :: 		
0x0147	0x0851      	MOVF       FARG_Lcd_Chr_CP_out_char, 0
0x0148	0x00D3      	MOVWF      FARG_Lcd_Cmd_out_char
0x0149	0x201F      	CALL       _Lcd_Cmd
;__Lib_Lcd.c,54 :: 		
0x014A	0x142B      	BSF        __Lib_Lcd_cmd_status, BitPos(__Lib_Lcd_cmd_status+0)
;__Lib_Lcd.c,55 :: 		
L_end_Lcd_Chr_CP:
0x014B	0x0008      	RETURN
; end of _Lcd_Chr_CP
_Compare_Double:
;__Lib_MathDouble.c,2053 :: 		
;__Lib_MathDouble.c,2062 :: 		
;__Lib_MathDouble.c,2064 :: 		
0x014C	0x1283      	BCF        STATUS, 5
;__Lib_MathDouble.c,2065 :: 		
0x014D	0x1303      	BCF        STATUS, 6
;__Lib_MathDouble.c,2067 :: 		
0x014E	0x01FA      	CLRF       R10
;__Lib_MathDouble.c,2068 :: 		
0x014F	0x0873      	MOVF       R3, 0
;__Lib_MathDouble.c,2069 :: 		
0x0150	0x1D03      	BTFSS      STATUS, 2
;__Lib_MathDouble.c,2070 :: 		
0x0151	0x147A      	BSF        R10, 0
;__Lib_MathDouble.c,2071 :: 		
0x0152	0x0877      	MOVF       R7, 0
;__Lib_MathDouble.c,2072 :: 		
0x0153	0x1D03      	BTFSS      STATUS, 2
;__Lib_MathDouble.c,2073 :: 		
0x0154	0x14FA      	BSF        R10, 1
;__Lib_MathDouble.c,2075 :: 		
0x0155	0x087A      	MOVF       R10, 0
;__Lib_MathDouble.c,2076 :: 		
0x0156	0x1903      	BTFSC      STATUS, 2
;__Lib_MathDouble.c,2077 :: 		
0x0157	0x2998      	GOTO       COMPARE_EQU
;__Lib_MathDouble.c,2078 :: 		
0x0158	0x3A03      	XORLW      3
;__Lib_MathDouble.c,2079 :: 		
0x0159	0x1903      	BTFSC      STATUS, 2
;__Lib_MathDouble.c,2080 :: 		
0x015A	0x2963      	GOTO       COMPARE_NOTZERO
;__Lib_MathDouble.c,2082 :: 		
0x015B	0x187A      	BTFSC      R10, 0
;__Lib_MathDouble.c,2083 :: 		
0x015C	0x2960      	GOTO       COMPARE_XNOTZERO
;__Lib_MathDouble.c,2085 :: 		
0x015D	0x1FF6      	BTFSS      R6, 7
;__Lib_MathDouble.c,2086 :: 		
0x015E	0x2996      	GOTO       COMPARE_LT
;__Lib_MathDouble.c,2087 :: 		
0x015F	0x2994      	GOTO       COMPARE_GT
;__Lib_MathDouble.c,2088 :: 		
COMPARE_XNOTZERO:
;__Lib_MathDouble.c,2089 :: 		
0x0160	0x1FF2      	BTFSS      R2, 7
;__Lib_MathDouble.c,2090 :: 		
0x0161	0x2994      	GOTO       COMPARE_GT
;__Lib_MathDouble.c,2091 :: 		
0x0162	0x2996      	GOTO       COMPARE_LT
;__Lib_MathDouble.c,2093 :: 		
COMPARE_NOTZERO:
;__Lib_MathDouble.c,2094 :: 		
0x0163	0x0872      	MOVF       R2, 0
;__Lib_MathDouble.c,2095 :: 		
0x0164	0x3980      	ANDLW      128
;__Lib_MathDouble.c,2096 :: 		
0x0165	0x00FA      	MOVWF      R10
;__Lib_MathDouble.c,2097 :: 		
0x0166	0x13F2      	BCF        R2, 7
;__Lib_MathDouble.c,2099 :: 		
0x0167	0x0876      	MOVF       R6, 0
;__Lib_MathDouble.c,2100 :: 		
0x0168	0x3980      	ANDLW      128
;__Lib_MathDouble.c,2101 :: 		
0x0169	0x13F6      	BCF        R6, 7
;__Lib_MathDouble.c,2103 :: 		
0x016A	0x067A      	XORWF      R10, 0
;__Lib_MathDouble.c,2104 :: 		
0x016B	0x1903      	BTFSC      STATUS, 2
;__Lib_MathDouble.c,2105 :: 		
0x016C	0x2971      	GOTO       COMPARE_TESTALL
;__Lib_MathDouble.c,2107 :: 		
0x016D	0x087A      	MOVF       R10, 0
;__Lib_MathDouble.c,2108 :: 		
0x016E	0x1903      	BTFSC      STATUS, 2
;__Lib_MathDouble.c,2109 :: 		
0x016F	0x2994      	GOTO       COMPARE_GT
;__Lib_MathDouble.c,2110 :: 		
0x0170	0x2996      	GOTO       COMPARE_LT
;__Lib_MathDouble.c,2112 :: 		
COMPARE_TESTALL:
;__Lib_MathDouble.c,2113 :: 		
0x0171	0x0877      	MOVF       R7, 0
;__Lib_MathDouble.c,2114 :: 		
0x0172	0x0273      	SUBWF      R3, 0
;__Lib_MathDouble.c,2115 :: 		
0x0173	0x1903      	BTFSC      STATUS, 2
;__Lib_MathDouble.c,2116 :: 		
0x0174	0x2978      	GOTO       COMPARE_C1
;__Lib_MathDouble.c,2117 :: 		
0x0175	0x1C03      	BTFSS      STATUS, 0
;__Lib_MathDouble.c,2118 :: 		
0x0176	0x298C      	GOTO       GT_FALSE
;__Lib_MathDouble.c,2119 :: 		
0x0177	0x2990      	GOTO       GT_TRUE
;__Lib_MathDouble.c,2120 :: 		
COMPARE_C1:
;__Lib_MathDouble.c,2121 :: 		
0x0178	0x0876      	MOVF       R6, 0
;__Lib_MathDouble.c,2122 :: 		
0x0179	0x0272      	SUBWF      R2, 0
;__Lib_MathDouble.c,2123 :: 		
0x017A	0x1903      	BTFSC      STATUS, 2
;__Lib_MathDouble.c,2124 :: 		
0x017B	0x297F      	GOTO       COMPARE_C2
;__Lib_MathDouble.c,2125 :: 		
0x017C	0x1C03      	BTFSS      STATUS, 0
;__Lib_MathDouble.c,2126 :: 		
0x017D	0x298C      	GOTO       GT_FALSE
;__Lib_MathDouble.c,2127 :: 		
0x017E	0x2990      	GOTO       GT_TRUE
;__Lib_MathDouble.c,2128 :: 		
COMPARE_C2:
;__Lib_MathDouble.c,2129 :: 		
0x017F	0x0875      	MOVF       R5, 0
;__Lib_MathDouble.c,2130 :: 		
0x0180	0x0271      	SUBWF      R1, 0
;__Lib_MathDouble.c,2131 :: 		
0x0181	0x1903      	BTFSC      STATUS, 2
;__Lib_MathDouble.c,2132 :: 		
0x0182	0x2986      	GOTO       COMPARE_C3
;__Lib_MathDouble.c,2133 :: 		
0x0183	0x1C03      	BTFSS      STATUS, 0
;__Lib_MathDouble.c,2134 :: 		
0x0184	0x298C      	GOTO       GT_FALSE
;__Lib_MathDouble.c,2135 :: 		
0x0185	0x2990      	GOTO       GT_TRUE
;__Lib_MathDouble.c,2136 :: 		
COMPARE_C3:
;__Lib_MathDouble.c,2137 :: 		
0x0186	0x0874      	MOVF       R4, 0
;__Lib_MathDouble.c,2138 :: 		
0x0187	0x0270      	SUBWF      R0, 0
;__Lib_MathDouble.c,2139 :: 		
0x0188	0x1903      	BTFSC      STATUS, 2
;__Lib_MathDouble.c,2140 :: 		
0x0189	0x2998      	GOTO       COMPARE_EQU
;__Lib_MathDouble.c,2141 :: 		
0x018A	0x1803      	BTFSC      STATUS, 0
;__Lib_MathDouble.c,2142 :: 		
0x018B	0x2990      	GOTO       GT_TRUE
;__Lib_MathDouble.c,2144 :: 		
GT_FALSE:
;__Lib_MathDouble.c,2145 :: 		
0x018C	0x08FA      	MOVF       R10, 1
;__Lib_MathDouble.c,2146 :: 		
0x018D	0x1903      	BTFSC      STATUS, 2
;__Lib_MathDouble.c,2147 :: 		
0x018E	0x2996      	GOTO       COMPARE_LT
;__Lib_MathDouble.c,2148 :: 		
0x018F	0x2994      	GOTO       COMPARE_GT
;__Lib_MathDouble.c,2149 :: 		
GT_TRUE:
;__Lib_MathDouble.c,2150 :: 		
0x0190	0x08FA      	MOVF       R10, 1
;__Lib_MathDouble.c,2151 :: 		
0x0191	0x1903      	BTFSC      STATUS, 2
;__Lib_MathDouble.c,2152 :: 		
0x0192	0x2994      	GOTO       COMPARE_GT
;__Lib_MathDouble.c,2153 :: 		
0x0193	0x2996      	GOTO       COMPARE_LT
;__Lib_MathDouble.c,2155 :: 		
COMPARE_GT:
;__Lib_MathDouble.c,2158 :: 		
0x0194	0x1403      	BSF        STATUS, 0
;__Lib_MathDouble.c,2159 :: 		
0x0195	0x0008      	RETURN
;__Lib_MathDouble.c,2160 :: 		
COMPARE_LT:
;__Lib_MathDouble.c,2163 :: 		
0x0196	0x1003      	BCF        STATUS, 0
;__Lib_MathDouble.c,2164 :: 		
0x0197	0x0008      	RETURN
;__Lib_MathDouble.c,2165 :: 		
COMPARE_EQU:
;__Lib_MathDouble.c,2168 :: 		
0x0198	0x1403      	BSF        STATUS, 0
;__Lib_MathDouble.c,2169 :: 		
0x0199	0x1503      	BSF        STATUS, 2
;__Lib_MathDouble.c,2170 :: 		
0x019A	0x0008      	RETURN
;__Lib_MathDouble.c,2172 :: 		
L_end_Compare_Double:
0x019B	0x0008      	RETURN
; end of _Compare_Double
_Mul_32x32_FP:
;__Lib_MathDouble.c,610 :: 		
;__Lib_MathDouble.c,622 :: 		
;__Lib_MathDouble.c,624 :: 		
0x019C	0x1283      	BCF        STATUS, 5
;__Lib_MathDouble.c,625 :: 		
0x019D	0x1303      	BCF        STATUS, 6
;__Lib_MathDouble.c,627 :: 		
0x019E	0x01FB      	CLRF       R11
;__Lib_MathDouble.c,628 :: 		
0x019F	0x0873      	MOVF       R3, 0
;__Lib_MathDouble.c,629 :: 		
0x01A0	0x1D03      	BTFSS      STATUS, 2
;__Lib_MathDouble.c,630 :: 		
0x01A1	0x0877      	MOVF       R7, 0
;__Lib_MathDouble.c,631 :: 		
0x01A2	0x1903      	BTFSC      STATUS, 2
;__Lib_MathDouble.c,632 :: 		
0x01A3	0x29F3      	GOTO       JPMRES032
;__Lib_MathDouble.c,634 :: 		
0x01A4	0x0872      	MOVF       R2, 0
;__Lib_MathDouble.c,635 :: 		
0x01A5	0x0676      	XORWF      R6, 0
;__Lib_MathDouble.c,636 :: 		
0x01A6	0x00FA      	MOVWF      R10
;__Lib_MathDouble.c,637 :: 		
0x01A7	0x0877      	MOVF       R7, 0
;__Lib_MathDouble.c,638 :: 		
0x01A8	0x07F3      	ADDWF      R3, 1
;__Lib_MathDouble.c,639 :: 		
0x01A9	0x307E      	MOVLW      126
;__Lib_MathDouble.c,640 :: 		
0x01AA	0x1C03      	BTFSS      STATUS, 0
;__Lib_MathDouble.c,641 :: 		
0x01AB	0x29B0      	GOTO       MTUN32
;__Lib_MathDouble.c,642 :: 		
0x01AC	0x02F3      	SUBWF      R3, 1
;__Lib_MathDouble.c,643 :: 		
0x01AD	0x1803      	BTFSC      STATUS, 0
;__Lib_MathDouble.c,644 :: 		
0x01AE	0x29F6      	GOTO       JPMSETFOV32
;__Lib_MathDouble.c,645 :: 		
0x01AF	0x29B3      	GOTO       MOK32
;__Lib_MathDouble.c,646 :: 		
MTUN32:
;__Lib_MathDouble.c,647 :: 		
0x01B0	0x02F3      	SUBWF      R3, 1
;__Lib_MathDouble.c,648 :: 		
0x01B1	0x1C03      	BTFSS      STATUS, 0
;__Lib_MathDouble.c,649 :: 		
0x01B2	0x29F9      	GOTO       JPMSETFUN32
;__Lib_MathDouble.c,650 :: 		
MOK32:
;__Lib_MathDouble.c,651 :: 		
0x01B3	0x0872      	MOVF       R2, 0
;__Lib_MathDouble.c,652 :: 		
0x01B4	0x00F8      	MOVWF      R8
;__Lib_MathDouble.c,653 :: 		
0x01B5	0x0871      	MOVF       R1, 0
;__Lib_MathDouble.c,654 :: 		
0x01B6	0x00FC      	MOVWF      R12
;__Lib_MathDouble.c,655 :: 		
0x01B7	0x0870      	MOVF       R0, 0
;__Lib_MathDouble.c,656 :: 		
0x01B8	0x00FD      	MOVWF      R13
;__Lib_MathDouble.c,657 :: 		
0x01B9	0x17F8      	BSF        R8, 7
;__Lib_MathDouble.c,658 :: 		
0x01BA	0x17F6      	BSF        R6, 7
;__Lib_MathDouble.c,659 :: 		
0x01BB	0x1003      	BCF        STATUS, 0
;__Lib_MathDouble.c,660 :: 		
0x01BC	0x01F2      	CLRF       R2
;__Lib_MathDouble.c,661 :: 		
0x01BD	0x01F1      	CLRF       R1
;__Lib_MathDouble.c,662 :: 		
0x01BE	0x01F0      	CLRF       R0
;__Lib_MathDouble.c,663 :: 		
0x01BF	0x3018      	MOVLW      24
;__Lib_MathDouble.c,664 :: 		
0x01C0	0x00A0      	MOVWF      __math_tempbD
;__Lib_MathDouble.c,665 :: 		
MLOOP32:
;__Lib_MathDouble.c,666 :: 		
0x01C1	0x1C7D      	BTFSS      R13, 0
;__Lib_MathDouble.c,667 :: 		
0x01C2	0x29CD      	GOTO       MNOADD32
;__Lib_MathDouble.c,669 :: 		
0x01C3	0x0874      	MOVF       R4, 0
;__Lib_MathDouble.c,670 :: 		
0x01C4	0x07F0      	ADDWF      R0, 1
;__Lib_MathDouble.c,671 :: 		
0x01C5	0x0875      	MOVF       R5, 0
;__Lib_MathDouble.c,672 :: 		
0x01C6	0x1803      	BTFSC      STATUS, 0
;__Lib_MathDouble.c,673 :: 		
0x01C7	0x0F75      	INCFSZ     R5, 0
;__Lib_MathDouble.c,674 :: 		
0x01C8	0x07F1      	ADDWF      R1, 1
;__Lib_MathDouble.c,675 :: 		
0x01C9	0x0876      	MOVF       R6, 0
;__Lib_MathDouble.c,676 :: 		
0x01CA	0x1803      	BTFSC      STATUS, 0
;__Lib_MathDouble.c,677 :: 		
0x01CB	0x0F76      	INCFSZ     R6, 0
;__Lib_MathDouble.c,678 :: 		
0x01CC	0x07F2      	ADDWF      R2, 1
;__Lib_MathDouble.c,679 :: 		
MNOADD32:
;__Lib_MathDouble.c,680 :: 		
0x01CD	0x0CF2      	RRF        R2, 1
;__Lib_MathDouble.c,681 :: 		
0x01CE	0x0CF1      	RRF        R1, 1
;__Lib_MathDouble.c,682 :: 		
0x01CF	0x0CF0      	RRF        R0, 1
;__Lib_MathDouble.c,683 :: 		
0x01D0	0x0CF8      	RRF        R8, 1
;__Lib_MathDouble.c,684 :: 		
0x01D1	0x0CFC      	RRF        R12, 1
;__Lib_MathDouble.c,685 :: 		
0x01D2	0x0CFD      	RRF        R13, 1
;__Lib_MathDouble.c,686 :: 		
0x01D3	0x1003      	BCF        STATUS, 0
;__Lib_MathDouble.c,687 :: 		
0x01D4	0x0BA0      	DECFSZ     __math_tempbD, 1
;__Lib_MathDouble.c,688 :: 		
0x01D5	0x29C1      	GOTO       MLOOP32
;__Lib_MathDouble.c,689 :: 		
0x01D6	0x1BF2      	BTFSC      R2, 7
;__Lib_MathDouble.c,690 :: 		
0x01D7	0x29DD      	GOTO       MROUND32
;__Lib_MathDouble.c,691 :: 		
0x01D8	0x0DF8      	RLF        R8, 1
;__Lib_MathDouble.c,692 :: 		
0x01D9	0x0DF0      	RLF        R0, 1
;__Lib_MathDouble.c,693 :: 		
0x01DA	0x0DF1      	RLF        R1, 1
;__Lib_MathDouble.c,694 :: 		
0x01DB	0x0DF2      	RLF        R2, 1
;__Lib_MathDouble.c,695 :: 		
0x01DC	0x03F3      	DECF       R3, 1
;__Lib_MathDouble.c,696 :: 		
MROUND32:
;__Lib_MathDouble.c,697 :: 		
0x01DD	0x1B7B      	BTFSC      R11, 6
;__Lib_MathDouble.c,698 :: 		
0x01DE	0x1C70      	BTFSS      R0, 0
;__Lib_MathDouble.c,699 :: 		
0x01DF	0x29EF      	GOTO       MUL32OK
;__Lib_MathDouble.c,700 :: 		
0x01E0	0x1FF8      	BTFSS      R8, 7
;__Lib_MathDouble.c,701 :: 		
0x01E1	0x29EF      	GOTO       MUL32OK
;__Lib_MathDouble.c,702 :: 		
0x01E2	0x0AF0      	INCF       R0, 1
;__Lib_MathDouble.c,703 :: 		
0x01E3	0x1903      	BTFSC      STATUS, 2
;__Lib_MathDouble.c,704 :: 		
0x01E4	0x0AF1      	INCF       R1, 1
;__Lib_MathDouble.c,705 :: 		
0x01E5	0x1903      	BTFSC      STATUS, 2
;__Lib_MathDouble.c,706 :: 		
0x01E6	0x0AF2      	INCF       R2, 1
;__Lib_MathDouble.c,707 :: 		
0x01E7	0x1D03      	BTFSS      STATUS, 2
;__Lib_MathDouble.c,708 :: 		
0x01E8	0x29EF      	GOTO       MUL32OK
;__Lib_MathDouble.c,709 :: 		
0x01E9	0x0CF2      	RRF        R2, 1
;__Lib_MathDouble.c,710 :: 		
0x01EA	0x0CF1      	RRF        R1, 1
;__Lib_MathDouble.c,711 :: 		
0x01EB	0x0CF0      	RRF        R0, 1
;__Lib_MathDouble.c,712 :: 		
0x01EC	0x0AF3      	INCF       R3, 1
;__Lib_MathDouble.c,713 :: 		
0x01ED	0x1903      	BTFSC      STATUS, 2
;__Lib_MathDouble.c,714 :: 		
0x01EE	0x29F6      	GOTO       JPMSETFOV32
;__Lib_MathDouble.c,715 :: 		
MUL32OK:
;__Lib_MathDouble.c,716 :: 		
0x01EF	0x1FFA      	BTFSS      R10, 7
;__Lib_MathDouble.c,717 :: 		
0x01F0	0x13F2      	BCF        R2, 7
;__Lib_MathDouble.c,718 :: 		
0x01F1	0x3000      	MOVLW      0
;__Lib_MathDouble.c,720 :: 		
0x01F2	0x29FB      	GOTO       MUL32EEE
;__Lib_MathDouble.c,721 :: 		
JPMRES032:
;__Lib_MathDouble.c,722 :: 		
0x01F3	0x3001      	MOVLW      1
;__Lib_MathDouble.c,725 :: 		
0x01F4	0x2018      	CALL       _RES032
;__Lib_MathDouble.c,727 :: 		
0x01F5	0x29FB      	GOTO       MUL32EEE
;__Lib_MathDouble.c,728 :: 		
JPMSETFOV32:
;__Lib_MathDouble.c,729 :: 		
0x01F6	0x3002      	MOVLW      2
;__Lib_MathDouble.c,732 :: 		
0x01F7	0x206F      	CALL       _SETFOV32
;__Lib_MathDouble.c,734 :: 		
0x01F8	0x29FB      	GOTO       MUL32EEE
;__Lib_MathDouble.c,735 :: 		
JPMSETFUN32:
;__Lib_MathDouble.c,736 :: 		
0x01F9	0x3004      	MOVLW      4
;__Lib_MathDouble.c,739 :: 		
0x01FA	0x2063      	CALL       _SETFUN32
;__Lib_MathDouble.c,741 :: 		
MUL32EEE:
;__Lib_MathDouble.c,742 :: 		
0x01FB	0x0000      	NOP
;__Lib_MathDouble.c,749 :: 		
L_end_Mul_32x32_FP:
0x01FC	0x0008      	RETURN
; end of _Mul_32x32_FP
_____DoICP:
;__Lib_System.c,6 :: 		
;__Lib_System.c,9 :: 		
0x01FD	0x1283      	BCF        STATUS, 5
0x01FE	0x1303      	BCF        STATUS, 6
0x01FF	0x082D      	MOVF       ___DoICPAddr+1, 0
0x0200	0x008A      	MOVWF      PCLATH
;__Lib_System.c,10 :: 		
0x0201	0x082C      	MOVF       ___DoICPAddr, 0
0x0202	0x0082      	MOVWF      PCL
;__Lib_System.c,12 :: 		
L_end_____DoICP:
0x0203	0x0008      	RETURN
; end of _____DoICP
_Div_32x32_FP:
;__Lib_MathDouble.c,761 :: 		
;__Lib_MathDouble.c,773 :: 		
;__Lib_MathDouble.c,776 :: 		
0x0204	0x1283      	BCF        STATUS, 5
0x0205	0x1303      	BCF        STATUS, 6
0x0206	0x0874      	MOVF       R4, 0
0x0207	0x3A00      	XORLW      0
0x0208	0x1D03      	BTFSS      STATUS, 2
0x0209	0x2A1F      	GOTO       L_Div_32x32_FP7
;__Lib_MathDouble.c,777 :: 		
0x020A	0x0875      	MOVF       R5, 0
0x020B	0x3A00      	XORLW      0
0x020C	0x1D03      	BTFSS      STATUS, 2
0x020D	0x2A1F      	GOTO       L_Div_32x32_FP8
;__Lib_MathDouble.c,778 :: 		
0x020E	0x0876      	MOVF       R6, 0
0x020F	0x3A00      	XORLW      0
0x0210	0x1D03      	BTFSS      STATUS, 2
0x0211	0x2A1F      	GOTO       L_Div_32x32_FP9
;__Lib_MathDouble.c,779 :: 		
0x0212	0x0877      	MOVF       R7, 0
0x0213	0x3A00      	XORLW      0
0x0214	0x1D03      	BTFSS      STATUS, 2
0x0215	0x2A1F      	GOTO       L_Div_32x32_FP10
;__Lib_MathDouble.c,780 :: 		
0x0216	0x30FF      	MOVLW      255
0x0217	0x00F0      	MOVWF      R0
;__Lib_MathDouble.c,781 :: 		
0x0218	0x30FF      	MOVLW      255
0x0219	0x00F1      	MOVWF      R1
;__Lib_MathDouble.c,782 :: 		
0x021A	0x307F      	MOVLW      127
0x021B	0x00F2      	MOVWF      R2
;__Lib_MathDouble.c,783 :: 		
0x021C	0x30FF      	MOVLW      255
0x021D	0x00F3      	MOVWF      R3
;__Lib_MathDouble.c,784 :: 		
0x021E	0x2ABA      	GOTO       L_end_Div_32x32_FP
;__Lib_MathDouble.c,785 :: 		
L_Div_32x32_FP10:
L_Div_32x32_FP9:
L_Div_32x32_FP8:
L_Div_32x32_FP7:
;__Lib_MathDouble.c,788 :: 		
0x021F	0x1283      	BCF        STATUS, 5
;__Lib_MathDouble.c,789 :: 		
0x0220	0x1303      	BCF        STATUS, 6
;__Lib_MathDouble.c,791 :: 		
0x0221	0x0877      	MOVF       R7, 0
;__Lib_MathDouble.c,792 :: 		
0x0222	0x1903      	BTFSC      STATUS, 2
;__Lib_MathDouble.c,793 :: 		
0x0223	0x2AAE      	GOTO       JPDSETFDZ32
;__Lib_MathDouble.c,795 :: 		
0x0224	0x0873      	MOVF       R3, 0
;__Lib_MathDouble.c,796 :: 		
0x0225	0x1903      	BTFSC      STATUS, 2
;__Lib_MathDouble.c,797 :: 		
0x0226	0x2AB1      	GOTO       JPDRES032
;__Lib_MathDouble.c,799 :: 		
0x0227	0x0872      	MOVF       R2, 0
;__Lib_MathDouble.c,800 :: 		
0x0228	0x0676      	XORWF      R6, 0
;__Lib_MathDouble.c,801 :: 		
0x0229	0x3980      	ANDLW      128
;__Lib_MathDouble.c,802 :: 		
0x022A	0x00FA      	MOVWF      R10
;__Lib_MathDouble.c,803 :: 		
0x022B	0x17F2      	BSF        R2, 7
;__Lib_MathDouble.c,804 :: 		
0x022C	0x17F6      	BSF        R6, 7
;__Lib_MathDouble.c,806 :: 		
0x022D	0x01A0      	CLRF       __math_tempbD
;__Lib_MathDouble.c,807 :: 		
0x022E	0x0872      	MOVF       R2, 0
;__Lib_MathDouble.c,808 :: 		
0x022F	0x00F8      	MOVWF      R8
;__Lib_MathDouble.c,809 :: 		
0x0230	0x0871      	MOVF       R1, 0
;__Lib_MathDouble.c,810 :: 		
0x0231	0x00FC      	MOVWF      R12
;__Lib_MathDouble.c,811 :: 		
0x0232	0x0870      	MOVF       R0, 0
;__Lib_MathDouble.c,812 :: 		
0x0233	0x00FD      	MOVWF      R13
;__Lib_MathDouble.c,814 :: 		
0x0234	0x0874      	MOVF       R4, 0
;__Lib_MathDouble.c,815 :: 		
0x0235	0x02FD      	SUBWF      R13, 1
;__Lib_MathDouble.c,816 :: 		
0x0236	0x0875      	MOVF       R5, 0
;__Lib_MathDouble.c,817 :: 		
0x0237	0x1C03      	BTFSS      STATUS, 0
;__Lib_MathDouble.c,818 :: 		
0x0238	0x0F75      	INCFSZ     R5, 0
;__Lib_MathDouble.c,820 :: 		
0x0239	0x02FC      	SUBWF      R12, 1
;__Lib_MathDouble.c,821 :: 		
0x023A	0x0876      	MOVF       R6, 0
;__Lib_MathDouble.c,822 :: 		
0x023B	0x1C03      	BTFSS      STATUS, 0
;__Lib_MathDouble.c,823 :: 		
0x023C	0x0F76      	INCFSZ     R6, 0
;__Lib_MathDouble.c,825 :: 		
0x023D	0x02F8      	SUBWF      R8, 1
;__Lib_MathDouble.c,826 :: 		
0x023E	0x01F8      	CLRF       R8
;__Lib_MathDouble.c,827 :: 		
0x023F	0x01FC      	CLRF       R12
;__Lib_MathDouble.c,828 :: 		
0x0240	0x01FD      	CLRF       R13
;__Lib_MathDouble.c,829 :: 		
0x0241	0x1C03      	BTFSS      STATUS, 0
;__Lib_MathDouble.c,830 :: 		
0x0242	0x2A4A      	GOTO       DALIGN32OK
;__Lib_MathDouble.c,832 :: 		
0x0243	0x1003      	BCF        STATUS, 0
;__Lib_MathDouble.c,833 :: 		
0x0244	0x0CF2      	RRF        R2, 1
;__Lib_MathDouble.c,834 :: 		
0x0245	0x0CF1      	RRF        R1, 1
;__Lib_MathDouble.c,835 :: 		
0x0246	0x0CF0      	RRF        R0, 1
;__Lib_MathDouble.c,836 :: 		
0x0247	0x0CF8      	RRF        R8, 1
;__Lib_MathDouble.c,837 :: 		
0x0248	0x3001      	MOVLW      1
;__Lib_MathDouble.c,838 :: 		
0x0249	0x00A0      	MOVWF      __math_tempbD
;__Lib_MathDouble.c,839 :: 		
DALIGN32OK:
;__Lib_MathDouble.c,840 :: 		
0x024A	0x0877      	MOVF       R7, 0
;__Lib_MathDouble.c,841 :: 		
0x024B	0x02F3      	SUBWF      R3, 1
;__Lib_MathDouble.c,842 :: 		
0x024C	0x1C03      	BTFSS      STATUS, 0
;__Lib_MathDouble.c,843 :: 		
0x024D	0x2A54      	GOTO       ALTB32
;__Lib_MathDouble.c,845 :: 		
0x024E	0x307E      	MOVLW      126
;__Lib_MathDouble.c,846 :: 		
0x024F	0x0720      	ADDWF      __math_tempbD, 0
;__Lib_MathDouble.c,847 :: 		
0x0250	0x07F3      	ADDWF      R3, 1
;__Lib_MathDouble.c,848 :: 		
0x0251	0x1803      	BTFSC      STATUS, 0
;__Lib_MathDouble.c,849 :: 		
0x0252	0x2AB4      	GOTO       JPDSETFOV32
;__Lib_MathDouble.c,850 :: 		
0x0253	0x2A59      	GOTO       DARGOK32
;__Lib_MathDouble.c,851 :: 		
ALTB32:
;__Lib_MathDouble.c,852 :: 		
0x0254	0x307E      	MOVLW      126
;__Lib_MathDouble.c,853 :: 		
0x0255	0x0720      	ADDWF      __math_tempbD, 0
;__Lib_MathDouble.c,854 :: 		
0x0256	0x07F3      	ADDWF      R3, 1
;__Lib_MathDouble.c,855 :: 		
0x0257	0x1C03      	BTFSS      STATUS, 0
;__Lib_MathDouble.c,856 :: 		
0x0258	0x2AB7      	GOTO       JPDSETFUN32
;__Lib_MathDouble.c,857 :: 		
DARGOK32:
;__Lib_MathDouble.c,858 :: 		
0x0259	0x3018      	MOVLW      24
;__Lib_MathDouble.c,860 :: 		
0x025A	0x07FA      	ADDWF      R10, 1
;__Lib_MathDouble.c,861 :: 		
DLOOP32:
;__Lib_MathDouble.c,862 :: 		
0x025B	0x0DFD      	RLF        R13, 1
;__Lib_MathDouble.c,863 :: 		
0x025C	0x0DFC      	RLF        R12, 1
;__Lib_MathDouble.c,864 :: 		
0x025D	0x0DF8      	RLF        R8, 1
;__Lib_MathDouble.c,865 :: 		
0x025E	0x0DF0      	RLF        R0, 1
;__Lib_MathDouble.c,866 :: 		
0x025F	0x0DF1      	RLF        R1, 1
;__Lib_MathDouble.c,867 :: 		
0x0260	0x0DF2      	RLF        R2, 1
;__Lib_MathDouble.c,868 :: 		
0x0261	0x0DA0      	RLF        __math_tempbD, 1
;__Lib_MathDouble.c,870 :: 		
0x0262	0x0874      	MOVF       R4, 0
;__Lib_MathDouble.c,871 :: 		
0x0263	0x02F0      	SUBWF      R0, 1
;__Lib_MathDouble.c,872 :: 		
0x0264	0x0875      	MOVF       R5, 0
;__Lib_MathDouble.c,873 :: 		
0x0265	0x1C03      	BTFSS      STATUS, 0
;__Lib_MathDouble.c,874 :: 		
0x0266	0x0F75      	INCFSZ     R5, 0
;__Lib_MathDouble.c,876 :: 		
0x0267	0x02F1      	SUBWF      R1, 1
;__Lib_MathDouble.c,877 :: 		
0x0268	0x0876      	MOVF       R6, 0
;__Lib_MathDouble.c,878 :: 		
0x0269	0x1C03      	BTFSS      STATUS, 0
;__Lib_MathDouble.c,879 :: 		
0x026A	0x0F76      	INCFSZ     R6, 0
;__Lib_MathDouble.c,881 :: 		
0x026B	0x02F2      	SUBWF      R2, 1
;__Lib_MathDouble.c,882 :: 		
0x026C	0x0D76      	RLF        R6, 0
;__Lib_MathDouble.c,883 :: 		
0x026D	0x04A0      	IORWF      __math_tempbD, 1
;__Lib_MathDouble.c,884 :: 		
0x026E	0x1C20      	BTFSS      __math_tempbD, 0
;__Lib_MathDouble.c,885 :: 		
0x026F	0x2A72      	GOTO       DREST32
;__Lib_MathDouble.c,886 :: 		
0x0270	0x147D      	BSF        R13, 0
;__Lib_MathDouble.c,887 :: 		
0x0271	0x2A7D      	GOTO       DOK32
;__Lib_MathDouble.c,888 :: 		
DREST32:
;__Lib_MathDouble.c,889 :: 		
0x0272	0x0874      	MOVF       R4, 0
;__Lib_MathDouble.c,890 :: 		
0x0273	0x07F0      	ADDWF      R0, 1
;__Lib_MathDouble.c,891 :: 		
0x0274	0x0875      	MOVF       R5, 0
;__Lib_MathDouble.c,892 :: 		
0x0275	0x1803      	BTFSC      STATUS, 0
;__Lib_MathDouble.c,893 :: 		
0x0276	0x0F75      	INCFSZ     R5, 0
;__Lib_MathDouble.c,895 :: 		
0x0277	0x07F1      	ADDWF      R1, 1
;__Lib_MathDouble.c,896 :: 		
0x0278	0x0876      	MOVF       R6, 0
;__Lib_MathDouble.c,897 :: 		
0x0279	0x1803      	BTFSC      STATUS, 0
;__Lib_MathDouble.c,898 :: 		
0x027A	0x0A76      	INCF       R6, 0
;__Lib_MathDouble.c,899 :: 		
0x027B	0x07F2      	ADDWF      R2, 1
;__Lib_MathDouble.c,900 :: 		
0x027C	0x107D      	BCF        R13, 0
;__Lib_MathDouble.c,901 :: 		
DOK32:
;__Lib_MathDouble.c,903 :: 		
0x027D	0x03FA      	DECF       R10, 1
;__Lib_MathDouble.c,904 :: 		
0x027E	0x301F      	MOVLW      31
;__Lib_MathDouble.c,905 :: 		
0x027F	0x057A      	ANDWF      R10, 0
;__Lib_MathDouble.c,906 :: 		
0x0280	0x1D03      	BTFSS      STATUS, 2
;__Lib_MathDouble.c,907 :: 		
0x0281	0x2A5B      	GOTO       DLOOP32
;__Lib_MathDouble.c,909 :: 		
0x0282	0x1B7B      	BTFSC      R11, 6
;__Lib_MathDouble.c,910 :: 		
0x0283	0x1C7D      	BTFSS      R13, 0
;__Lib_MathDouble.c,911 :: 		
0x0284	0x2AA4      	GOTO       DIV32OK
;__Lib_MathDouble.c,912 :: 		
0x0285	0x1003      	BCF        STATUS, 0
;__Lib_MathDouble.c,913 :: 		
0x0286	0x0DF0      	RLF        R0, 1
;__Lib_MathDouble.c,914 :: 		
0x0287	0x0DF1      	RLF        R1, 1
;__Lib_MathDouble.c,915 :: 		
0x0288	0x0DF2      	RLF        R2, 1
;__Lib_MathDouble.c,916 :: 		
0x0289	0x0DA0      	RLF        __math_tempbD, 1
;__Lib_MathDouble.c,918 :: 		
0x028A	0x0874      	MOVF       R4, 0
;__Lib_MathDouble.c,919 :: 		
0x028B	0x02F0      	SUBWF      R0, 1
;__Lib_MathDouble.c,920 :: 		
0x028C	0x0875      	MOVF       R5, 0
;__Lib_MathDouble.c,921 :: 		
0x028D	0x1C03      	BTFSS      STATUS, 0
;__Lib_MathDouble.c,922 :: 		
0x028E	0x0F75      	INCFSZ     R5, 0
;__Lib_MathDouble.c,923 :: 		
0x028F	0x02F1      	SUBWF      R1, 1
;__Lib_MathDouble.c,924 :: 		
0x0290	0x0876      	MOVF       R6, 0
;__Lib_MathDouble.c,925 :: 		
0x0291	0x1C03      	BTFSS      STATUS, 0
;__Lib_MathDouble.c,926 :: 		
0x0292	0x0F76      	INCFSZ     R6, 0
;__Lib_MathDouble.c,927 :: 		
0x0293	0x02F2      	SUBWF      R2, 1
;__Lib_MathDouble.c,928 :: 		
0x0294	0x0D76      	RLF        R6, 0
;__Lib_MathDouble.c,929 :: 		
0x0295	0x0420      	IORWF      __math_tempbD, 0
;__Lib_MathDouble.c,930 :: 		
0x0296	0x3901      	ANDLW      1
;__Lib_MathDouble.c,931 :: 		
0x0297	0x07FD      	ADDWF      R13, 1
;__Lib_MathDouble.c,932 :: 		
0x0298	0x1803      	BTFSC      STATUS, 0
;__Lib_MathDouble.c,933 :: 		
0x0299	0x0AFC      	INCF       R12, 1
;__Lib_MathDouble.c,934 :: 		
0x029A	0x1903      	BTFSC      STATUS, 2
;__Lib_MathDouble.c,935 :: 		
0x029B	0x0AF8      	INCF       R8, 1
;__Lib_MathDouble.c,936 :: 		
0x029C	0x1D03      	BTFSS      STATUS, 2
;__Lib_MathDouble.c,937 :: 		
0x029D	0x2AA4      	GOTO       DIV32OK
;__Lib_MathDouble.c,938 :: 		
0x029E	0x0CF8      	RRF        R8, 1
;__Lib_MathDouble.c,939 :: 		
0x029F	0x0CFC      	RRF        R12, 1
;__Lib_MathDouble.c,940 :: 		
0x02A0	0x0CFD      	RRF        R13, 1
;__Lib_MathDouble.c,941 :: 		
0x02A1	0x0AF3      	INCF       R3, 1
;__Lib_MathDouble.c,942 :: 		
0x02A2	0x1903      	BTFSC      STATUS, 2
;__Lib_MathDouble.c,943 :: 		
0x02A3	0x2AB4      	GOTO       JPDSETFOV32
;__Lib_MathDouble.c,944 :: 		
DIV32OK:
;__Lib_MathDouble.c,945 :: 		
0x02A4	0x1FFA      	BTFSS      R10, 7
;__Lib_MathDouble.c,946 :: 		
0x02A5	0x13F8      	BCF        R8, 7
;__Lib_MathDouble.c,947 :: 		
0x02A6	0x0878      	MOVF       R8, 0
;__Lib_MathDouble.c,948 :: 		
0x02A7	0x00F2      	MOVWF      R2
;__Lib_MathDouble.c,949 :: 		
0x02A8	0x087C      	MOVF       R12, 0
;__Lib_MathDouble.c,950 :: 		
0x02A9	0x00F1      	MOVWF      R1
;__Lib_MathDouble.c,951 :: 		
0x02AA	0x087D      	MOVF       R13, 0
;__Lib_MathDouble.c,952 :: 		
0x02AB	0x00F0      	MOVWF      R0
;__Lib_MathDouble.c,954 :: 		
0x02AC	0x3000      	MOVLW      0
;__Lib_MathDouble.c,956 :: 		
0x02AD	0x2AB9      	GOTO       DIV32EEE
;__Lib_MathDouble.c,957 :: 		
JPDSETFDZ32:
;__Lib_MathDouble.c,958 :: 		
0x02AE	0x3001      	MOVLW      1
;__Lib_MathDouble.c,961 :: 		
0x02AF	0x2141      	CALL       _SETFDZ32
;__Lib_MathDouble.c,963 :: 		
0x02B0	0x2AB9      	GOTO       DIV32EEE
;__Lib_MathDouble.c,964 :: 		
JPDRES032:
;__Lib_MathDouble.c,965 :: 		
0x02B1	0x3002      	MOVLW      2
;__Lib_MathDouble.c,968 :: 		
0x02B2	0x2018      	CALL       _RES032
;__Lib_MathDouble.c,970 :: 		
0x02B3	0x2AB9      	GOTO       DIV32EEE
;__Lib_MathDouble.c,971 :: 		
JPDSETFOV32:
;__Lib_MathDouble.c,972 :: 		
0x02B4	0x3004      	MOVLW      4
;__Lib_MathDouble.c,975 :: 		
0x02B5	0x206F      	CALL       _SETFOV32
;__Lib_MathDouble.c,977 :: 		
0x02B6	0x2AB9      	GOTO       DIV32EEE
;__Lib_MathDouble.c,978 :: 		
JPDSETFUN32:
;__Lib_MathDouble.c,979 :: 		
0x02B7	0x3008      	MOVLW      8
;__Lib_MathDouble.c,982 :: 		
0x02B8	0x2063      	CALL       _SETFUN32
;__Lib_MathDouble.c,984 :: 		
DIV32EEE:
;__Lib_MathDouble.c,985 :: 		
0x02B9	0x0000      	NOP
;__Lib_MathDouble.c,994 :: 		
L_end_Div_32x32_FP:
0x02BA	0x0008      	RETURN
; end of _Div_32x32_FP
_Lcd_Out:
;__Lib_Lcd.c,184 :: 		
;__Lib_Lcd.c,187 :: 		
0x02BB	0x2ACD      	GOTO       L_Lcd_Out11
;__Lib_Lcd.c,188 :: 		
L_Lcd_Out13:
0x02BC	0x3080      	MOVLW      128
0x02BD	0x1283      	BCF        STATUS, 5
0x02BE	0x1303      	BCF        STATUS, 6
0x02BF	0x00C4      	MOVWF      FARG_Lcd_Out_row
0x02C0	0x2AE0      	GOTO       L_Lcd_Out12
;__Lib_Lcd.c,189 :: 		
L_Lcd_Out14:
0x02C1	0x30C0      	MOVLW      192
0x02C2	0x00C4      	MOVWF      FARG_Lcd_Out_row
0x02C3	0x2AE0      	GOTO       L_Lcd_Out12
;__Lib_Lcd.c,190 :: 		
L_Lcd_Out15:
0x02C4	0x3094      	MOVLW      148
0x02C5	0x00C4      	MOVWF      FARG_Lcd_Out_row
0x02C6	0x2AE0      	GOTO       L_Lcd_Out12
;__Lib_Lcd.c,191 :: 		
L_Lcd_Out16:
0x02C7	0x30D4      	MOVLW      212
0x02C8	0x00C4      	MOVWF      FARG_Lcd_Out_row
0x02C9	0x2AE0      	GOTO       L_Lcd_Out12
;__Lib_Lcd.c,192 :: 		
L_Lcd_Out17:
0x02CA	0x3080      	MOVLW      128
0x02CB	0x00C4      	MOVWF      FARG_Lcd_Out_row
;__Lib_Lcd.c,193 :: 		
0x02CC	0x2AE0      	GOTO       L_Lcd_Out12
L_Lcd_Out11:
0x02CD	0x1283      	BCF        STATUS, 5
0x02CE	0x1303      	BCF        STATUS, 6
0x02CF	0x0844      	MOVF       FARG_Lcd_Out_row, 0
0x02D0	0x3A01      	XORLW      1
0x02D1	0x1903      	BTFSC      STATUS, 2
0x02D2	0x2ABC      	GOTO       L_Lcd_Out13
0x02D3	0x0844      	MOVF       FARG_Lcd_Out_row, 0
0x02D4	0x3A02      	XORLW      2
0x02D5	0x1903      	BTFSC      STATUS, 2
0x02D6	0x2AC1      	GOTO       L_Lcd_Out14
0x02D7	0x0844      	MOVF       FARG_Lcd_Out_row, 0
0x02D8	0x3A03      	XORLW      3
0x02D9	0x1903      	BTFSC      STATUS, 2
0x02DA	0x2AC4      	GOTO       L_Lcd_Out15
0x02DB	0x0844      	MOVF       FARG_Lcd_Out_row, 0
0x02DC	0x3A04      	XORLW      4
0x02DD	0x1903      	BTFSC      STATUS, 2
0x02DE	0x2AC7      	GOTO       L_Lcd_Out16
0x02DF	0x2ACA      	GOTO       L_Lcd_Out17
L_Lcd_Out12:
;__Lib_Lcd.c,194 :: 		
0x02E0	0x0345      	DECF       FARG_Lcd_Out_column, 0
0x02E1	0x00F0      	MOVWF      R0
0x02E2	0x0844      	MOVF       FARG_Lcd_Out_row, 0
0x02E3	0x07F0      	ADDWF      R0, 1
0x02E4	0x0870      	MOVF       R0, 0
0x02E5	0x00C4      	MOVWF      FARG_Lcd_Out_row
;__Lib_Lcd.c,196 :: 		
0x02E6	0x0870      	MOVF       R0, 0
0x02E7	0x00D3      	MOVWF      FARG_Lcd_Cmd_out_char
0x02E8	0x201F      	CALL       _Lcd_Cmd
;__Lib_Lcd.c,197 :: 		
0x02E9	0x102B      	BCF        __Lib_Lcd_cmd_status, BitPos(__Lib_Lcd_cmd_status+0)
;__Lib_Lcd.c,198 :: 		
0x02EA	0x01C7      	CLRF       Lcd_Out_i_L0
;__Lib_Lcd.c,199 :: 		
L_Lcd_Out18:
0x02EB	0x0847      	MOVF       Lcd_Out_i_L0, 0
0x02EC	0x0746      	ADDWF      FARG_Lcd_Out_text, 0
0x02ED	0x0084      	MOVWF      FSR
0x02EE	0x0800      	MOVF       INDF, 0
0x02EF	0x1903      	BTFSC      STATUS, 2
0x02F0	0x2AF9      	GOTO       L_Lcd_Out19
;__Lib_Lcd.c,200 :: 		
0x02F1	0x0847      	MOVF       Lcd_Out_i_L0, 0
0x02F2	0x0746      	ADDWF      FARG_Lcd_Out_text, 0
0x02F3	0x0084      	MOVWF      FSR
0x02F4	0x0800      	MOVF       INDF, 0
0x02F5	0x00D1      	MOVWF      FARG_Lcd_Chr_CP_out_char
0x02F6	0x2144      	CALL       _Lcd_Chr_CP
0x02F7	0x0AC7      	INCF       Lcd_Out_i_L0, 1
0x02F8	0x2AEB      	GOTO       L_Lcd_Out18
L_Lcd_Out19:
;__Lib_Lcd.c,201 :: 		
0x02F9	0x142B      	BSF        __Lib_Lcd_cmd_status, BitPos(__Lib_Lcd_cmd_status+0)
;__Lib_Lcd.c,202 :: 		
L_end_Lcd_Out:
0x02FA	0x0008      	RETURN
; end of _Lcd_Out
_FloatToStr:
;__Lib_Conversions.c,521 :: 		
;__Lib_Conversions.c,523 :: 		
0x02FB	0x1283      	BCF        STATUS, 5
0x02FC	0x1303      	BCF        STATUS, 6
0x02FD	0x01CF      	CLRF       FloatToStr_bpoint_L0
0x02FE	0x01D0      	CLRF       FloatToStr_dexpon_L0
;__Lib_Conversions.c,528 :: 		
0x02FF	0x0844      	MOVF       FARG_FloatToStr_fnum, 0
0x0300	0x00CB      	MOVWF      FloatToStr_un_L0
0x0301	0x0845      	MOVF       FARG_FloatToStr_fnum+1, 0
0x0302	0x00CC      	MOVWF      FloatToStr_un_L0+1
0x0303	0x0846      	MOVF       FARG_FloatToStr_fnum+2, 0
0x0304	0x00CD      	MOVWF      FloatToStr_un_L0+2
0x0305	0x0847      	MOVF       FARG_FloatToStr_fnum+3, 0
0x0306	0x00CE      	MOVWF      FloatToStr_un_L0+3
;__Lib_Conversions.c,529 :: 		
0x0307	0x084E      	MOVF       FloatToStr_un_L0+3, 0
0x0308	0x3AFF      	XORLW      255
0x0309	0x1D03      	BTFSS      STATUS, 2
0x030A	0x2B15      	GOTO       L__FloatToStr416
0x030B	0x084D      	MOVF       FloatToStr_un_L0+2, 0
0x030C	0x3AFF      	XORLW      255
0x030D	0x1D03      	BTFSS      STATUS, 2
0x030E	0x2B15      	GOTO       L__FloatToStr416
0x030F	0x084C      	MOVF       FloatToStr_un_L0+1, 0
0x0310	0x3AFF      	XORLW      255
0x0311	0x1D03      	BTFSS      STATUS, 2
0x0312	0x2B15      	GOTO       L__FloatToStr416
0x0313	0x084B      	MOVF       FloatToStr_un_L0, 0
0x0314	0x3AFF      	XORLW      255
L__FloatToStr416:
0x0315	0x1D03      	BTFSS      STATUS, 2
0x0316	0x2B1F      	GOTO       L_FloatToStr90
;__Lib_Conversions.c,530 :: 		
0x0317	0x0848      	MOVF       FARG_FloatToStr_str, 0
0x0318	0x00D1      	MOVWF      FARG_strcpy_to
0x0319	0x3023      	MOVLW      ?lstr1___Lib_Conversions
0x031A	0x00D2      	MOVWF      FARG_strcpy_from
0x031B	0x2126      	CALL       _strcpy
;__Lib_Conversions.c,531 :: 		
0x031C	0x3003      	MOVLW      3
0x031D	0x00F0      	MOVWF      R0
0x031E	0x2CF8      	GOTO       L_end_FloatToStr
;__Lib_Conversions.c,532 :: 		
L_FloatToStr90:
;__Lib_Conversions.c,533 :: 		
0x031F	0x3001      	MOVLW      1
0x0320	0x00C9      	MOVWF      FloatToStr_i_L0
;__Lib_Conversions.c,534 :: 		
0x0321	0x1FCD      	BTFSS      FloatToStr_un_L0+2, 7
0x0322	0x2B2E      	GOTO       L_FloatToStr91
;__Lib_Conversions.c,535 :: 		
0x0323	0x3080      	MOVLW      128
0x0324	0x064D      	XORWF      FloatToStr_un_L0+2, 0
0x0325	0x00F0      	MOVWF      R0
0x0326	0x0870      	MOVF       R0, 0
0x0327	0x00CD      	MOVWF      FloatToStr_un_L0+2
;__Lib_Conversions.c,536 :: 		
0x0328	0x0AC9      	INCF       FloatToStr_i_L0, 1
;__Lib_Conversions.c,537 :: 		
0x0329	0x0848      	MOVF       FARG_FloatToStr_str, 0
0x032A	0x0084      	MOVWF      FSR
0x032B	0x302D      	MOVLW      45
0x032C	0x0080      	MOVWF      INDF
0x032D	0x0AC8      	INCF       FARG_FloatToStr_str, 1
;__Lib_Conversions.c,538 :: 		
L_FloatToStr91:
;__Lib_Conversions.c,539 :: 		
0x032E	0x3000      	MOVLW      0
0x032F	0x00F0      	MOVWF      R0
0x0330	0x064E      	XORWF      FloatToStr_un_L0+3, 0
0x0331	0x1D03      	BTFSS      STATUS, 2
0x0332	0x2B3D      	GOTO       L__FloatToStr417
0x0333	0x0870      	MOVF       R0, 0
0x0334	0x064D      	XORWF      FloatToStr_un_L0+2, 0
0x0335	0x1D03      	BTFSS      STATUS, 2
0x0336	0x2B3D      	GOTO       L__FloatToStr417
0x0337	0x0870      	MOVF       R0, 0
0x0338	0x064C      	XORWF      FloatToStr_un_L0+1, 0
0x0339	0x1D03      	BTFSS      STATUS, 2
0x033A	0x2B3D      	GOTO       L__FloatToStr417
0x033B	0x084B      	MOVF       FloatToStr_un_L0, 0
0x033C	0x3A00      	XORLW      0
L__FloatToStr417:
0x033D	0x1D03      	BTFSS      STATUS, 2
0x033E	0x2B46      	GOTO       L_FloatToStr92
;__Lib_Conversions.c,540 :: 		
0x033F	0x0848      	MOVF       FARG_FloatToStr_str, 0
0x0340	0x00D1      	MOVWF      FARG_strcpy_to
0x0341	0x3021      	MOVLW      ?lstr2___Lib_Conversions
0x0342	0x00D2      	MOVWF      FARG_strcpy_from
0x0343	0x2126      	CALL       _strcpy
;__Lib_Conversions.c,541 :: 		
0x0344	0x01F0      	CLRF       R0
0x0345	0x2CF8      	GOTO       L_end_FloatToStr
;__Lib_Conversions.c,542 :: 		
L_FloatToStr92:
;__Lib_Conversions.c,543 :: 		
0x0346	0x084E      	MOVF       FloatToStr_un_L0+3, 0
0x0347	0x3AFF      	XORLW      255
0x0348	0x1D03      	BTFSS      STATUS, 2
0x0349	0x2B54      	GOTO       L__FloatToStr418
0x034A	0x084D      	MOVF       FloatToStr_un_L0+2, 0
0x034B	0x3A00      	XORLW      0
0x034C	0x1D03      	BTFSS      STATUS, 2
0x034D	0x2B54      	GOTO       L__FloatToStr418
0x034E	0x084C      	MOVF       FloatToStr_un_L0+1, 0
0x034F	0x3A00      	XORLW      0
0x0350	0x1D03      	BTFSS      STATUS, 2
0x0351	0x2B54      	GOTO       L__FloatToStr418
0x0352	0x084B      	MOVF       FloatToStr_un_L0, 0
0x0353	0x3A00      	XORLW      0
L__FloatToStr418:
0x0354	0x1D03      	BTFSS      STATUS, 2
0x0355	0x2B5E      	GOTO       L_FloatToStr93
;__Lib_Conversions.c,544 :: 		
0x0356	0x0848      	MOVF       FARG_FloatToStr_str, 0
0x0357	0x00D1      	MOVWF      FARG_strcpy_to
0x0358	0x3027      	MOVLW      ?lstr3___Lib_Conversions
0x0359	0x00D2      	MOVWF      FARG_strcpy_from
0x035A	0x2126      	CALL       _strcpy
;__Lib_Conversions.c,545 :: 		
0x035B	0x0849      	MOVF       FloatToStr_i_L0, 0
0x035C	0x00F0      	MOVWF      R0
0x035D	0x2CF8      	GOTO       L_end_FloatToStr
;__Lib_Conversions.c,546 :: 		
L_FloatToStr93:
;__Lib_Conversions.c,554 :: 		
L_FloatToStr94:
0x035E	0x3000      	MOVLW      0
0x035F	0x00F4      	MOVWF      R4
0x0360	0x3000      	MOVLW      0
0x0361	0x00F5      	MOVWF      R4+1
0x0362	0x3000      	MOVLW      0
0x0363	0x00F6      	MOVWF      R4+2
0x0364	0x307F      	MOVLW      127
0x0365	0x00F7      	MOVWF      R4+3
0x0366	0x084B      	MOVF       FloatToStr_un_L0, 0
0x0367	0x00F0      	MOVWF      R0
0x0368	0x084C      	MOVF       FloatToStr_un_L0+1, 0
0x0369	0x00F1      	MOVWF      R0+1
0x036A	0x084D      	MOVF       FloatToStr_un_L0+2, 0
0x036B	0x00F2      	MOVWF      R0+2
0x036C	0x084E      	MOVF       FloatToStr_un_L0+3, 0
0x036D	0x00F3      	MOVWF      R0+3
0x036E	0x214C      	CALL       _Compare_Double
0x036F	0x3001      	MOVLW      1
0x0370	0x1803      	BTFSC      STATUS, 0
0x0371	0x3000      	MOVLW      0
0x0372	0x00F0      	MOVWF      R0
0x0373	0x0870      	MOVF       R0, 0
0x0374	0x1903      	BTFSC      STATUS, 2
0x0375	0x2B91      	GOTO       L_FloatToStr95
;__Lib_Conversions.c,555 :: 		
0x0376	0x084B      	MOVF       FloatToStr_un_L0, 0
0x0377	0x00F0      	MOVWF      R0
0x0378	0x084C      	MOVF       FloatToStr_un_L0+1, 0
0x0379	0x00F1      	MOVWF      R0+1
0x037A	0x084D      	MOVF       FloatToStr_un_L0+2, 0
0x037B	0x00F2      	MOVWF      R0+2
0x037C	0x084E      	MOVF       FloatToStr_un_L0+3, 0
0x037D	0x00F3      	MOVWF      R0+3
0x037E	0x3000      	MOVLW      0
0x037F	0x00F4      	MOVWF      R4
0x0380	0x3000      	MOVLW      0
0x0381	0x00F5      	MOVWF      R4+1
0x0382	0x3020      	MOVLW      32
0x0383	0x00F6      	MOVWF      R4+2
0x0384	0x3082      	MOVLW      130
0x0385	0x00F7      	MOVWF      R4+3
0x0386	0x219C      	CALL       _Mul_32x32_FP
0x0387	0x0870      	MOVF       R0, 0
0x0388	0x00CB      	MOVWF      FloatToStr_un_L0
0x0389	0x0871      	MOVF       R0+1, 0
0x038A	0x00CC      	MOVWF      FloatToStr_un_L0+1
0x038B	0x0872      	MOVF       R0+2, 0
0x038C	0x00CD      	MOVWF      FloatToStr_un_L0+2
0x038D	0x0873      	MOVF       R0+3, 0
0x038E	0x00CE      	MOVWF      FloatToStr_un_L0+3
;__Lib_Conversions.c,556 :: 		
0x038F	0x03D0      	DECF       FloatToStr_dexpon_L0, 1
;__Lib_Conversions.c,557 :: 		
0x0390	0x2B5E      	GOTO       L_FloatToStr94
L_FloatToStr95:
;__Lib_Conversions.c,562 :: 		
L_FloatToStr96:
0x0391	0x3000      	MOVLW      0
0x0392	0x00F4      	MOVWF      R4
0x0393	0x3000      	MOVLW      0
0x0394	0x00F5      	MOVWF      R4+1
0x0395	0x3020      	MOVLW      32
0x0396	0x00F6      	MOVWF      R4+2
0x0397	0x3082      	MOVLW      130
0x0398	0x00F7      	MOVWF      R4+3
0x0399	0x084B      	MOVF       FloatToStr_un_L0, 0
0x039A	0x00F0      	MOVWF      R0
0x039B	0x084C      	MOVF       FloatToStr_un_L0+1, 0
0x039C	0x00F1      	MOVWF      R0+1
0x039D	0x084D      	MOVF       FloatToStr_un_L0+2, 0
0x039E	0x00F2      	MOVWF      R0+2
0x039F	0x084E      	MOVF       FloatToStr_un_L0+3, 0
0x03A0	0x00F3      	MOVWF      R0+3
0x03A1	0x214C      	CALL       _Compare_Double
0x03A2	0x3001      	MOVLW      1
0x03A3	0x1C03      	BTFSS      STATUS, 0
0x03A4	0x3000      	MOVLW      0
0x03A5	0x00F0      	MOVWF      R0
0x03A6	0x0870      	MOVF       R0, 0
0x03A7	0x1903      	BTFSC      STATUS, 2
0x03A8	0x2BC4      	GOTO       L_FloatToStr97
;__Lib_Conversions.c,563 :: 		
0x03A9	0x084B      	MOVF       FloatToStr_un_L0, 0
0x03AA	0x00F0      	MOVWF      R0
0x03AB	0x084C      	MOVF       FloatToStr_un_L0+1, 0
0x03AC	0x00F1      	MOVWF      R0+1
0x03AD	0x084D      	MOVF       FloatToStr_un_L0+2, 0
0x03AE	0x00F2      	MOVWF      R0+2
0x03AF	0x084E      	MOVF       FloatToStr_un_L0+3, 0
0x03B0	0x00F3      	MOVWF      R0+3
0x03B1	0x30CD      	MOVLW      205
0x03B2	0x00F4      	MOVWF      R4
0x03B3	0x30CC      	MOVLW      204
0x03B4	0x00F5      	MOVWF      R4+1
0x03B5	0x304C      	MOVLW      76
0x03B6	0x00F6      	MOVWF      R4+2
0x03B7	0x307B      	MOVLW      123
0x03B8	0x00F7      	MOVWF      R4+3
0x03B9	0x219C      	CALL       _Mul_32x32_FP
0x03BA	0x0870      	MOVF       R0, 0
0x03BB	0x00CB      	MOVWF      FloatToStr_un_L0
0x03BC	0x0871      	MOVF       R0+1, 0
0x03BD	0x00CC      	MOVWF      FloatToStr_un_L0+1
0x03BE	0x0872      	MOVF       R0+2, 0
0x03BF	0x00CD      	MOVWF      FloatToStr_un_L0+2
0x03C0	0x0873      	MOVF       R0+3, 0
0x03C1	0x00CE      	MOVWF      FloatToStr_un_L0+3
;__Lib_Conversions.c,564 :: 		
0x03C2	0x0AD0      	INCF       FloatToStr_dexpon_L0, 1
;__Lib_Conversions.c,565 :: 		
0x03C3	0x2B91      	GOTO       L_FloatToStr96
L_FloatToStr97:
;__Lib_Conversions.c,574 :: 		
0x03C4	0x30FF      	MOVLW      255
0x03C5	0x054B      	ANDWF      FloatToStr_un_L0, 0
0x03C6	0x00F8      	MOVWF      R8
0x03C7	0x30FF      	MOVLW      255
0x03C8	0x054C      	ANDWF      FloatToStr_un_L0+1, 0
0x03C9	0x00F9      	MOVWF      R8+1
0x03CA	0x307F      	MOVLW      127
0x03CB	0x054D      	ANDWF      FloatToStr_un_L0+2, 0
0x03CC	0x00FA      	MOVWF      R8+2
0x03CD	0x3000      	MOVLW      0
0x03CE	0x054E      	ANDWF      FloatToStr_un_L0+3, 0
0x03CF	0x00FB      	MOVWF      R8+3
;__Lib_Conversions.c,575 :: 		
0x03D0	0x0878      	MOVF       R8, 0
0x03D1	0x00F4      	MOVWF      R4
0x03D2	0x0879      	MOVF       R8+1, 0
0x03D3	0x00F5      	MOVWF      R4+1
0x03D4	0x087A      	MOVF       R8+2, 0
0x03D5	0x00F6      	MOVWF      R4+2
0x03D6	0x087B      	MOVF       R8+3, 0
0x03D7	0x00F7      	MOVWF      R4+3
0x03D8	0x0DF4      	RLF        R4, 1
0x03D9	0x0DF5      	RLF        R4+1, 1
0x03DA	0x0DF6      	RLF        R4+2, 1
0x03DB	0x0DF7      	RLF        R4+3, 1
0x03DC	0x1074      	BCF        R4, 0
;__Lib_Conversions.c,576 :: 		
0x03DD	0x3000      	MOVLW      0
0x03DE	0x054B      	ANDWF      FloatToStr_un_L0, 0
0x03DF	0x00F0      	MOVWF      R0
0x03E0	0x3000      	MOVLW      0
0x03E1	0x054C      	ANDWF      FloatToStr_un_L0+1, 0
0x03E2	0x00F1      	MOVWF      R0+1
0x03E3	0x3000      	MOVLW      0
0x03E4	0x054D      	ANDWF      FloatToStr_un_L0+2, 0
0x03E5	0x00F2      	MOVWF      R0+2
0x03E6	0x30FF      	MOVLW      255
0x03E7	0x054E      	ANDWF      FloatToStr_un_L0+3, 0
0x03E8	0x00F3      	MOVWF      R0+3
0x03E9	0x0870      	MOVF       R0, 0
0x03EA	0x00CB      	MOVWF      FloatToStr_un_L0
0x03EB	0x0871      	MOVF       R0+1, 0
0x03EC	0x00CC      	MOVWF      FloatToStr_un_L0+1
0x03ED	0x0872      	MOVF       R0+2, 0
0x03EE	0x00CD      	MOVWF      FloatToStr_un_L0+2
0x03EF	0x0873      	MOVF       R0+3, 0
0x03F0	0x00CE      	MOVWF      FloatToStr_un_L0+3
;__Lib_Conversions.c,577 :: 		
0x03F1	0x0874      	MOVF       R4, 0
0x03F2	0x044B      	IORWF      FloatToStr_un_L0, 0
0x03F3	0x00F0      	MOVWF      R0
0x03F4	0x0875      	MOVF       R4+1, 0
0x03F5	0x044C      	IORWF      FloatToStr_un_L0+1, 0
0x03F6	0x00F1      	MOVWF      R0+1
0x03F7	0x0876      	MOVF       R4+2, 0
0x03F8	0x044D      	IORWF      FloatToStr_un_L0+2, 0
0x03F9	0x00F2      	MOVWF      R0+2
0x03FA	0x0877      	MOVF       R4+3, 0
0x03FB	0x044E      	IORWF      FloatToStr_un_L0+3, 0
0x03FC	0x00F3      	MOVWF      R0+3
0x03FD	0x0870      	MOVF       R0, 0
0x03FE	0x00CB      	MOVWF      FloatToStr_un_L0
0x03FF	0x0871      	MOVF       R0+1, 0
0x0400	0x00CC      	MOVWF      FloatToStr_un_L0+1
0x0401	0x0872      	MOVF       R0+2, 0
0x0402	0x00CD      	MOVWF      FloatToStr_un_L0+2
0x0403	0x0873      	MOVF       R0+3, 0
0x0404	0x00CE      	MOVWF      FloatToStr_un_L0+3
;__Lib_Conversions.c,579 :: 		
0x0405	0x307F      	MOVLW      127
0x0406	0x024E      	SUBWF      FloatToStr_un_L0+3, 0
0x0407	0x00F0      	MOVWF      R0
0x0408	0x0870      	MOVF       R0, 0
0x0409	0x00CA      	MOVWF      FloatToStr_d_L0
;__Lib_Conversions.c,582 :: 		
0x040A	0x3001      	MOVLW      1
0x040B	0x00CE      	MOVWF      FloatToStr_un_L0+3
;__Lib_Conversions.c,583 :: 		
0x040C	0x0870      	MOVF       R0, 0
0x040D	0x00F4      	MOVWF      R4
0x040E	0x084B      	MOVF       FloatToStr_un_L0, 0
0x040F	0x00F0      	MOVWF      R0
0x0410	0x084C      	MOVF       FloatToStr_un_L0+1, 0
0x0411	0x00F1      	MOVWF      R0+1
0x0412	0x084D      	MOVF       FloatToStr_un_L0+2, 0
0x0413	0x00F2      	MOVWF      R0+2
0x0414	0x084E      	MOVF       FloatToStr_un_L0+3, 0
0x0415	0x00F3      	MOVWF      R0+3
0x0416	0x0874      	MOVF       R4, 0
L__FloatToStr419:
0x0417	0x1903      	BTFSC      STATUS, 2
0x0418	0x2C20      	GOTO       L__FloatToStr420
0x0419	0x0DF0      	RLF        R0, 1
0x041A	0x0DF1      	RLF        R0+1, 1
0x041B	0x0DF2      	RLF        R0+2, 1
0x041C	0x0DF3      	RLF        R0+3, 1
0x041D	0x1070      	BCF        R0, 0
0x041E	0x3EFF      	ADDLW      255
0x041F	0x2C17      	GOTO       L__FloatToStr419
L__FloatToStr420:
0x0420	0x0870      	MOVF       R0, 0
0x0421	0x00CB      	MOVWF      FloatToStr_un_L0
0x0422	0x0871      	MOVF       R0+1, 0
0x0423	0x00CC      	MOVWF      FloatToStr_un_L0+1
0x0424	0x0872      	MOVF       R0+2, 0
0x0425	0x00CD      	MOVWF      FloatToStr_un_L0+2
0x0426	0x0873      	MOVF       R0+3, 0
0x0427	0x00CE      	MOVWF      FloatToStr_un_L0+3
;__Lib_Conversions.c,584 :: 		
0x0428	0x084E      	MOVF       FloatToStr_un_L0+3, 0
0x0429	0x3E30      	ADDLW      48
0x042A	0x00F0      	MOVWF      R0
0x042B	0x0848      	MOVF       FARG_FloatToStr_str, 0
0x042C	0x0084      	MOVWF      FSR
0x042D	0x0870      	MOVF       R0, 0
0x042E	0x0080      	MOVWF      INDF
0x042F	0x0AC8      	INCF       FARG_FloatToStr_str, 1
;__Lib_Conversions.c,585 :: 		
0x0430	0x3080      	MOVLW      128
0x0431	0x0650      	XORWF      FloatToStr_dexpon_L0, 0
0x0432	0x00F0      	MOVWF      R0
0x0433	0x3080      	MOVLW      128
0x0434	0x3A01      	XORLW      1
0x0435	0x0270      	SUBWF      R0, 0
0x0436	0x1C03      	BTFSS      STATUS, 0
0x0437	0x2C41      	GOTO       L__FloatToStr346
0x0438	0x3080      	MOVLW      128
0x0439	0x3A06      	XORLW      6
0x043A	0x00F0      	MOVWF      R0
0x043B	0x3080      	MOVLW      128
0x043C	0x0650      	XORWF      FloatToStr_dexpon_L0, 0
0x043D	0x0270      	SUBWF      R0, 0
0x043E	0x1C03      	BTFSS      STATUS, 0
0x043F	0x2C41      	GOTO       L__FloatToStr346
0x0440	0x2C48      	GOTO       L_FloatToStr100
L__FloatToStr346:
;__Lib_Conversions.c,586 :: 		
0x0441	0x0848      	MOVF       FARG_FloatToStr_str, 0
0x0442	0x0084      	MOVWF      FSR
0x0443	0x302E      	MOVLW      46
0x0444	0x0080      	MOVWF      INDF
0x0445	0x0AC8      	INCF       FARG_FloatToStr_str, 1
;__Lib_Conversions.c,587 :: 		
0x0446	0x3001      	MOVLW      1
0x0447	0x00CF      	MOVWF      FloatToStr_bpoint_L0
;__Lib_Conversions.c,588 :: 		
L_FloatToStr100:
;__Lib_Conversions.c,589 :: 		
0x0448	0x3006      	MOVLW      6
0x0449	0x00CA      	MOVWF      FloatToStr_d_L0
L_FloatToStr101:
0x044A	0x084A      	MOVF       FloatToStr_d_L0, 0
0x044B	0x3A00      	XORLW      0
0x044C	0x1903      	BTFSC      STATUS, 2
0x044D	0x2CA6      	GOTO       L_FloatToStr102
;__Lib_Conversions.c,590 :: 		
0x044E	0x01CE      	CLRF       FloatToStr_un_L0+3
;__Lib_Conversions.c,591 :: 		
0x044F	0x084B      	MOVF       FloatToStr_un_L0, 0
0x0450	0x00F0      	MOVWF      R0
0x0451	0x084C      	MOVF       FloatToStr_un_L0+1, 0
0x0452	0x00F1      	MOVWF      R0+1
0x0453	0x084D      	MOVF       FloatToStr_un_L0+2, 0
0x0454	0x00F2      	MOVWF      R0+2
0x0455	0x084E      	MOVF       FloatToStr_un_L0+3, 0
0x0456	0x00F3      	MOVWF      R0+3
0x0457	0x0DF0      	RLF        R0, 1
0x0458	0x0DF1      	RLF        R0+1, 1
0x0459	0x0DF2      	RLF        R0+2, 1
0x045A	0x0DF3      	RLF        R0+3, 1
0x045B	0x1070      	BCF        R0, 0
0x045C	0x0DF0      	RLF        R0, 1
0x045D	0x0DF1      	RLF        R0+1, 1
0x045E	0x0DF2      	RLF        R0+2, 1
0x045F	0x0DF3      	RLF        R0+3, 1
0x0460	0x1070      	BCF        R0, 0
0x0461	0x084B      	MOVF       FloatToStr_un_L0, 0
0x0462	0x07F0      	ADDWF      R0, 1
0x0463	0x084C      	MOVF       FloatToStr_un_L0+1, 0
0x0464	0x1803      	BTFSC      STATUS, 0
0x0465	0x0F4C      	INCFSZ     FloatToStr_un_L0+1, 0
0x0466	0x07F1      	ADDWF      R0+1, 1
0x0467	0x084D      	MOVF       FloatToStr_un_L0+2, 0
0x0468	0x1803      	BTFSC      STATUS, 0
0x0469	0x0F4D      	INCFSZ     FloatToStr_un_L0+2, 0
0x046A	0x07F2      	ADDWF      R0+2, 1
0x046B	0x084E      	MOVF       FloatToStr_un_L0+3, 0
0x046C	0x1803      	BTFSC      STATUS, 0
0x046D	0x0F4E      	INCFSZ     FloatToStr_un_L0+3, 0
0x046E	0x07F3      	ADDWF      R0+3, 1
0x046F	0x0870      	MOVF       R0, 0
0x0470	0x00CB      	MOVWF      FloatToStr_un_L0
0x0471	0x0871      	MOVF       R0+1, 0
0x0472	0x00CC      	MOVWF      FloatToStr_un_L0+1
0x0473	0x0872      	MOVF       R0+2, 0
0x0474	0x00CD      	MOVWF      FloatToStr_un_L0+2
0x0475	0x0873      	MOVF       R0+3, 0
0x0476	0x00CE      	MOVWF      FloatToStr_un_L0+3
;__Lib_Conversions.c,592 :: 		
0x0477	0x084B      	MOVF       FloatToStr_un_L0, 0
0x0478	0x00F0      	MOVWF      R0
0x0479	0x084C      	MOVF       FloatToStr_un_L0+1, 0
0x047A	0x00F1      	MOVWF      R0+1
0x047B	0x084D      	MOVF       FloatToStr_un_L0+2, 0
0x047C	0x00F2      	MOVWF      R0+2
0x047D	0x084E      	MOVF       FloatToStr_un_L0+3, 0
0x047E	0x00F3      	MOVWF      R0+3
0x047F	0x0DF0      	RLF        R0, 1
0x0480	0x0DF1      	RLF        R0+1, 1
0x0481	0x0DF2      	RLF        R0+2, 1
0x0482	0x0DF3      	RLF        R0+3, 1
0x0483	0x1070      	BCF        R0, 0
0x0484	0x0870      	MOVF       R0, 0
0x0485	0x00CB      	MOVWF      FloatToStr_un_L0
0x0486	0x0871      	MOVF       R0+1, 0
0x0487	0x00CC      	MOVWF      FloatToStr_un_L0+1
0x0488	0x0872      	MOVF       R0+2, 0
0x0489	0x00CD      	MOVWF      FloatToStr_un_L0+2
0x048A	0x0873      	MOVF       R0+3, 0
0x048B	0x00CE      	MOVWF      FloatToStr_un_L0+3
;__Lib_Conversions.c,593 :: 		
0x048C	0x084E      	MOVF       FloatToStr_un_L0+3, 0
0x048D	0x3E30      	ADDLW      48
0x048E	0x00F0      	MOVWF      R0
0x048F	0x0848      	MOVF       FARG_FloatToStr_str, 0
0x0490	0x0084      	MOVWF      FSR
0x0491	0x0870      	MOVF       R0, 0
0x0492	0x0080      	MOVWF      INDF
0x0493	0x0AC8      	INCF       FARG_FloatToStr_str, 1
;__Lib_Conversions.c,594 :: 		
0x0494	0x084F      	MOVF       FloatToStr_bpoint_L0, 0
0x0495	0x3A00      	XORLW      0
0x0496	0x1D03      	BTFSS      STATUS, 2
0x0497	0x2CA4      	GOTO       L_FloatToStr104
;__Lib_Conversions.c,595 :: 		
0x0498	0x03D0      	DECF       FloatToStr_dexpon_L0, 1
0x0499	0x0850      	MOVF       FloatToStr_dexpon_L0, 0
0x049A	0x3A00      	XORLW      0
0x049B	0x1D03      	BTFSS      STATUS, 2
0x049C	0x2CA4      	GOTO       L_FloatToStr105
;__Lib_Conversions.c,596 :: 		
0x049D	0x0848      	MOVF       FARG_FloatToStr_str, 0
0x049E	0x0084      	MOVWF      FSR
0x049F	0x302E      	MOVLW      46
0x04A0	0x0080      	MOVWF      INDF
0x04A1	0x0AC8      	INCF       FARG_FloatToStr_str, 1
;__Lib_Conversions.c,597 :: 		
0x04A2	0x3001      	MOVLW      1
0x04A3	0x00CF      	MOVWF      FloatToStr_bpoint_L0
;__Lib_Conversions.c,598 :: 		
L_FloatToStr105:
L_FloatToStr104:
;__Lib_Conversions.c,589 :: 		
0x04A4	0x03CA      	DECF       FloatToStr_d_L0, 1
;__Lib_Conversions.c,599 :: 		
0x04A5	0x2C4A      	GOTO       L_FloatToStr101
L_FloatToStr102:
;__Lib_Conversions.c,600 :: 		
L_FloatToStr106:
0x04A6	0x30FF      	MOVLW      255
0x04A7	0x0748      	ADDWF      FARG_FloatToStr_str, 0
0x04A8	0x0084      	MOVWF      FSR
0x04A9	0x0800      	MOVF       INDF, 0
0x04AA	0x3A30      	XORLW      48
0x04AB	0x1D03      	BTFSS      STATUS, 2
0x04AC	0x2CAF      	GOTO       L_FloatToStr107
;__Lib_Conversions.c,601 :: 		
0x04AD	0x03C8      	DECF       FARG_FloatToStr_str, 1
0x04AE	0x2CA6      	GOTO       L_FloatToStr106
L_FloatToStr107:
;__Lib_Conversions.c,602 :: 		
0x04AF	0x30FF      	MOVLW      255
0x04B0	0x0748      	ADDWF      FARG_FloatToStr_str, 0
0x04B1	0x0084      	MOVWF      FSR
0x04B2	0x0800      	MOVF       INDF, 0
0x04B3	0x3A2E      	XORLW      46
0x04B4	0x1D03      	BTFSS      STATUS, 2
0x04B5	0x2CB7      	GOTO       L_FloatToStr108
;__Lib_Conversions.c,603 :: 		
0x04B6	0x03C8      	DECF       FARG_FloatToStr_str, 1
L_FloatToStr108:
;__Lib_Conversions.c,604 :: 		
0x04B7	0x0850      	MOVF       FloatToStr_dexpon_L0, 0
0x04B8	0x3A00      	XORLW      0
0x04B9	0x1903      	BTFSC      STATUS, 2
0x04BA	0x2CF4      	GOTO       L_FloatToStr109
;__Lib_Conversions.c,605 :: 		
0x04BB	0x0848      	MOVF       FARG_FloatToStr_str, 0
0x04BC	0x0084      	MOVWF      FSR
0x04BD	0x3065      	MOVLW      101
0x04BE	0x0080      	MOVWF      INDF
0x04BF	0x0AC8      	INCF       FARG_FloatToStr_str, 1
;__Lib_Conversions.c,606 :: 		
0x04C0	0x3080      	MOVLW      128
0x04C1	0x0650      	XORWF      FloatToStr_dexpon_L0, 0
0x04C2	0x00F0      	MOVWF      R0
0x04C3	0x3080      	MOVLW      128
0x04C4	0x3A00      	XORLW      0
0x04C5	0x0270      	SUBWF      R0, 0
0x04C6	0x1803      	BTFSC      STATUS, 0
0x04C7	0x2CD0      	GOTO       L_FloatToStr110
;__Lib_Conversions.c,607 :: 		
0x04C8	0x0848      	MOVF       FARG_FloatToStr_str, 0
0x04C9	0x0084      	MOVWF      FSR
0x04CA	0x302D      	MOVLW      45
0x04CB	0x0080      	MOVWF      INDF
0x04CC	0x0AC8      	INCF       FARG_FloatToStr_str, 1
;__Lib_Conversions.c,608 :: 		
0x04CD	0x0850      	MOVF       FloatToStr_dexpon_L0, 0
0x04CE	0x3C00      	SUBLW      0
0x04CF	0x00D0      	MOVWF      FloatToStr_dexpon_L0
;__Lib_Conversions.c,609 :: 		
L_FloatToStr110:
;__Lib_Conversions.c,610 :: 		
0x04D0	0x0850      	MOVF       FloatToStr_dexpon_L0, 0
0x04D1	0x00CA      	MOVWF      FloatToStr_d_L0
;__Lib_Conversions.c,611 :: 		
0x04D2	0x3080      	MOVLW      128
0x04D3	0x3A09      	XORLW      9
0x04D4	0x00F0      	MOVWF      R0
0x04D5	0x3080      	MOVLW      128
0x04D6	0x0650      	XORWF      FloatToStr_dexpon_L0, 0
0x04D7	0x0270      	SUBWF      R0, 0
0x04D8	0x1803      	BTFSC      STATUS, 0
0x04D9	0x2CE6      	GOTO       L_FloatToStr111
;__Lib_Conversions.c,612 :: 		
0x04DA	0x300A      	MOVLW      10
0x04DB	0x00F4      	MOVWF      R4
0x04DC	0x084A      	MOVF       FloatToStr_d_L0, 0
0x04DD	0x00F0      	MOVWF      R0
0x04DE	0x20D5      	CALL       _Div_8X8_S
0x04DF	0x3030      	MOVLW      48
0x04E0	0x07F0      	ADDWF      R0, 1
0x04E1	0x0848      	MOVF       FARG_FloatToStr_str, 0
0x04E2	0x0084      	MOVWF      FSR
0x04E3	0x0870      	MOVF       R0, 0
0x04E4	0x0080      	MOVWF      INDF
0x04E5	0x0AC8      	INCF       FARG_FloatToStr_str, 1
L_FloatToStr111:
;__Lib_Conversions.c,613 :: 		
0x04E6	0x300A      	MOVLW      10
0x04E7	0x00F4      	MOVWF      R4
0x04E8	0x084A      	MOVF       FloatToStr_d_L0, 0
0x04E9	0x00F0      	MOVWF      R0
0x04EA	0x20D5      	CALL       _Div_8X8_S
0x04EB	0x0878      	MOVF       R8, 0
0x04EC	0x00F0      	MOVWF      R0
0x04ED	0x3030      	MOVLW      48
0x04EE	0x07F0      	ADDWF      R0, 1
0x04EF	0x0848      	MOVF       FARG_FloatToStr_str, 0
0x04F0	0x0084      	MOVWF      FSR
0x04F1	0x0870      	MOVF       R0, 0
0x04F2	0x0080      	MOVWF      INDF
0x04F3	0x0AC8      	INCF       FARG_FloatToStr_str, 1
;__Lib_Conversions.c,614 :: 		
L_FloatToStr109:
;__Lib_Conversions.c,615 :: 		
0x04F4	0x0848      	MOVF       FARG_FloatToStr_str, 0
0x04F5	0x0084      	MOVWF      FSR
0x04F6	0x0180      	CLRF       INDF
;__Lib_Conversions.c,616 :: 		
0x04F7	0x01F0      	CLRF       R0
;__Lib_Conversions.c,617 :: 		
L_end_FloatToStr:
0x04F8	0x0008      	RETURN
; end of _FloatToStr
_byte2double:
;__Lib_MathDouble.c,1778 :: 		
;__Lib_MathDouble.c,1785 :: 		
0x04F9	0x1283      	BCF        STATUS, 5
;__Lib_MathDouble.c,1786 :: 		
0x04FA	0x1303      	BCF        STATUS, 6
;__Lib_MathDouble.c,1788 :: 		
0x04FB	0x0870      	MOVF       R0, 0
;__Lib_MathDouble.c,1789 :: 		
0x04FC	0x00F8      	MOVWF      R8
;__Lib_MathDouble.c,1791 :: 		
0x04FD	0x01FB      	CLRF       R11
;__Lib_MathDouble.c,1792 :: 		
0x04FE	0x01FC      	CLRF       R12
;__Lib_MathDouble.c,1794 :: 		
0x04FF	0x309E      	MOVLW      158
;__Lib_MathDouble.c,1795 :: 		
0x0500	0x00F3      	MOVWF      R3
;__Lib_MathDouble.c,1796 :: 		
0x0501	0x01FA      	CLRF       R10
;__Lib_MathDouble.c,1797 :: 		
0x0502	0x01F2      	CLRF       R2
;__Lib_MathDouble.c,1798 :: 		
0x0503	0x01F1      	CLRF       R1
;__Lib_MathDouble.c,1799 :: 		
0x0504	0x01F0      	CLRF       R0
;__Lib_MathDouble.c,1800 :: 		
0x0505	0x3002      	MOVLW      2
;__Lib_MathDouble.c,1801 :: 		
0x0506	0x00FC      	MOVWF      R12
;__Lib_MathDouble.c,1803 :: 		
0x0507	0x207B      	CALL       _NRM4032
;__Lib_MathDouble.c,1804 :: 		
L_end_byte2double:
0x0508	0x0008      	RETURN
; end of _byte2double
_Lcd_Init:
;__Lib_Lcd.c,84 :: 		
;__Lib_Lcd.c,86 :: 		
0x0509	0x1683      	BSF        STATUS, 5
0x050A	0x1303      	BCF        STATUS, 6
0x050B	0x1286      	BCF        LCD_EN_Direction, BitPos(LCD_EN_Direction+0)
;__Lib_Lcd.c,87 :: 		
0x050C	0x1206      	BCF        LCD_RS_Direction, BitPos(LCD_RS_Direction+0)
;__Lib_Lcd.c,88 :: 		
0x050D	0x1006      	BCF        LCD_D4_Direction, BitPos(LCD_D4_Direction+0)
;__Lib_Lcd.c,89 :: 		
0x050E	0x1086      	BCF        LCD_D5_Direction, BitPos(LCD_D5_Direction+0)
;__Lib_Lcd.c,90 :: 		
0x050F	0x1106      	BCF        LCD_D6_Direction, BitPos(LCD_D6_Direction+0)
;__Lib_Lcd.c,91 :: 		
0x0510	0x1186      	BCF        LCD_D7_Direction, BitPos(LCD_D7_Direction+0)
;__Lib_Lcd.c,93 :: 		
0x0511	0x1283      	BCF        STATUS, 5
0x0512	0x1286      	BCF        LCD_EN, BitPos(LCD_EN+0)
;__Lib_Lcd.c,94 :: 		
0x0513	0x1206      	BCF        LCD_RS, BitPos(LCD_RS+0)
;__Lib_Lcd.c,95 :: 		
0x0514	0x1186      	BCF        LCD_D7, BitPos(LCD_D7+0)
;__Lib_Lcd.c,96 :: 		
0x0515	0x1106      	BCF        LCD_D6, BitPos(LCD_D6+0)
;__Lib_Lcd.c,97 :: 		
0x0516	0x1086      	BCF        LCD_D5, BitPos(LCD_D5+0)
;__Lib_Lcd.c,98 :: 		
0x0517	0x1006      	BCF        LCD_D4, BitPos(LCD_D4+0)
;__Lib_Lcd.c,100 :: 		
0x0518	0x200D      	CALL       _Delay_5500us
;__Lib_Lcd.c,101 :: 		
0x0519	0x200D      	CALL       _Delay_5500us
;__Lib_Lcd.c,102 :: 		
0x051A	0x200D      	CALL       _Delay_5500us
;__Lib_Lcd.c,105 :: 		
0x051B	0x1486      	BSF        LCD_D5, BitPos(LCD_D5+0)
;__Lib_Lcd.c,106 :: 		
0x051C	0x1406      	BSF        LCD_D4, BitPos(LCD_D4+0)
;__Lib_Lcd.c,107 :: 		
0x051D	0x1686      	BSF        LCD_EN, BitPos(LCD_EN+0)
;__Lib_Lcd.c,108 :: 		
0x051E	0x200B      	CALL       _Delay_1us
;__Lib_Lcd.c,109 :: 		
0x051F	0x1286      	BCF        LCD_EN, BitPos(LCD_EN+0)
;__Lib_Lcd.c,110 :: 		
0x0520	0x200D      	CALL       _Delay_5500us
;__Lib_Lcd.c,112 :: 		
0x0521	0x1686      	BSF        LCD_EN, BitPos(LCD_EN+0)
;__Lib_Lcd.c,113 :: 		
0x0522	0x200B      	CALL       _Delay_1us
;__Lib_Lcd.c,114 :: 		
0x0523	0x1286      	BCF        LCD_EN, BitPos(LCD_EN+0)
;__Lib_Lcd.c,115 :: 		
0x0524	0x200D      	CALL       _Delay_5500us
;__Lib_Lcd.c,117 :: 		
0x0525	0x1686      	BSF        LCD_EN, BitPos(LCD_EN+0)
;__Lib_Lcd.c,118 :: 		
0x0526	0x200B      	CALL       _Delay_1us
;__Lib_Lcd.c,119 :: 		
0x0527	0x1286      	BCF        LCD_EN, BitPos(LCD_EN+0)
;__Lib_Lcd.c,120 :: 		
0x0528	0x200D      	CALL       _Delay_5500us
;__Lib_Lcd.c,123 :: 		
0x0529	0x1006      	BCF        LCD_D4, BitPos(LCD_D4+0)
;__Lib_Lcd.c,124 :: 		
0x052A	0x1686      	BSF        LCD_EN, BitPos(LCD_EN+0)
;__Lib_Lcd.c,125 :: 		
0x052B	0x200B      	CALL       _Delay_1us
;__Lib_Lcd.c,126 :: 		
0x052C	0x1286      	BCF        LCD_EN, BitPos(LCD_EN+0)
;__Lib_Lcd.c,127 :: 		
0x052D	0x200D      	CALL       _Delay_5500us
;__Lib_Lcd.c,130 :: 		
0x052E	0x1686      	BSF        LCD_EN, BitPos(LCD_EN+0)
;__Lib_Lcd.c,131 :: 		
0x052F	0x200B      	CALL       _Delay_1us
;__Lib_Lcd.c,132 :: 		
0x0530	0x1286      	BCF        LCD_EN, BitPos(LCD_EN+0)
;__Lib_Lcd.c,134 :: 		
0x0531	0x1086      	BCF        LCD_D5, BitPos(LCD_D5+0)
;__Lib_Lcd.c,135 :: 		
0x0532	0x1586      	BSF        LCD_D7, BitPos(LCD_D7+0)
;__Lib_Lcd.c,136 :: 		
0x0533	0x1686      	BSF        LCD_EN, BitPos(LCD_EN+0)
;__Lib_Lcd.c,137 :: 		
0x0534	0x200B      	CALL       _Delay_1us
;__Lib_Lcd.c,138 :: 		
0x0535	0x1286      	BCF        LCD_EN, BitPos(LCD_EN+0)
;__Lib_Lcd.c,139 :: 		
0x0536	0x200D      	CALL       _Delay_5500us
;__Lib_Lcd.c,142 :: 		
0x0537	0x1186      	BCF        LCD_D7, BitPos(LCD_D7+0)
;__Lib_Lcd.c,143 :: 		
0x0538	0x1406      	BSF        LCD_D4, BitPos(LCD_D4+0)
;__Lib_Lcd.c,144 :: 		
0x0539	0x1686      	BSF        LCD_EN, BitPos(LCD_EN+0)
;__Lib_Lcd.c,145 :: 		
0x053A	0x200B      	CALL       _Delay_1us
;__Lib_Lcd.c,146 :: 		
0x053B	0x1286      	BCF        LCD_EN, BitPos(LCD_EN+0)
;__Lib_Lcd.c,148 :: 		
0x053C	0x1006      	BCF        LCD_D4, BitPos(LCD_D4+0)
;__Lib_Lcd.c,149 :: 		
0x053D	0x1686      	BSF        LCD_EN, BitPos(LCD_EN+0)
;__Lib_Lcd.c,150 :: 		
0x053E	0x200B      	CALL       _Delay_1us
;__Lib_Lcd.c,151 :: 		
0x053F	0x1286      	BCF        LCD_EN, BitPos(LCD_EN+0)
;__Lib_Lcd.c,152 :: 		
0x0540	0x200D      	CALL       _Delay_5500us
;__Lib_Lcd.c,155 :: 		
0x0541	0x1686      	BSF        LCD_EN, BitPos(LCD_EN+0)
;__Lib_Lcd.c,156 :: 		
0x0542	0x200B      	CALL       _Delay_1us
;__Lib_Lcd.c,157 :: 		
0x0543	0x1286      	BCF        LCD_EN, BitPos(LCD_EN+0)
;__Lib_Lcd.c,159 :: 		
0x0544	0x1406      	BSF        LCD_D4, BitPos(LCD_D4+0)
;__Lib_Lcd.c,160 :: 		
0x0545	0x1686      	BSF        LCD_EN, BitPos(LCD_EN+0)
;__Lib_Lcd.c,161 :: 		
0x0546	0x200B      	CALL       _Delay_1us
;__Lib_Lcd.c,162 :: 		
0x0547	0x1286      	BCF        LCD_EN, BitPos(LCD_EN+0)
;__Lib_Lcd.c,163 :: 		
0x0548	0x200D      	CALL       _Delay_5500us
;__Lib_Lcd.c,166 :: 		
0x0549	0x1006      	BCF        LCD_D4, BitPos(LCD_D4+0)
;__Lib_Lcd.c,167 :: 		
0x054A	0x1686      	BSF        LCD_EN, BitPos(LCD_EN+0)
;__Lib_Lcd.c,168 :: 		
0x054B	0x200B      	CALL       _Delay_1us
;__Lib_Lcd.c,169 :: 		
0x054C	0x1286      	BCF        LCD_EN, BitPos(LCD_EN+0)
;__Lib_Lcd.c,171 :: 		
0x054D	0x1586      	BSF        LCD_D7, BitPos(LCD_D7+0)
;__Lib_Lcd.c,172 :: 		
0x054E	0x1506      	BSF        LCD_D6, BitPos(LCD_D6+0)
;__Lib_Lcd.c,173 :: 		
0x054F	0x1486      	BSF        LCD_D5, BitPos(LCD_D5+0)
;__Lib_Lcd.c,174 :: 		
0x0550	0x1406      	BSF        LCD_D4, BitPos(LCD_D4+0)
;__Lib_Lcd.c,175 :: 		
0x0551	0x1686      	BSF        LCD_EN, BitPos(LCD_EN+0)
;__Lib_Lcd.c,176 :: 		
0x0552	0x200B      	CALL       _Delay_1us
;__Lib_Lcd.c,177 :: 		
0x0553	0x1286      	BCF        LCD_EN, BitPos(LCD_EN+0)
;__Lib_Lcd.c,179 :: 		
0x0554	0x200D      	CALL       _Delay_5500us
;__Lib_Lcd.c,181 :: 		
0x0555	0x142B      	BSF        __Lib_Lcd_cmd_status, BitPos(__Lib_Lcd_cmd_status+0)
;__Lib_Lcd.c,182 :: 		
L_end_Lcd_Init:
0x0556	0x0008      	RETURN
; end of _Lcd_Init
___CC2DW:
;__Lib_System.c,134 :: 		
;__Lib_System.c,137 :: 		
_CC2D_Loop1:
;__Lib_System.c,139 :: 		
0x0557	0x21FD      	CALL       _____DoICP
0x0558	0x118A      	BCF        PCLATH, 3
0x0559	0x120A      	BCF        PCLATH, 4
;__Lib_System.c,141 :: 		
0x055A	0x0080      	MOVWF      INDF
;__Lib_System.c,142 :: 		
0x055B	0x0A84      	INCF       FSR, 1
;__Lib_System.c,143 :: 		
0x055C	0x0AAC      	INCF       ___DoICPAddr, 1
;__Lib_System.c,145 :: 		
0x055D	0x1903      	BTFSC      STATUS, 2
;__Lib_System.c,146 :: 		
0x055E	0x0AAD      	INCF       ___DoICPAddr+1, 1
;__Lib_System.c,147 :: 		
0x055F	0x03F0      	DECF       R0, 1
;__Lib_System.c,149 :: 		
0x0560	0x1D03      	BTFSS      STATUS, 2
;__Lib_System.c,150 :: 		
0x0561	0x2D57      	GOTO       _CC2D_Loop1
;__Lib_System.c,152 :: 		
L_end___CC2DW:
0x0562	0x0008      	RETURN
; end of ___CC2DW
_main:
0x0563	0x25D0      	CALL       1488
;MyProject.c,16 :: 		void main() {
;MyProject.c,20 :: 		lcd_init();
0x0564	0x2509      	CALL       _Lcd_Init
;MyProject.c,21 :: 		Lcd_Cmd(_LCD_CLEAR);               // Clear display
0x0565	0x3001      	MOVLW      1
0x0566	0x00D3      	MOVWF      FARG_Lcd_Cmd_out_char
0x0567	0x201F      	CALL       _Lcd_Cmd
;MyProject.c,22 :: 		Lcd_Cmd(_LCD_CURSOR_OFF);
0x0568	0x300C      	MOVLW      12
0x0569	0x00D3      	MOVWF      FARG_Lcd_Cmd_out_char
0x056A	0x201F      	CALL       _Lcd_Cmd
;MyProject.c,23 :: 		option_reg= 0x07  ;
0x056B	0x3007      	MOVLW      7
0x056C	0x1683      	BSF        STATUS, 5
0x056D	0x0081      	MOVWF      OPTION_REG
;MyProject.c,24 :: 		intcon= 0x00  ;
0x056E	0x018B      	CLRF       INTCON
;MyProject.c,25 :: 		TrisC=0x0f;
0x056F	0x300F      	MOVLW      15
0x0570	0x0087      	MOVWF      TRISC
;MyProject.c,26 :: 		memC0=0;
0x0571	0x1283      	BCF        STATUS, 5
0x0572	0x01AE      	CLRF       main_memC0_L0
0x0573	0x01AF      	CLRF       main_memC0_L0+1
;MyProject.c,29 :: 		while (1){
L_main0:
;MyProject.c,30 :: 		if(portC.b0==1 && memC0==0){
0x0574	0x1C07      	BTFSS      PORTC, 0
0x0575	0x2DB3      	GOTO       L_main4
0x0576	0x3000      	MOVLW      0
0x0577	0x062F      	XORWF      main_memC0_L0+1, 0
0x0578	0x1D03      	BTFSS      STATUS, 2
0x0579	0x2D7C      	GOTO       L__main12
0x057A	0x3000      	MOVLW      0
0x057B	0x062E      	XORWF      main_memC0_L0, 0
L__main12:
0x057C	0x1D03      	BTFSS      STATUS, 2
0x057D	0x2DB3      	GOTO       L_main4
L__main10:
;MyProject.c,31 :: 		t = tmr0*0.000115;
0x057E	0x0801      	MOVF       TMR0, 0
0x057F	0x00F0      	MOVWF      R0
0x0580	0x24F9      	CALL       _byte2double
0x0581	0x3028      	MOVLW      40
0x0582	0x00F4      	MOVWF      R4
0x0583	0x302C      	MOVLW      44
0x0584	0x00F5      	MOVWF      R4+1
0x0585	0x3071      	MOVLW      113
0x0586	0x00F6      	MOVWF      R4+2
0x0587	0x3071      	MOVLW      113
0x0588	0x00F7      	MOVWF      R4+3
0x0589	0x219C      	CALL       _Mul_32x32_FP
;MyProject.c,32 :: 		v = 1/t;
0x058A	0x0870      	MOVF       R0, 0
0x058B	0x00F4      	MOVWF      R4
0x058C	0x0871      	MOVF       R0+1, 0
0x058D	0x00F5      	MOVWF      R4+1
0x058E	0x0872      	MOVF       R0+2, 0
0x058F	0x00F6      	MOVWF      R4+2
0x0590	0x0873      	MOVF       R0+3, 0
0x0591	0x00F7      	MOVWF      R4+3
0x0592	0x3000      	MOVLW      0
0x0593	0x00F0      	MOVWF      R0
0x0594	0x3000      	MOVLW      0
0x0595	0x00F1      	MOVWF      R0+1
0x0596	0x3000      	MOVLW      0
0x0597	0x00F2      	MOVWF      R0+2
0x0598	0x307F      	MOVLW      127
0x0599	0x00F3      	MOVWF      R0+3
0x059A	0x2204      	CALL       _Div_32x32_FP
;MyProject.c,33 :: 		tmr0=0;
0x059B	0x0181      	CLRF       TMR0
;MyProject.c,34 :: 		memC0 = 1;
0x059C	0x3001      	MOVLW      1
0x059D	0x00AE      	MOVWF      main_memC0_L0
0x059E	0x3000      	MOVLW      0
0x059F	0x00AF      	MOVWF      main_memC0_L0+1
;MyProject.c,35 :: 		floattostr(v,C);
0x05A0	0x0870      	MOVF       R0, 0
0x05A1	0x00C4      	MOVWF      FARG_FloatToStr_fnum
0x05A2	0x0871      	MOVF       R0+1, 0
0x05A3	0x00C5      	MOVWF      FARG_FloatToStr_fnum+1
0x05A4	0x0872      	MOVF       R0+2, 0
0x05A5	0x00C6      	MOVWF      FARG_FloatToStr_fnum+2
0x05A6	0x0873      	MOVF       R0+3, 0
0x05A7	0x00C7      	MOVWF      FARG_FloatToStr_fnum+3
0x05A8	0x3030      	MOVLW      main_C_L0
0x05A9	0x00C8      	MOVWF      FARG_FloatToStr_str
0x05AA	0x22FB      	CALL       _FloatToStr
;MyProject.c,36 :: 		Lcd_out(1,1,C);
0x05AB	0x3001      	MOVLW      1
0x05AC	0x00C4      	MOVWF      FARG_Lcd_Out_row
0x05AD	0x3001      	MOVLW      1
0x05AE	0x00C5      	MOVWF      FARG_Lcd_Out_column
0x05AF	0x3030      	MOVLW      main_C_L0
0x05B0	0x00C6      	MOVWF      FARG_Lcd_Out_text
0x05B1	0x22BB      	CALL       _Lcd_Out
;MyProject.c,37 :: 		}
0x05B2	0x2DBF      	GOTO       L_main5
L_main4:
;MyProject.c,38 :: 		else if (portC.b0==0 && memC0==1){
0x05B3	0x1807      	BTFSC      PORTC, 0
0x05B4	0x2DBF      	GOTO       L_main8
0x05B5	0x3000      	MOVLW      0
0x05B6	0x062F      	XORWF      main_memC0_L0+1, 0
0x05B7	0x1D03      	BTFSS      STATUS, 2
0x05B8	0x2DBB      	GOTO       L__main13
0x05B9	0x3001      	MOVLW      1
0x05BA	0x062E      	XORWF      main_memC0_L0, 0
L__main13:
0x05BB	0x1D03      	BTFSS      STATUS, 2
0x05BC	0x2DBF      	GOTO       L_main8
L__main9:
;MyProject.c,39 :: 		memC0 = 0;
0x05BD	0x01AE      	CLRF       main_memC0_L0
0x05BE	0x01AF      	CLRF       main_memC0_L0+1
;MyProject.c,40 :: 		}
L_main8:
L_main5:
;MyProject.c,41 :: 		}
0x05BF	0x2D74      	GOTO       L_main0
;MyProject.c,42 :: 		}
L_end_main:
0x05C0	0x2DC0      	GOTO       $+0
; end of _main
0x05D0	0x3021      	MOVLW      33
0x05D1	0x0084      	MOVWF      FSR
0x05D2	0x300A      	MOVLW      10
0x05D3	0x1283      	BCF        STATUS, 5
0x05D4	0x1303      	BCF        STATUS, 6
0x05D5	0x00F0      	MOVWF      R0
0x05D6	0x30C6      	MOVLW      198
0x05D7	0x00AC      	MOVWF      ___DoICPAddr
0x05D8	0x3005      	MOVLW      5
0x05D9	0x00AD      	MOVWF      45
0x05DA	0x2557      	CALL       1367
0x05DB	0x0008      	RETURN
;__Lib_Conversions.c,0 :: ?ICS?lstr2___Lib_Conversions
0x05C6	0x3430 ;?ICS?lstr2___Lib_Conversions+0
0x05C7	0x3400 ;?ICS?lstr2___Lib_Conversions+1
; end of ?ICS?lstr2___Lib_Conversions
;__Lib_Conversions.c,0 :: ?ICS?lstr1___Lib_Conversions
0x05C8	0x344E ;?ICS?lstr1___Lib_Conversions+0
0x05C9	0x3461 ;?ICS?lstr1___Lib_Conversions+1
0x05CA	0x344E ;?ICS?lstr1___Lib_Conversions+2
0x05CB	0x3400 ;?ICS?lstr1___Lib_Conversions+3
; end of ?ICS?lstr1___Lib_Conversions
;__Lib_Conversions.c,0 :: ?ICS?lstr3___Lib_Conversions
0x05CC	0x3449 ;?ICS?lstr3___Lib_Conversions+0
0x05CD	0x344E ;?ICS?lstr3___Lib_Conversions+1
0x05CE	0x3446 ;?ICS?lstr3___Lib_Conversions+2
0x05CF	0x3400 ;?ICS?lstr3___Lib_Conversions+3
; end of ?ICS?lstr3___Lib_Conversions
Symbol List:
//** Routines locations **
//ADDRESS    SIZE    PROCEDURE
//----------------------------------------------
0x0003       [8]    _Delay_50us
0x000B       [2]    _Delay_1us
0x000D      [11]    _Delay_5500us
0x0018       [7]    _RES032
0x001F      [64]    _Lcd_Cmd
0x005F       [4]    _FIXSIGN32
0x0063      [12]    _SETFUN32
0x006F      [12]    _SETFOV32
0x007B      [90]    _NRM4032
0x00D5      [81]    _Div_8X8_S
0x0126      [27]    _strcpy
0x0141       [3]    _SETFDZ32
0x0144       [8]    _Lcd_Chr_CP
0x014C      [80]    _Compare_Double
0x019C      [97]    _Mul_32x32_FP
0x01FD       [7]    _____DoICP
0x0204     [183]    _Div_32x32_FP
0x02BB      [64]    _Lcd_Out
0x02FB     [510]    _FloatToStr
0x04F9      [16]    _byte2double
0x0509      [78]    _Lcd_Init
0x0557      [12]    ___CC2DW
0x0563      [93]    _main
//** Variables locations ** 
//ADDRESS    SIZE    VARIABLE
//----------------------------------------------
0x0000       [1]    INDF
0x0001       [1]    TMR0
0x0002       [1]    PCL
0x0003       [1]    STATUS
0x0004       [1]    FSR
0x0006       [0]    RB1_bit
0x0006       [0]    LCD_D7
0x0006       [0]    RB0_bit
0x0006       [0]    LCD_RS
0x0006       [0]    RB3_bit
0x0006       [0]    RB4_bit
0x0006       [0]    RB5_bit
0x0006       [0]    RB2_bit
0x0006       [0]    LCD_D6
0x0006       [0]    LCD_D5
0x0006       [0]    LCD_D4
0x0006       [0]    LCD_EN
0x0007       [1]    PORTC
0x000A       [1]    PCLATH
0x000B       [1]    INTCON
0x0020       [1]    __math_tempbD
0x0021       [2]    ?lstr2___Lib_Conversions
0x0023       [4]    ?lstr1___Lib_Conversions
0x0027       [4]    ?lstr3___Lib_Conversions
0x002B       [0]    __Lib_Lcd_cmd_status
0x002C       [2]    ___DoICPAddr
0x002E       [2]    main_memC0_L0
0x0030      [20]    main_C_L0
0x0044       [4]    FARG_FloatToStr_fnum
0x0044       [1]    FARG_Lcd_Out_row
0x0045       [1]    FARG_Lcd_Out_column
0x0046       [1]    FARG_Lcd_Out_text
0x0047       [1]    Lcd_Out_i_L0
0x0048       [1]    FARG_FloatToStr_str
0x0049       [1]    FloatToStr_i_L0
0x004A       [1]    FloatToStr_d_L0
0x004B       [4]    FloatToStr_un_L0
0x004F       [1]    FloatToStr_bpoint_L0
0x0050       [1]    FloatToStr_dexpon_L0
0x0051       [1]    FARG_strcpy_to
0x0051       [1]    FARG_Lcd_Chr_CP_out_char
0x0052       [1]    FARG_strcpy_from
0x0053       [1]    FARG_Lcd_Cmd_out_char
0x0070       [1]    R0
0x0071       [1]    R1
0x0072       [1]    R2
0x0073       [1]    R3
0x0074       [1]    R4
0x0075       [1]    R5
0x0076       [1]    R6
0x0077       [1]    R7
0x0078       [1]    R8
0x0079       [1]    R9
0x007A       [1]    R10
0x007B       [1]    R11
0x007C       [1]    R12
0x007D       [1]    R13
0x007E       [1]    R14
0x007F       [1]    R15
0x0081       [1]    OPTION_REG
0x0086       [0]    TRISB2_bit
0x0086       [0]    TRISB1_bit
0x0086       [0]    TRISB0_bit
0x0086       [0]    TRISB5_bit
0x0086       [0]    LCD_D5_Direction
0x0086       [0]    TRISB3_bit
0x0086       [0]    LCD_RS_Direction
0x0086       [0]    LCD_D6_Direction
0x0086       [0]    LCD_EN_Direction
0x0086       [0]    LCD_D4_Direction
0x0086       [0]    TRISB4_bit
0x0086       [0]    LCD_D7_Direction
0x0087       [1]    TRISC
//** Constants locations ** 
//ADDRESS    SIZE    CONSTANT
//----------------------------------------------
0x05C6       [2]    ?ICS?lstr2___Lib_Conversions
0x05C8       [4]    ?ICS?lstr1___Lib_Conversions
0x05CC       [4]    ?ICS?lstr3___Lib_Conversions
