;  LST file generated by mikroListExporter - v.2.0 
; Date/Time: 21/01/2022 12:52:26
;----------------------------------------------

;Address Opcode 	ASM
0x0000	0x2803      	GOTO       3
_main:
;projet.c,1 :: 		void main( void )
;projet.c,3 :: 		TRISB=0xF0; //Configuration des ports.
0x0003	0x30F0      	MOVLW      240
0x0004	0x1683      	BSF        STATUS, 5
0x0005	0x1303      	BCF        STATUS, 6
0x0006	0x0086      	MOVWF      TRISB
;projet.c,4 :: 		TRISA=0xff;
0x0007	0x30FF      	MOVLW      255
0x0008	0x0085      	MOVWF      TRISA
;projet.c,5 :: 		PORTB=0;
0x0009	0x1283      	BCF        STATUS, 5
0x000A	0x0186      	CLRF       PORTB
;projet.c,6 :: 		while(1) //Boucle infinie
L_main0:
;projet.c,8 :: 		if(RB7_bit) //Test de d’état du bouton sur RB7, activé à l’état bas
0x000B	0x1F86      	BTFSS      RB7_bit, BitPos(RB7_bit+0)
0x000C	0x280F      	GOTO       L_main2
;projet.c,9 :: 		PORTB.F0=1; // Allumer le voyant si le bouton est actif.
0x000D	0x1406      	BSF        PORTB, 0
0x000E	0x2810      	GOTO       L_main3
L_main2:
;projet.c,11 :: 		PORTB.F0=0; //Eteindre la LED s’il est relâché.
0x000F	0x1006      	BCF        PORTB, 0
L_main3:
;projet.c,12 :: 		}
0x0010	0x280B      	GOTO       L_main0
;projet.c,13 :: 		}
L_end_main:
0x0011	0x2811      	GOTO       $+0
; end of _main
Symbol List:
//** Routines locations **
//ADDRESS    SIZE    PROCEDURE
//----------------------------------------------
0x0003      [15]    _main
//** Variables locations ** 
//ADDRESS    SIZE    VARIABLE
//----------------------------------------------
0x0000       [1]    INDF
0x0003       [1]    STATUS
0x0004       [1]    FSR
0x0006       [0]    RB7_bit
0x0006       [1]    PORTB
0x000A       [1]    PCLATH
0x0020       [2]    ___DoICPAddr
0x0070       [1]    R0
0x0071       [1]    R1
0x0072       [1]    R2
0x0073       [1]    R3
0x0074       [1]    R4
0x0075       [1]    R5
0x0076       [1]    R6
0x0077       [1]    R7
0x0078       [1]    R8
0x0079       [1]    R9
0x007A       [1]    R10
0x007B       [1]    R11
0x007C       [1]    R12
0x007D       [1]    R13
0x007E       [1]    R14
0x007F       [1]    R15
0x0085       [1]    TRISA
0x0086       [1]    TRISB
