;  LST file generated by mikroListExporter - v.2.0 
; Date/Time: 25/01/2022 13:33:49
;----------------------------------------------

;Address Opcode 	ASM
0x0000	0x2988      	GOTO       392
_Delay_1us:
;__Lib_Delays.c,7 :: 		void Delay_1us() {
;__Lib_Delays.c,8 :: 		Delay_us(1);
0x0003	0x0000      	NOP
;__Lib_Delays.c,9 :: 		}
L_end_Delay_1us:
0x0004	0x0008      	RETURN
; end of _Delay_1us
_Delay_50us:
;__Lib_Delays.c,19 :: 		void Delay_50us() {
;__Lib_Delays.c,20 :: 		Delay_us(50);
0x0005	0x3010      	MOVLW      16
0x0006	0x1283      	BCF        STATUS, 5
0x0007	0x1303      	BCF        STATUS, 6
0x0008	0x00FD      	MOVWF      R13
L_Delay_50us2:
0x0009	0x0BFD      	DECFSZ     R13, 1
0x000A	0x2809      	GOTO       L_Delay_50us2
0x000B	0x0000      	NOP
;__Lib_Delays.c,21 :: 		}
L_end_Delay_50us:
0x000C	0x0008      	RETURN
; end of _Delay_50us
_Delay_5500us:
;__Lib_Delays.c,31 :: 		void Delay_5500us() {
;__Lib_Delays.c,32 :: 		Delay_us(5500);
0x000D	0x3008      	MOVLW      8
0x000E	0x1283      	BCF        STATUS, 5
0x000F	0x1303      	BCF        STATUS, 6
0x0010	0x00FC      	MOVWF      R12
0x0011	0x3023      	MOVLW      35
0x0012	0x00FD      	MOVWF      R13
L_Delay_5500us5:
0x0013	0x0BFD      	DECFSZ     R13, 1
0x0014	0x2813      	GOTO       L_Delay_5500us5
0x0015	0x0BFC      	DECFSZ     R12, 1
0x0016	0x2813      	GOTO       L_Delay_5500us5
;__Lib_Delays.c,33 :: 		}
L_end_Delay_5500us:
0x0017	0x0008      	RETURN
; end of _Delay_5500us
_Lcd_Cmd:
;__Lib_Lcd.c,18 :: 		
;__Lib_Lcd.c,20 :: 		
0x0018	0x1283      	BCF        STATUS, 5
0x0019	0x1303      	BCF        STATUS, 6
0x001A	0x1BBF      	BTFSC      FARG_Lcd_Cmd_out_char, 7
0x001B	0x281E      	GOTO       L__Lcd_Cmd21
0x001C	0x1386      	BCF        LCD_D7, BitPos(LCD_D7+0)
0x001D	0x281F      	GOTO       L__Lcd_Cmd22
L__Lcd_Cmd21:
0x001E	0x1786      	BSF        LCD_D7, BitPos(LCD_D7+0)
L__Lcd_Cmd22:
;__Lib_Lcd.c,21 :: 		
0x001F	0x1B3F      	BTFSC      FARG_Lcd_Cmd_out_char, 6
0x0020	0x2823      	GOTO       L__Lcd_Cmd23
0x0021	0x1306      	BCF        LCD_D6, BitPos(LCD_D6+0)
0x0022	0x2824      	GOTO       L__Lcd_Cmd24
L__Lcd_Cmd23:
0x0023	0x1706      	BSF        LCD_D6, BitPos(LCD_D6+0)
L__Lcd_Cmd24:
;__Lib_Lcd.c,22 :: 		
0x0024	0x1ABF      	BTFSC      FARG_Lcd_Cmd_out_char, 5
0x0025	0x2828      	GOTO       L__Lcd_Cmd25
0x0026	0x1286      	BCF        LCD_D5, BitPos(LCD_D5+0)
0x0027	0x2829      	GOTO       L__Lcd_Cmd26
L__Lcd_Cmd25:
0x0028	0x1686      	BSF        LCD_D5, BitPos(LCD_D5+0)
L__Lcd_Cmd26:
;__Lib_Lcd.c,23 :: 		
0x0029	0x1A3F      	BTFSC      FARG_Lcd_Cmd_out_char, 4
0x002A	0x282D      	GOTO       L__Lcd_Cmd27
0x002B	0x1206      	BCF        LCD_D4, BitPos(LCD_D4+0)
0x002C	0x282E      	GOTO       L__Lcd_Cmd28
L__Lcd_Cmd27:
0x002D	0x1606      	BSF        LCD_D4, BitPos(LCD_D4+0)
L__Lcd_Cmd28:
;__Lib_Lcd.c,25 :: 		
0x002E	0x1831      	BTFSC      __Lib_Lcd_cmd_status, BitPos(__Lib_Lcd_cmd_status+0)
0x002F	0x2832      	GOTO       L__Lcd_Cmd29
0x0030	0x1506      	BSF        LCD_RS, BitPos(LCD_RS+0)
0x0031	0x2833      	GOTO       L__Lcd_Cmd30
L__Lcd_Cmd29:
0x0032	0x1106      	BCF        LCD_RS, BitPos(LCD_RS+0)
L__Lcd_Cmd30:
;__Lib_Lcd.c,28 :: 		
0x0033	0x1586      	BSF        LCD_EN, BitPos(LCD_EN+0)
;__Lib_Lcd.c,29 :: 		
0x0034	0x2003      	CALL       _Delay_1us
;__Lib_Lcd.c,30 :: 		
0x0035	0x1186      	BCF        LCD_EN, BitPos(LCD_EN+0)
;__Lib_Lcd.c,33 :: 		
0x0036	0x19BF      	BTFSC      FARG_Lcd_Cmd_out_char, 3
0x0037	0x283A      	GOTO       L__Lcd_Cmd31
0x0038	0x1386      	BCF        LCD_D7, BitPos(LCD_D7+0)
0x0039	0x283B      	GOTO       L__Lcd_Cmd32
L__Lcd_Cmd31:
0x003A	0x1786      	BSF        LCD_D7, BitPos(LCD_D7+0)
L__Lcd_Cmd32:
;__Lib_Lcd.c,34 :: 		
0x003B	0x193F      	BTFSC      FARG_Lcd_Cmd_out_char, 2
0x003C	0x283F      	GOTO       L__Lcd_Cmd33
0x003D	0x1306      	BCF        LCD_D6, BitPos(LCD_D6+0)
0x003E	0x2840      	GOTO       L__Lcd_Cmd34
L__Lcd_Cmd33:
0x003F	0x1706      	BSF        LCD_D6, BitPos(LCD_D6+0)
L__Lcd_Cmd34:
;__Lib_Lcd.c,35 :: 		
0x0040	0x18BF      	BTFSC      FARG_Lcd_Cmd_out_char, 1
0x0041	0x2844      	GOTO       L__Lcd_Cmd35
0x0042	0x1286      	BCF        LCD_D5, BitPos(LCD_D5+0)
0x0043	0x2845      	GOTO       L__Lcd_Cmd36
L__Lcd_Cmd35:
0x0044	0x1686      	BSF        LCD_D5, BitPos(LCD_D5+0)
L__Lcd_Cmd36:
;__Lib_Lcd.c,36 :: 		
0x0045	0x183F      	BTFSC      FARG_Lcd_Cmd_out_char, 0
0x0046	0x2849      	GOTO       L__Lcd_Cmd37
0x0047	0x1206      	BCF        LCD_D4, BitPos(LCD_D4+0)
0x0048	0x284A      	GOTO       L__Lcd_Cmd38
L__Lcd_Cmd37:
0x0049	0x1606      	BSF        LCD_D4, BitPos(LCD_D4+0)
L__Lcd_Cmd38:
;__Lib_Lcd.c,38 :: 		
0x004A	0x1831      	BTFSC      __Lib_Lcd_cmd_status, BitPos(__Lib_Lcd_cmd_status+0)
0x004B	0x284E      	GOTO       L__Lcd_Cmd39
0x004C	0x1506      	BSF        LCD_RS, BitPos(LCD_RS+0)
0x004D	0x284F      	GOTO       L__Lcd_Cmd40
L__Lcd_Cmd39:
0x004E	0x1106      	BCF        LCD_RS, BitPos(LCD_RS+0)
L__Lcd_Cmd40:
;__Lib_Lcd.c,40 :: 		
0x004F	0x1586      	BSF        LCD_EN, BitPos(LCD_EN+0)
;__Lib_Lcd.c,41 :: 		
0x0050	0x2003      	CALL       _Delay_1us
;__Lib_Lcd.c,42 :: 		
0x0051	0x1186      	BCF        LCD_EN, BitPos(LCD_EN+0)
;__Lib_Lcd.c,44 :: 		
0x0052	0x1C31      	BTFSS      __Lib_Lcd_cmd_status, BitPos(__Lib_Lcd_cmd_status+0)
0x0053	0x2856      	GOTO       L_Lcd_Cmd0
;__Lib_Lcd.c,45 :: 		
0x0054	0x200D      	CALL       _Delay_5500us
0x0055	0x2857      	GOTO       L_Lcd_Cmd1
L_Lcd_Cmd0:
;__Lib_Lcd.c,47 :: 		
0x0056	0x2005      	CALL       _Delay_50us
L_Lcd_Cmd1:
;__Lib_Lcd.c,48 :: 		
L_end_Lcd_Cmd:
0x0057	0x0008      	RETURN
; end of _Lcd_Cmd
_Delay_10us:
;__Lib_Delays.c,11 :: 		void Delay_10us() {
;__Lib_Delays.c,12 :: 		Delay_us(10);
0x0058	0x3003      	MOVLW      3
0x0059	0x1283      	BCF        STATUS, 5
0x005A	0x1303      	BCF        STATUS, 6
0x005B	0x00FD      	MOVWF      R13
L_Delay_10us0:
0x005C	0x0BFD      	DECFSZ     R13, 1
0x005D	0x285C      	GOTO       L_Delay_10us0
;__Lib_Delays.c,13 :: 		}
L_end_Delay_10us:
0x005E	0x0008      	RETURN
; end of _Delay_10us
_Lcd_Chr_CP:
;__Lib_Lcd.c,50 :: 		
;__Lib_Lcd.c,52 :: 		
0x005F	0x1283      	BCF        STATUS, 5
0x0060	0x1303      	BCF        STATUS, 6
0x0061	0x1031      	BCF        __Lib_Lcd_cmd_status, BitPos(__Lib_Lcd_cmd_status+0)
;__Lib_Lcd.c,53 :: 		
0x0062	0x083A      	MOVF       FARG_Lcd_Chr_CP_out_char, 0
0x0063	0x00BF      	MOVWF      FARG_Lcd_Cmd_out_char
0x0064	0x2018      	CALL       _Lcd_Cmd
;__Lib_Lcd.c,54 :: 		
0x0065	0x1431      	BSF        __Lib_Lcd_cmd_status, BitPos(__Lib_Lcd_cmd_status+0)
;__Lib_Lcd.c,55 :: 		
L_end_Lcd_Chr_CP:
0x0066	0x0008      	RETURN
; end of _Lcd_Chr_CP
_____DoICP:
;__Lib_System.c,6 :: 		
;__Lib_System.c,9 :: 		
0x0067	0x1283      	BCF        STATUS, 5
0x0068	0x1303      	BCF        STATUS, 6
0x0069	0x0835      	MOVF       ___DoICPAddr+1, 0
0x006A	0x008A      	MOVWF      PCLATH
;__Lib_System.c,10 :: 		
0x006B	0x0834      	MOVF       ___DoICPAddr, 0
0x006C	0x0082      	MOVWF      PCL
;__Lib_System.c,12 :: 		
L_end_____DoICP:
0x006D	0x0008      	RETURN
; end of _____DoICP
_Keypad_Key_Press:
;__Lib_Keypad4x4.c,39 :: 		
;__Lib_Keypad4x4.c,43 :: 		
0x006E	0x1283      	BCF        STATUS, 5
0x006F	0x1303      	BCF        STATUS, 6
0x0070	0x01BA      	CLRF       Keypad_Key_Press_rslt_L0
;__Lib_Keypad4x4.c,44 :: 		
0x0071	0x01BC      	CLRF       Keypad_Key_Press_loc_L0
;__Lib_Keypad4x4.c,45 :: 		
0x0072	0x01BD      	CLRF       Keypad_Key_Press_rowcnt_L0
;__Lib_Keypad4x4.c,46 :: 		
0x0073	0x3010      	MOVLW      16
0x0074	0x00BE      	MOVWF      Keypad_Key_Press_shifter_L0
;__Lib_Keypad4x4.c,48 :: 		
L_Keypad_Key_Press0:
0x0075	0x3004      	MOVLW      4
0x0076	0x023D      	SUBWF      Keypad_Key_Press_rowcnt_L0, 0
0x0077	0x1803      	BTFSC      STATUS, 0
0x0078	0x289F      	GOTO       L_Keypad_Key_Press1
;__Lib_Keypad4x4.c,50 :: 		
0x0079	0x30F0      	MOVLW      240
0x007A	0x0088      	MOVWF      keypadPort
;__Lib_Keypad4x4.c,51 :: 		
0x007B	0x3080      	MOVLW      128
0x007C	0x00F0      	MOVWF      R0
0x007D	0x0870      	MOVF       R0, 0
0x007E	0x3E08      	ADDLW      keypadPort
0x007F	0x0084      	MOVWF      FSR
0x0080	0x093E      	COMF       Keypad_Key_Press_shifter_L0, 0
0x0081	0x00F0      	MOVWF      R0
0x0082	0x0870      	MOVF       R0, 0
0x0083	0x0080      	MOVWF      INDF
;__Lib_Keypad4x4.c,55 :: 		
0x0084	0x2003      	CALL       _Delay_1us
;__Lib_Keypad4x4.c,56 :: 		
0x0085	0x2003      	CALL       _Delay_1us
;__Lib_Keypad4x4.c,57 :: 		
0x0086	0x300F      	MOVLW      15
0x0087	0x0508      	ANDWF      keypadPort, 0
0x0088	0x00F0      	MOVWF      R0
0x0089	0x0870      	MOVF       R0, 0
0x008A	0x00BB      	MOVWF      Keypad_Key_Press_kdata_L0
;__Lib_Keypad4x4.c,58 :: 		
0x008B	0x0870      	MOVF       R0, 0
0x008C	0x1903      	BTFSC      STATUS, 2
0x008D	0x2899      	GOTO       L_Keypad_Key_Press2
;__Lib_Keypad4x4.c,60 :: 		
0x008E	0x083C      	MOVF       Keypad_Key_Press_loc_L0, 0
0x008F	0x00BA      	MOVWF      Keypad_Key_Press_rslt_L0
;__Lib_Keypad4x4.c,61 :: 		
L_Keypad_Key_Press3:
0x0090	0x083B      	MOVF       Keypad_Key_Press_kdata_L0, 0
0x0091	0x1903      	BTFSC      STATUS, 2
0x0092	0x2897      	GOTO       L_Keypad_Key_Press4
;__Lib_Keypad4x4.c,62 :: 		
0x0093	0x0CBB      	RRF        Keypad_Key_Press_kdata_L0, 1
0x0094	0x13BB      	BCF        Keypad_Key_Press_kdata_L0, 7
;__Lib_Keypad4x4.c,63 :: 		
0x0095	0x0ABA      	INCF       Keypad_Key_Press_rslt_L0, 1
;__Lib_Keypad4x4.c,64 :: 		
0x0096	0x2890      	GOTO       L_Keypad_Key_Press3
L_Keypad_Key_Press4:
;__Lib_Keypad4x4.c,66 :: 		
0x0097	0x3004      	MOVLW      4
0x0098	0x00BD      	MOVWF      Keypad_Key_Press_rowcnt_L0
;__Lib_Keypad4x4.c,67 :: 		
L_Keypad_Key_Press2:
;__Lib_Keypad4x4.c,68 :: 		
0x0099	0x0DBE      	RLF        Keypad_Key_Press_shifter_L0, 1
0x009A	0x103E      	BCF        Keypad_Key_Press_shifter_L0, 0
;__Lib_Keypad4x4.c,69 :: 		
0x009B	0x3004      	MOVLW      4
0x009C	0x07BC      	ADDWF      Keypad_Key_Press_loc_L0, 1
;__Lib_Keypad4x4.c,70 :: 		
0x009D	0x0ABD      	INCF       Keypad_Key_Press_rowcnt_L0, 1
;__Lib_Keypad4x4.c,71 :: 		
0x009E	0x2875      	GOTO       L_Keypad_Key_Press0
L_Keypad_Key_Press1:
;__Lib_Keypad4x4.c,73 :: 		
0x009F	0x083A      	MOVF       Keypad_Key_Press_rslt_L0, 0
0x00A0	0x00F0      	MOVWF      R0
;__Lib_Keypad4x4.c,74 :: 		
L_end_Keypad_Key_Press:
0x00A1	0x0008      	RETURN
; end of _Keypad_Key_Press
_Keypad_Key_Click:
;__Lib_Keypad4x4.c,77 :: 		
;__Lib_Keypad4x4.c,81 :: 		
0x00A2	0x206E      	CALL       _Keypad_Key_Press
0x00A3	0x0870      	MOVF       R0, 0
0x00A4	0x00B6      	MOVWF      Keypad_Key_Click_rslt_L0
;__Lib_Keypad4x4.c,83 :: 		
L_Keypad_Key_Click5:
0x00A5	0x300F      	MOVLW      15
0x00A6	0x0508      	ANDWF      keypadPort, 0
0x00A7	0x00F0      	MOVWF      R0
0x00A8	0x1903      	BTFSC      STATUS, 2
0x00A9	0x28AC      	GOTO       L_Keypad_Key_Click6
;__Lib_Keypad4x4.c,84 :: 		
0x00AA	0x2058      	CALL       _Delay_10us
0x00AB	0x28A5      	GOTO       L_Keypad_Key_Click5
L_Keypad_Key_Click6:
;__Lib_Keypad4x4.c,86 :: 		
0x00AC	0x0836      	MOVF       Keypad_Key_Click_rslt_L0, 0
0x00AD	0x00F0      	MOVWF      R0
;__Lib_Keypad4x4.c,87 :: 		
L_end_Keypad_Key_Click:
0x00AE	0x0008      	RETURN
; end of _Keypad_Key_Click
_Lcd_Chr:
;__Lib_Lcd.c,65 :: 		
;__Lib_Lcd.c,66 :: 		
0x00AF	0x28C1      	GOTO       L_Lcd_Chr4
;__Lib_Lcd.c,67 :: 		
L_Lcd_Chr6:
0x00B0	0x3080      	MOVLW      128
0x00B1	0x1283      	BCF        STATUS, 5
0x00B2	0x1303      	BCF        STATUS, 6
0x00B3	0x00B6      	MOVWF      FARG_Lcd_Chr_row
0x00B4	0x28D4      	GOTO       L_Lcd_Chr5
;__Lib_Lcd.c,68 :: 		
L_Lcd_Chr7:
0x00B5	0x30C0      	MOVLW      192
0x00B6	0x00B6      	MOVWF      FARG_Lcd_Chr_row
0x00B7	0x28D4      	GOTO       L_Lcd_Chr5
;__Lib_Lcd.c,69 :: 		
L_Lcd_Chr8:
0x00B8	0x3094      	MOVLW      148
0x00B9	0x00B6      	MOVWF      FARG_Lcd_Chr_row
0x00BA	0x28D4      	GOTO       L_Lcd_Chr5
;__Lib_Lcd.c,70 :: 		
L_Lcd_Chr9:
0x00BB	0x30D4      	MOVLW      212
0x00BC	0x00B6      	MOVWF      FARG_Lcd_Chr_row
0x00BD	0x28D4      	GOTO       L_Lcd_Chr5
;__Lib_Lcd.c,71 :: 		
L_Lcd_Chr10:
0x00BE	0x3080      	MOVLW      128
0x00BF	0x00B6      	MOVWF      FARG_Lcd_Chr_row
;__Lib_Lcd.c,72 :: 		
0x00C0	0x28D4      	GOTO       L_Lcd_Chr5
L_Lcd_Chr4:
0x00C1	0x1283      	BCF        STATUS, 5
0x00C2	0x1303      	BCF        STATUS, 6
0x00C3	0x0836      	MOVF       FARG_Lcd_Chr_row, 0
0x00C4	0x3A01      	XORLW      1
0x00C5	0x1903      	BTFSC      STATUS, 2
0x00C6	0x28B0      	GOTO       L_Lcd_Chr6
0x00C7	0x0836      	MOVF       FARG_Lcd_Chr_row, 0
0x00C8	0x3A02      	XORLW      2
0x00C9	0x1903      	BTFSC      STATUS, 2
0x00CA	0x28B5      	GOTO       L_Lcd_Chr7
0x00CB	0x0836      	MOVF       FARG_Lcd_Chr_row, 0
0x00CC	0x3A03      	XORLW      3
0x00CD	0x1903      	BTFSC      STATUS, 2
0x00CE	0x28B8      	GOTO       L_Lcd_Chr8
0x00CF	0x0836      	MOVF       FARG_Lcd_Chr_row, 0
0x00D0	0x3A04      	XORLW      4
0x00D1	0x1903      	BTFSC      STATUS, 2
0x00D2	0x28BB      	GOTO       L_Lcd_Chr9
0x00D3	0x28BE      	GOTO       L_Lcd_Chr10
L_Lcd_Chr5:
;__Lib_Lcd.c,74 :: 		
0x00D4	0x0337      	DECF       FARG_Lcd_Chr_column, 0
0x00D5	0x00F0      	MOVWF      R0
0x00D6	0x0836      	MOVF       FARG_Lcd_Chr_row, 0
0x00D7	0x07F0      	ADDWF      R0, 1
0x00D8	0x0870      	MOVF       R0, 0
0x00D9	0x00B6      	MOVWF      FARG_Lcd_Chr_row
;__Lib_Lcd.c,76 :: 		
0x00DA	0x1431      	BSF        __Lib_Lcd_cmd_status, BitPos(__Lib_Lcd_cmd_status+0)
;__Lib_Lcd.c,77 :: 		
0x00DB	0x0870      	MOVF       R0, 0
0x00DC	0x00BF      	MOVWF      FARG_Lcd_Cmd_out_char
0x00DD	0x2018      	CALL       _Lcd_Cmd
;__Lib_Lcd.c,79 :: 		
0x00DE	0x1031      	BCF        __Lib_Lcd_cmd_status, BitPos(__Lib_Lcd_cmd_status+0)
;__Lib_Lcd.c,80 :: 		
0x00DF	0x0838      	MOVF       FARG_Lcd_Chr_out_char, 0
0x00E0	0x00BF      	MOVWF      FARG_Lcd_Cmd_out_char
0x00E1	0x2018      	CALL       _Lcd_Cmd
;__Lib_Lcd.c,81 :: 		
0x00E2	0x1431      	BSF        __Lib_Lcd_cmd_status, BitPos(__Lib_Lcd_cmd_status+0)
;__Lib_Lcd.c,82 :: 		
L_end_Lcd_Chr:
0x00E3	0x0008      	RETURN
; end of _Lcd_Chr
_Lcd_Out:
;__Lib_Lcd.c,184 :: 		
;__Lib_Lcd.c,187 :: 		
0x00E4	0x28F6      	GOTO       L_Lcd_Out11
;__Lib_Lcd.c,188 :: 		
L_Lcd_Out13:
0x00E5	0x3080      	MOVLW      128
0x00E6	0x1283      	BCF        STATUS, 5
0x00E7	0x1303      	BCF        STATUS, 6
0x00E8	0x00B6      	MOVWF      FARG_Lcd_Out_row
0x00E9	0x2909      	GOTO       L_Lcd_Out12
;__Lib_Lcd.c,189 :: 		
L_Lcd_Out14:
0x00EA	0x30C0      	MOVLW      192
0x00EB	0x00B6      	MOVWF      FARG_Lcd_Out_row
0x00EC	0x2909      	GOTO       L_Lcd_Out12
;__Lib_Lcd.c,190 :: 		
L_Lcd_Out15:
0x00ED	0x3094      	MOVLW      148
0x00EE	0x00B6      	MOVWF      FARG_Lcd_Out_row
0x00EF	0x2909      	GOTO       L_Lcd_Out12
;__Lib_Lcd.c,191 :: 		
L_Lcd_Out16:
0x00F0	0x30D4      	MOVLW      212
0x00F1	0x00B6      	MOVWF      FARG_Lcd_Out_row
0x00F2	0x2909      	GOTO       L_Lcd_Out12
;__Lib_Lcd.c,192 :: 		
L_Lcd_Out17:
0x00F3	0x3080      	MOVLW      128
0x00F4	0x00B6      	MOVWF      FARG_Lcd_Out_row
;__Lib_Lcd.c,193 :: 		
0x00F5	0x2909      	GOTO       L_Lcd_Out12
L_Lcd_Out11:
0x00F6	0x1283      	BCF        STATUS, 5
0x00F7	0x1303      	BCF        STATUS, 6
0x00F8	0x0836      	MOVF       FARG_Lcd_Out_row, 0
0x00F9	0x3A01      	XORLW      1
0x00FA	0x1903      	BTFSC      STATUS, 2
0x00FB	0x28E5      	GOTO       L_Lcd_Out13
0x00FC	0x0836      	MOVF       FARG_Lcd_Out_row, 0
0x00FD	0x3A02      	XORLW      2
0x00FE	0x1903      	BTFSC      STATUS, 2
0x00FF	0x28EA      	GOTO       L_Lcd_Out14
0x0100	0x0836      	MOVF       FARG_Lcd_Out_row, 0
0x0101	0x3A03      	XORLW      3
0x0102	0x1903      	BTFSC      STATUS, 2
0x0103	0x28ED      	GOTO       L_Lcd_Out15
0x0104	0x0836      	MOVF       FARG_Lcd_Out_row, 0
0x0105	0x3A04      	XORLW      4
0x0106	0x1903      	BTFSC      STATUS, 2
0x0107	0x28F0      	GOTO       L_Lcd_Out16
0x0108	0x28F3      	GOTO       L_Lcd_Out17
L_Lcd_Out12:
;__Lib_Lcd.c,194 :: 		
0x0109	0x0337      	DECF       FARG_Lcd_Out_column, 0
0x010A	0x00F0      	MOVWF      R0
0x010B	0x0836      	MOVF       FARG_Lcd_Out_row, 0
0x010C	0x07F0      	ADDWF      R0, 1
0x010D	0x0870      	MOVF       R0, 0
0x010E	0x00B6      	MOVWF      FARG_Lcd_Out_row
;__Lib_Lcd.c,196 :: 		
0x010F	0x0870      	MOVF       R0, 0
0x0110	0x00BF      	MOVWF      FARG_Lcd_Cmd_out_char
0x0111	0x2018      	CALL       _Lcd_Cmd
;__Lib_Lcd.c,197 :: 		
0x0112	0x1031      	BCF        __Lib_Lcd_cmd_status, BitPos(__Lib_Lcd_cmd_status+0)
;__Lib_Lcd.c,198 :: 		
0x0113	0x01B9      	CLRF       Lcd_Out_i_L0
;__Lib_Lcd.c,199 :: 		
L_Lcd_Out18:
0x0114	0x0839      	MOVF       Lcd_Out_i_L0, 0
0x0115	0x0738      	ADDWF      FARG_Lcd_Out_text, 0
0x0116	0x0084      	MOVWF      FSR
0x0117	0x0800      	MOVF       INDF, 0
0x0118	0x1903      	BTFSC      STATUS, 2
0x0119	0x2922      	GOTO       L_Lcd_Out19
;__Lib_Lcd.c,200 :: 		
0x011A	0x0839      	MOVF       Lcd_Out_i_L0, 0
0x011B	0x0738      	ADDWF      FARG_Lcd_Out_text, 0
0x011C	0x0084      	MOVWF      FSR
0x011D	0x0800      	MOVF       INDF, 0
0x011E	0x00BA      	MOVWF      FARG_Lcd_Chr_CP_out_char
0x011F	0x205F      	CALL       _Lcd_Chr_CP
0x0120	0x0AB9      	INCF       Lcd_Out_i_L0, 1
0x0121	0x2914      	GOTO       L_Lcd_Out18
L_Lcd_Out19:
;__Lib_Lcd.c,201 :: 		
0x0122	0x1431      	BSF        __Lib_Lcd_cmd_status, BitPos(__Lib_Lcd_cmd_status+0)
;__Lib_Lcd.c,202 :: 		
L_end_Lcd_Out:
0x0123	0x0008      	RETURN
; end of _Lcd_Out
_Lcd_Init:
;__Lib_Lcd.c,84 :: 		
;__Lib_Lcd.c,86 :: 		
0x0124	0x1683      	BSF        STATUS, 5
0x0125	0x1303      	BCF        STATUS, 6
0x0126	0x1186      	BCF        LCD_EN_Direction, BitPos(LCD_EN_Direction+0)
;__Lib_Lcd.c,87 :: 		
0x0127	0x1106      	BCF        LCD_RS_Direction, BitPos(LCD_RS_Direction+0)
;__Lib_Lcd.c,88 :: 		
0x0128	0x1206      	BCF        LCD_D4_Direction, BitPos(LCD_D4_Direction+0)
;__Lib_Lcd.c,89 :: 		
0x0129	0x1286      	BCF        LCD_D5_Direction, BitPos(LCD_D5_Direction+0)
;__Lib_Lcd.c,90 :: 		
0x012A	0x1306      	BCF        LCD_D6_Direction, BitPos(LCD_D6_Direction+0)
;__Lib_Lcd.c,91 :: 		
0x012B	0x1386      	BCF        LCD_D7_Direction, BitPos(LCD_D7_Direction+0)
;__Lib_Lcd.c,93 :: 		
0x012C	0x1283      	BCF        STATUS, 5
0x012D	0x1186      	BCF        LCD_EN, BitPos(LCD_EN+0)
;__Lib_Lcd.c,94 :: 		
0x012E	0x1106      	BCF        LCD_RS, BitPos(LCD_RS+0)
;__Lib_Lcd.c,95 :: 		
0x012F	0x1386      	BCF        LCD_D7, BitPos(LCD_D7+0)
;__Lib_Lcd.c,96 :: 		
0x0130	0x1306      	BCF        LCD_D6, BitPos(LCD_D6+0)
;__Lib_Lcd.c,97 :: 		
0x0131	0x1286      	BCF        LCD_D5, BitPos(LCD_D5+0)
;__Lib_Lcd.c,98 :: 		
0x0132	0x1206      	BCF        LCD_D4, BitPos(LCD_D4+0)
;__Lib_Lcd.c,100 :: 		
0x0133	0x200D      	CALL       _Delay_5500us
;__Lib_Lcd.c,101 :: 		
0x0134	0x200D      	CALL       _Delay_5500us
;__Lib_Lcd.c,102 :: 		
0x0135	0x200D      	CALL       _Delay_5500us
;__Lib_Lcd.c,105 :: 		
0x0136	0x1686      	BSF        LCD_D5, BitPos(LCD_D5+0)
;__Lib_Lcd.c,106 :: 		
0x0137	0x1606      	BSF        LCD_D4, BitPos(LCD_D4+0)
;__Lib_Lcd.c,107 :: 		
0x0138	0x1586      	BSF        LCD_EN, BitPos(LCD_EN+0)
;__Lib_Lcd.c,108 :: 		
0x0139	0x2003      	CALL       _Delay_1us
;__Lib_Lcd.c,109 :: 		
0x013A	0x1186      	BCF        LCD_EN, BitPos(LCD_EN+0)
;__Lib_Lcd.c,110 :: 		
0x013B	0x200D      	CALL       _Delay_5500us
;__Lib_Lcd.c,112 :: 		
0x013C	0x1586      	BSF        LCD_EN, BitPos(LCD_EN+0)
;__Lib_Lcd.c,113 :: 		
0x013D	0x2003      	CALL       _Delay_1us
;__Lib_Lcd.c,114 :: 		
0x013E	0x1186      	BCF        LCD_EN, BitPos(LCD_EN+0)
;__Lib_Lcd.c,115 :: 		
0x013F	0x200D      	CALL       _Delay_5500us
;__Lib_Lcd.c,117 :: 		
0x0140	0x1586      	BSF        LCD_EN, BitPos(LCD_EN+0)
;__Lib_Lcd.c,118 :: 		
0x0141	0x2003      	CALL       _Delay_1us
;__Lib_Lcd.c,119 :: 		
0x0142	0x1186      	BCF        LCD_EN, BitPos(LCD_EN+0)
;__Lib_Lcd.c,120 :: 		
0x0143	0x200D      	CALL       _Delay_5500us
;__Lib_Lcd.c,123 :: 		
0x0144	0x1206      	BCF        LCD_D4, BitPos(LCD_D4+0)
;__Lib_Lcd.c,124 :: 		
0x0145	0x1586      	BSF        LCD_EN, BitPos(LCD_EN+0)
;__Lib_Lcd.c,125 :: 		
0x0146	0x2003      	CALL       _Delay_1us
;__Lib_Lcd.c,126 :: 		
0x0147	0x1186      	BCF        LCD_EN, BitPos(LCD_EN+0)
;__Lib_Lcd.c,127 :: 		
0x0148	0x200D      	CALL       _Delay_5500us
;__Lib_Lcd.c,130 :: 		
0x0149	0x1586      	BSF        LCD_EN, BitPos(LCD_EN+0)
;__Lib_Lcd.c,131 :: 		
0x014A	0x2003      	CALL       _Delay_1us
;__Lib_Lcd.c,132 :: 		
0x014B	0x1186      	BCF        LCD_EN, BitPos(LCD_EN+0)
;__Lib_Lcd.c,134 :: 		
0x014C	0x1286      	BCF        LCD_D5, BitPos(LCD_D5+0)
;__Lib_Lcd.c,135 :: 		
0x014D	0x1786      	BSF        LCD_D7, BitPos(LCD_D7+0)
;__Lib_Lcd.c,136 :: 		
0x014E	0x1586      	BSF        LCD_EN, BitPos(LCD_EN+0)
;__Lib_Lcd.c,137 :: 		
0x014F	0x2003      	CALL       _Delay_1us
;__Lib_Lcd.c,138 :: 		
0x0150	0x1186      	BCF        LCD_EN, BitPos(LCD_EN+0)
;__Lib_Lcd.c,139 :: 		
0x0151	0x200D      	CALL       _Delay_5500us
;__Lib_Lcd.c,142 :: 		
0x0152	0x1386      	BCF        LCD_D7, BitPos(LCD_D7+0)
;__Lib_Lcd.c,143 :: 		
0x0153	0x1606      	BSF        LCD_D4, BitPos(LCD_D4+0)
;__Lib_Lcd.c,144 :: 		
0x0154	0x1586      	BSF        LCD_EN, BitPos(LCD_EN+0)
;__Lib_Lcd.c,145 :: 		
0x0155	0x2003      	CALL       _Delay_1us
;__Lib_Lcd.c,146 :: 		
0x0156	0x1186      	BCF        LCD_EN, BitPos(LCD_EN+0)
;__Lib_Lcd.c,148 :: 		
0x0157	0x1206      	BCF        LCD_D4, BitPos(LCD_D4+0)
;__Lib_Lcd.c,149 :: 		
0x0158	0x1586      	BSF        LCD_EN, BitPos(LCD_EN+0)
;__Lib_Lcd.c,150 :: 		
0x0159	0x2003      	CALL       _Delay_1us
;__Lib_Lcd.c,151 :: 		
0x015A	0x1186      	BCF        LCD_EN, BitPos(LCD_EN+0)
;__Lib_Lcd.c,152 :: 		
0x015B	0x200D      	CALL       _Delay_5500us
;__Lib_Lcd.c,155 :: 		
0x015C	0x1586      	BSF        LCD_EN, BitPos(LCD_EN+0)
;__Lib_Lcd.c,156 :: 		
0x015D	0x2003      	CALL       _Delay_1us
;__Lib_Lcd.c,157 :: 		
0x015E	0x1186      	BCF        LCD_EN, BitPos(LCD_EN+0)
;__Lib_Lcd.c,159 :: 		
0x015F	0x1606      	BSF        LCD_D4, BitPos(LCD_D4+0)
;__Lib_Lcd.c,160 :: 		
0x0160	0x1586      	BSF        LCD_EN, BitPos(LCD_EN+0)
;__Lib_Lcd.c,161 :: 		
0x0161	0x2003      	CALL       _Delay_1us
;__Lib_Lcd.c,162 :: 		
0x0162	0x1186      	BCF        LCD_EN, BitPos(LCD_EN+0)
;__Lib_Lcd.c,163 :: 		
0x0163	0x200D      	CALL       _Delay_5500us
;__Lib_Lcd.c,166 :: 		
0x0164	0x1206      	BCF        LCD_D4, BitPos(LCD_D4+0)
;__Lib_Lcd.c,167 :: 		
0x0165	0x1586      	BSF        LCD_EN, BitPos(LCD_EN+0)
;__Lib_Lcd.c,168 :: 		
0x0166	0x2003      	CALL       _Delay_1us
;__Lib_Lcd.c,169 :: 		
0x0167	0x1186      	BCF        LCD_EN, BitPos(LCD_EN+0)
;__Lib_Lcd.c,171 :: 		
0x0168	0x1786      	BSF        LCD_D7, BitPos(LCD_D7+0)
;__Lib_Lcd.c,172 :: 		
0x0169	0x1706      	BSF        LCD_D6, BitPos(LCD_D6+0)
;__Lib_Lcd.c,173 :: 		
0x016A	0x1686      	BSF        LCD_D5, BitPos(LCD_D5+0)
;__Lib_Lcd.c,174 :: 		
0x016B	0x1606      	BSF        LCD_D4, BitPos(LCD_D4+0)
;__Lib_Lcd.c,175 :: 		
0x016C	0x1586      	BSF        LCD_EN, BitPos(LCD_EN+0)
;__Lib_Lcd.c,176 :: 		
0x016D	0x2003      	CALL       _Delay_1us
;__Lib_Lcd.c,177 :: 		
0x016E	0x1186      	BCF        LCD_EN, BitPos(LCD_EN+0)
;__Lib_Lcd.c,179 :: 		
0x016F	0x200D      	CALL       _Delay_5500us
;__Lib_Lcd.c,181 :: 		
0x0170	0x1431      	BSF        __Lib_Lcd_cmd_status, BitPos(__Lib_Lcd_cmd_status+0)
;__Lib_Lcd.c,182 :: 		
L_end_Lcd_Init:
0x0171	0x0008      	RETURN
; end of _Lcd_Init
___CC2DW:
;__Lib_System.c,134 :: 		
;__Lib_System.c,137 :: 		
_CC2D_Loop1:
;__Lib_System.c,139 :: 		
0x0172	0x2067      	CALL       _____DoICP
0x0173	0x118A      	BCF        PCLATH, 3
0x0174	0x120A      	BCF        PCLATH, 4
;__Lib_System.c,141 :: 		
0x0175	0x0080      	MOVWF      INDF
;__Lib_System.c,142 :: 		
0x0176	0x0A84      	INCF       FSR, 1
;__Lib_System.c,143 :: 		
0x0177	0x0AB4      	INCF       ___DoICPAddr, 1
;__Lib_System.c,145 :: 		
0x0178	0x1903      	BTFSC      STATUS, 2
;__Lib_System.c,146 :: 		
0x0179	0x0AB5      	INCF       ___DoICPAddr+1, 1
;__Lib_System.c,147 :: 		
0x017A	0x03F0      	DECF       R0, 1
;__Lib_System.c,149 :: 		
0x017B	0x1D03      	BTFSS      STATUS, 2
;__Lib_System.c,150 :: 		
0x017C	0x2972      	GOTO       _CC2D_Loop1
;__Lib_System.c,152 :: 		
L_end___CC2DW:
0x017D	0x0008      	RETURN
; end of ___CC2DW
_Keypad_Init:
;__Lib_Keypad4x4.c,34 :: 		
;__Lib_Keypad4x4.c,35 :: 		
0x017E	0x3080      	MOVLW      128
0x017F	0x1283      	BCF        STATUS, 5
0x0180	0x1303      	BCF        STATUS, 6
0x0181	0x00F0      	MOVWF      R0
0x0182	0x0870      	MOVF       R0, 0
0x0183	0x3E08      	ADDLW      keypadPort
0x0184	0x0084      	MOVWF      FSR
0x0185	0x30FF      	MOVLW      255
0x0186	0x0080      	MOVWF      INDF
;__Lib_Keypad4x4.c,36 :: 		
L_end_Keypad_Init:
0x0187	0x0008      	RETURN
; end of _Keypad_Init
_main:
0x0188	0x3054      	MOVLW      84
0x0189	0x1283      	BCF        STATUS, 5
0x018A	0x1303      	BCF        STATUS, 6
0x018B	0x00A0      	MOVWF      ?lstr1_MyProject
0x018C	0x3061      	MOVLW      97
0x018D	0x00A1      	MOVWF      33
0x018E	0x3070      	MOVLW      112
0x018F	0x00A2      	MOVWF      34
0x0190	0x3065      	MOVLW      101
0x0191	0x00A3      	MOVWF      35
0x0192	0x307A      	MOVLW      122
0x0193	0x00A4      	MOVWF      36
0x0194	0x3020      	MOVLW      32
0x0195	0x00A5      	MOVWF      37
0x0196	0x3075      	MOVLW      117
0x0197	0x00A6      	MOVWF      38
0x0198	0x306E      	MOVLW      110
0x0199	0x00A7      	MOVWF      39
0x019A	0x3065      	MOVLW      101
0x019B	0x00A8      	MOVWF      40
0x019C	0x3020      	MOVLW      32
0x019D	0x00A9      	MOVWF      41
0x019E	0x3074      	MOVLW      116
0x019F	0x00AA      	MOVWF      42
0x01A0	0x306F      	MOVLW      111
0x01A1	0x00AB      	MOVWF      43
0x01A2	0x3075      	MOVLW      117
0x01A3	0x00AC      	MOVWF      44
0x01A4	0x3063      	MOVLW      99
0x01A5	0x00AD      	MOVWF      45
0x01A6	0x3068      	MOVLW      104
0x01A7	0x00AE      	MOVWF      46
0x01A8	0x3065      	MOVLW      101
0x01A9	0x00AF      	MOVWF      47
0x01AA	0x01B0      	CLRF       48
;MyProject.c,15 :: 		void main ( )
;MyProject.c,17 :: 		Lcd_Init ( );
0x01AB	0x2124      	CALL       _Lcd_Init
;MyProject.c,18 :: 		Lcd_Cmd (_LCD_CLEAR);
0x01AC	0x3001      	MOVLW      1
0x01AD	0x00BF      	MOVWF      FARG_Lcd_Cmd_out_char
0x01AE	0x2018      	CALL       _Lcd_Cmd
;MyProject.c,19 :: 		Keypad_Init ( );
0x01AF	0x217E      	CALL       _Keypad_Init
;MyProject.c,20 :: 		Lcd_Out (1,1,"Tapez une touche");
0x01B0	0x3001      	MOVLW      1
0x01B1	0x00B6      	MOVWF      FARG_Lcd_Out_row
0x01B2	0x3001      	MOVLW      1
0x01B3	0x00B7      	MOVWF      FARG_Lcd_Out_column
0x01B4	0x3020      	MOVLW      ?lstr1_MyProject
0x01B5	0x00B8      	MOVWF      FARG_Lcd_Out_text
0x01B6	0x20E4      	CALL       _Lcd_Out
;MyProject.c,21 :: 		delay_ms (1000);
0x01B7	0x3006      	MOVLW      6
0x01B8	0x00FB      	MOVWF      R11
0x01B9	0x3013      	MOVLW      19
0x01BA	0x00FC      	MOVWF      R12
0x01BB	0x30AD      	MOVLW      173
0x01BC	0x00FD      	MOVWF      R13
L_main0:
0x01BD	0x0BFD      	DECFSZ     R13, 1
0x01BE	0x29BD      	GOTO       L_main0
0x01BF	0x0BFC      	DECFSZ     R12, 1
0x01C0	0x29BD      	GOTO       L_main0
0x01C1	0x0BFB      	DECFSZ     R11, 1
0x01C2	0x29BD      	GOTO       L_main0
0x01C3	0x0000      	NOP
0x01C4	0x0000      	NOP
;MyProject.c,22 :: 		Lcd_Cmd (_LCD_CLEAR);
0x01C5	0x3001      	MOVLW      1
0x01C6	0x00BF      	MOVWF      FARG_Lcd_Cmd_out_char
0x01C7	0x2018      	CALL       _Lcd_Cmd
;MyProject.c,23 :: 		do {
L_main1:
;MyProject.c,24 :: 		kp = 0;
0x01C8	0x01B2      	CLRF       _kp
0x01C9	0x01B3      	CLRF       _kp+1
;MyProject.c,25 :: 		do {
L_main4:
;MyProject.c,26 :: 		kp = Keypad_Key_Click();
0x01CA	0x20A2      	CALL       _Keypad_Key_Click
0x01CB	0x0870      	MOVF       R0, 0
0x01CC	0x00B2      	MOVWF      _kp
0x01CD	0x01B3      	CLRF       _kp+1
;MyProject.c,27 :: 		}  while (!kp);
0x01CE	0x0832      	MOVF       _kp, 0
0x01CF	0x0433      	IORWF      _kp+1, 0
0x01D0	0x1903      	BTFSC      STATUS, 2
0x01D1	0x29CA      	GOTO       L_main4
;MyProject.c,29 :: 		switch (kp) {
0x01D2	0x2A21      	GOTO       L_main7
;MyProject.c,30 :: 		case  1: kp = 49; break; // 1
L_main9:
0x01D3	0x3031      	MOVLW      49
0x01D4	0x00B2      	MOVWF      _kp
0x01D5	0x3000      	MOVLW      0
0x01D6	0x00B3      	MOVWF      _kp+1
0x01D7	0x2AA1      	GOTO       L_main8
;MyProject.c,31 :: 		case  2: kp = 50; break; // 2
L_main10:
0x01D8	0x3032      	MOVLW      50
0x01D9	0x00B2      	MOVWF      _kp
0x01DA	0x3000      	MOVLW      0
0x01DB	0x00B3      	MOVWF      _kp+1
0x01DC	0x2AA1      	GOTO       L_main8
;MyProject.c,32 :: 		case  3: kp = 51; break; // 3
L_main11:
0x01DD	0x3033      	MOVLW      51
0x01DE	0x00B2      	MOVWF      _kp
0x01DF	0x3000      	MOVLW      0
0x01E0	0x00B3      	MOVWF      _kp+1
0x01E1	0x2AA1      	GOTO       L_main8
;MyProject.c,33 :: 		case  4: kp = 151; break; // -
L_main12:
0x01E2	0x3097      	MOVLW      151
0x01E3	0x00B2      	MOVWF      _kp
0x01E4	0x01B3      	CLRF       _kp+1
0x01E5	0x2AA1      	GOTO       L_main8
;MyProject.c,34 :: 		case  5: kp = 52; break; // 4
L_main13:
0x01E6	0x3034      	MOVLW      52
0x01E7	0x00B2      	MOVWF      _kp
0x01E8	0x3000      	MOVLW      0
0x01E9	0x00B3      	MOVWF      _kp+1
0x01EA	0x2AA1      	GOTO       L_main8
;MyProject.c,35 :: 		case  6: kp = 53; break; // 5
L_main14:
0x01EB	0x3035      	MOVLW      53
0x01EC	0x00B2      	MOVWF      _kp
0x01ED	0x3000      	MOVLW      0
0x01EE	0x00B3      	MOVWF      _kp+1
0x01EF	0x2AA1      	GOTO       L_main8
;MyProject.c,36 :: 		case  7: kp = 54; break; // 6
L_main15:
0x01F0	0x3036      	MOVLW      54
0x01F1	0x00B2      	MOVWF      _kp
0x01F2	0x3000      	MOVLW      0
0x01F3	0x00B3      	MOVWF      _kp+1
0x01F4	0x2AA1      	GOTO       L_main8
;MyProject.c,37 :: 		case  8: kp = 120; break; // x
L_main16:
0x01F5	0x3078      	MOVLW      120
0x01F6	0x00B2      	MOVWF      _kp
0x01F7	0x3000      	MOVLW      0
0x01F8	0x00B3      	MOVWF      _kp+1
0x01F9	0x2AA1      	GOTO       L_main8
;MyProject.c,38 :: 		case  9: kp = 55; break; // 7
L_main17:
0x01FA	0x3037      	MOVLW      55
0x01FB	0x00B2      	MOVWF      _kp
0x01FC	0x3000      	MOVLW      0
0x01FD	0x00B3      	MOVWF      _kp+1
0x01FE	0x2AA1      	GOTO       L_main8
;MyProject.c,39 :: 		case 10: kp = 56; break; // 8
L_main18:
0x01FF	0x3038      	MOVLW      56
0x0200	0x00B2      	MOVWF      _kp
0x0201	0x3000      	MOVLW      0
0x0202	0x00B3      	MOVWF      _kp+1
0x0203	0x2AA1      	GOTO       L_main8
;MyProject.c,40 :: 		case 11: kp = 57; break; // 9
L_main19:
0x0204	0x3039      	MOVLW      57
0x0205	0x00B2      	MOVWF      _kp
0x0206	0x3000      	MOVLW      0
0x0207	0x00B3      	MOVWF      _kp+1
0x0208	0x2AA1      	GOTO       L_main8
;MyProject.c,41 :: 		case 12: kp = 47; break; // /
L_main20:
0x0209	0x302F      	MOVLW      47
0x020A	0x00B2      	MOVWF      _kp
0x020B	0x3000      	MOVLW      0
0x020C	0x00B3      	MOVWF      _kp+1
0x020D	0x2AA1      	GOTO       L_main8
;MyProject.c,42 :: 		case 13: kp = 143; break; // ON
L_main21:
0x020E	0x308F      	MOVLW      143
0x020F	0x00B2      	MOVWF      _kp
0x0210	0x01B3      	CLRF       _kp+1
0x0211	0x2AA1      	GOTO       L_main8
;MyProject.c,43 :: 		case 14: kp = 48; break; // 0
L_main22:
0x0212	0x3030      	MOVLW      48
0x0213	0x00B2      	MOVWF      _kp
0x0214	0x3000      	MOVLW      0
0x0215	0x00B3      	MOVWF      _kp+1
0x0216	0x2AA1      	GOTO       L_main8
;MyProject.c,44 :: 		case 15: kp = 61; break; // =
L_main23:
0x0217	0x303D      	MOVLW      61
0x0218	0x00B2      	MOVWF      _kp
0x0219	0x3000      	MOVLW      0
0x021A	0x00B3      	MOVWF      _kp+1
0x021B	0x2AA1      	GOTO       L_main8
;MyProject.c,45 :: 		case 16: kp = 43; break; // +
L_main24:
0x021C	0x302B      	MOVLW      43
0x021D	0x00B2      	MOVWF      _kp
0x021E	0x3000      	MOVLW      0
0x021F	0x00B3      	MOVWF      _kp+1
0x0220	0x2AA1      	GOTO       L_main8
;MyProject.c,47 :: 		}
L_main7:
0x0221	0x3000      	MOVLW      0
0x0222	0x0633      	XORWF      _kp+1, 0
0x0223	0x1D03      	BTFSS      STATUS, 2
0x0224	0x2A27      	GOTO       L__main26
0x0225	0x3001      	MOVLW      1
0x0226	0x0632      	XORWF      _kp, 0
L__main26:
0x0227	0x1903      	BTFSC      STATUS, 2
0x0228	0x29D3      	GOTO       L_main9
0x0229	0x3000      	MOVLW      0
0x022A	0x0633      	XORWF      _kp+1, 0
0x022B	0x1D03      	BTFSS      STATUS, 2
0x022C	0x2A2F      	GOTO       L__main27
0x022D	0x3002      	MOVLW      2
0x022E	0x0632      	XORWF      _kp, 0
L__main27:
0x022F	0x1903      	BTFSC      STATUS, 2
0x0230	0x29D8      	GOTO       L_main10
0x0231	0x3000      	MOVLW      0
0x0232	0x0633      	XORWF      _kp+1, 0
0x0233	0x1D03      	BTFSS      STATUS, 2
0x0234	0x2A37      	GOTO       L__main28
0x0235	0x3003      	MOVLW      3
0x0236	0x0632      	XORWF      _kp, 0
L__main28:
0x0237	0x1903      	BTFSC      STATUS, 2
0x0238	0x29DD      	GOTO       L_main11
0x0239	0x3000      	MOVLW      0
0x023A	0x0633      	XORWF      _kp+1, 0
0x023B	0x1D03      	BTFSS      STATUS, 2
0x023C	0x2A3F      	GOTO       L__main29
0x023D	0x3004      	MOVLW      4
0x023E	0x0632      	XORWF      _kp, 0
L__main29:
0x023F	0x1903      	BTFSC      STATUS, 2
0x0240	0x29E2      	GOTO       L_main12
0x0241	0x3000      	MOVLW      0
0x0242	0x0633      	XORWF      _kp+1, 0
0x0243	0x1D03      	BTFSS      STATUS, 2
0x0244	0x2A47      	GOTO       L__main30
0x0245	0x3005      	MOVLW      5
0x0246	0x0632      	XORWF      _kp, 0
L__main30:
0x0247	0x1903      	BTFSC      STATUS, 2
0x0248	0x29E6      	GOTO       L_main13
0x0249	0x3000      	MOVLW      0
0x024A	0x0633      	XORWF      _kp+1, 0
0x024B	0x1D03      	BTFSS      STATUS, 2
0x024C	0x2A4F      	GOTO       L__main31
0x024D	0x3006      	MOVLW      6
0x024E	0x0632      	XORWF      _kp, 0
L__main31:
0x024F	0x1903      	BTFSC      STATUS, 2
0x0250	0x29EB      	GOTO       L_main14
0x0251	0x3000      	MOVLW      0
0x0252	0x0633      	XORWF      _kp+1, 0
0x0253	0x1D03      	BTFSS      STATUS, 2
0x0254	0x2A57      	GOTO       L__main32
0x0255	0x3007      	MOVLW      7
0x0256	0x0632      	XORWF      _kp, 0
L__main32:
0x0257	0x1903      	BTFSC      STATUS, 2
0x0258	0x29F0      	GOTO       L_main15
0x0259	0x3000      	MOVLW      0
0x025A	0x0633      	XORWF      _kp+1, 0
0x025B	0x1D03      	BTFSS      STATUS, 2
0x025C	0x2A5F      	GOTO       L__main33
0x025D	0x3008      	MOVLW      8
0x025E	0x0632      	XORWF      _kp, 0
L__main33:
0x025F	0x1903      	BTFSC      STATUS, 2
0x0260	0x29F5      	GOTO       L_main16
0x0261	0x3000      	MOVLW      0
0x0262	0x0633      	XORWF      _kp+1, 0
0x0263	0x1D03      	BTFSS      STATUS, 2
0x0264	0x2A67      	GOTO       L__main34
0x0265	0x3009      	MOVLW      9
0x0266	0x0632      	XORWF      _kp, 0
L__main34:
0x0267	0x1903      	BTFSC      STATUS, 2
0x0268	0x29FA      	GOTO       L_main17
0x0269	0x3000      	MOVLW      0
0x026A	0x0633      	XORWF      _kp+1, 0
0x026B	0x1D03      	BTFSS      STATUS, 2
0x026C	0x2A6F      	GOTO       L__main35
0x026D	0x300A      	MOVLW      10
0x026E	0x0632      	XORWF      _kp, 0
L__main35:
0x026F	0x1903      	BTFSC      STATUS, 2
0x0270	0x29FF      	GOTO       L_main18
0x0271	0x3000      	MOVLW      0
0x0272	0x0633      	XORWF      _kp+1, 0
0x0273	0x1D03      	BTFSS      STATUS, 2
0x0274	0x2A77      	GOTO       L__main36
0x0275	0x300B      	MOVLW      11
0x0276	0x0632      	XORWF      _kp, 0
L__main36:
0x0277	0x1903      	BTFSC      STATUS, 2
0x0278	0x2A04      	GOTO       L_main19
0x0279	0x3000      	MOVLW      0
0x027A	0x0633      	XORWF      _kp+1, 0
0x027B	0x1D03      	BTFSS      STATUS, 2
0x027C	0x2A7F      	GOTO       L__main37
0x027D	0x300C      	MOVLW      12
0x027E	0x0632      	XORWF      _kp, 0
L__main37:
0x027F	0x1903      	BTFSC      STATUS, 2
0x0280	0x2A09      	GOTO       L_main20
0x0281	0x3000      	MOVLW      0
0x0282	0x0633      	XORWF      _kp+1, 0
0x0283	0x1D03      	BTFSS      STATUS, 2
0x0284	0x2A87      	GOTO       L__main38
0x0285	0x300D      	MOVLW      13
0x0286	0x0632      	XORWF      _kp, 0
L__main38:
0x0287	0x1903      	BTFSC      STATUS, 2
0x0288	0x2A0E      	GOTO       L_main21
0x0289	0x3000      	MOVLW      0
0x028A	0x0633      	XORWF      _kp+1, 0
0x028B	0x1D03      	BTFSS      STATUS, 2
0x028C	0x2A8F      	GOTO       L__main39
0x028D	0x300E      	MOVLW      14
0x028E	0x0632      	XORWF      _kp, 0
L__main39:
0x028F	0x1903      	BTFSC      STATUS, 2
0x0290	0x2A12      	GOTO       L_main22
0x0291	0x3000      	MOVLW      0
0x0292	0x0633      	XORWF      _kp+1, 0
0x0293	0x1D03      	BTFSS      STATUS, 2
0x0294	0x2A97      	GOTO       L__main40
0x0295	0x300F      	MOVLW      15
0x0296	0x0632      	XORWF      _kp, 0
L__main40:
0x0297	0x1903      	BTFSC      STATUS, 2
0x0298	0x2A17      	GOTO       L_main23
0x0299	0x3000      	MOVLW      0
0x029A	0x0633      	XORWF      _kp+1, 0
0x029B	0x1D03      	BTFSS      STATUS, 2
0x029C	0x2A9F      	GOTO       L__main41
0x029D	0x3010      	MOVLW      16
0x029E	0x0632      	XORWF      _kp, 0
L__main41:
0x029F	0x1903      	BTFSC      STATUS, 2
0x02A0	0x2A1C      	GOTO       L_main24
L_main8:
;MyProject.c,49 :: 		LCD_Chr(1,2,kp);
0x02A1	0x3001      	MOVLW      1
0x02A2	0x00B6      	MOVWF      FARG_Lcd_Chr_row
0x02A3	0x3002      	MOVLW      2
0x02A4	0x00B7      	MOVWF      FARG_Lcd_Chr_column
0x02A5	0x0832      	MOVF       _kp, 0
0x02A6	0x00B8      	MOVWF      FARG_Lcd_Chr_out_char
0x02A7	0x20AF      	CALL       _Lcd_Chr
;MyProject.c,50 :: 		} while (1);
0x02A8	0x29C8      	GOTO       L_main1
;MyProject.c,51 :: 		}
L_end_main:
0x02A9	0x2AA9      	GOTO       $+0
; end of _main
Symbol List:
//** Routines locations **
//ADDRESS    SIZE    PROCEDURE
//----------------------------------------------
0x0003       [2]    _Delay_1us
0x0005       [8]    _Delay_50us
0x000D      [11]    _Delay_5500us
0x0018      [64]    _Lcd_Cmd
0x0058       [7]    _Delay_10us
0x005F       [8]    _Lcd_Chr_CP
0x0067       [7]    _____DoICP
0x006E      [52]    _Keypad_Key_Press
0x00A2      [13]    _Keypad_Key_Click
0x00AF      [53]    _Lcd_Chr
0x00E4      [64]    _Lcd_Out
0x0124      [78]    _Lcd_Init
0x0172      [12]    ___CC2DW
0x017E      [10]    _Keypad_Init
0x0188     [290]    _main
//** Variables locations ** 
//ADDRESS    SIZE    VARIABLE
//----------------------------------------------
0x0000       [1]    INDF
0x0002       [1]    PCL
0x0003       [1]    STATUS
0x0004       [1]    FSR
0x0006       [0]    LCD_D6
0x0006       [0]    LCD_D5
0x0006       [0]    LCD_D7
0x0006       [0]    RB2_bit
0x0006       [0]    LCD_D4
0x0006       [0]    RB6_bit
0x0006       [0]    RB7_bit
0x0006       [0]    RB5_bit
0x0006       [0]    RB3_bit
0x0006       [0]    RB4_bit
0x0006       [0]    LCD_EN
0x0006       [0]    LCD_RS
0x0008       [1]    PORTD
0x0008       [1]    keypadPort
0x000A       [1]    PCLATH
0x0020      [17]    ?lstr1_MyProject
0x0031       [0]    __Lib_Lcd_cmd_status
0x0032       [2]    _kp
0x0034       [2]    ___DoICPAddr
0x0036       [1]    Keypad_Key_Click_rslt_L0
0x0036       [1]    FARG_Lcd_Out_row
0x0036       [1]    FARG_Lcd_Chr_row
0x0037       [1]    FARG_Lcd_Out_column
0x0037       [1]    FARG_Lcd_Chr_column
0x0038       [1]    FARG_Lcd_Out_text
0x0038       [1]    FARG_Lcd_Chr_out_char
0x0039       [1]    Lcd_Out_i_L0
0x003A       [1]    FARG_Lcd_Chr_CP_out_char
0x003A       [1]    Keypad_Key_Press_rslt_L0
0x003B       [1]    Keypad_Key_Press_kdata_L0
0x003C       [1]    Keypad_Key_Press_loc_L0
0x003D       [1]    Keypad_Key_Press_rowcnt_L0
0x003E       [1]    Keypad_Key_Press_shifter_L0
0x003F       [1]    FARG_Lcd_Cmd_out_char
0x0070       [1]    R0
0x0071       [1]    R1
0x0072       [1]    R2
0x0073       [1]    R3
0x0074       [1]    R4
0x0075       [1]    R5
0x0076       [1]    R6
0x0077       [1]    R7
0x0078       [1]    R8
0x0079       [1]    R9
0x007A       [1]    R10
0x007B       [1]    R11
0x007C       [1]    R12
0x007D       [1]    R13
0x007E       [1]    R14
0x007F       [1]    R15
0x0086       [0]    TRISB5_bit
0x0086       [0]    TRISB3_bit
0x0086       [0]    LCD_EN_Direction
0x0086       [0]    LCD_RS_Direction
0x0086       [0]    TRISB7_bit
0x0086       [0]    TRISB4_bit
0x0086       [0]    TRISB6_bit
0x0086       [0]    LCD_D6_Direction
0x0086       [0]    LCD_D4_Direction
0x0086       [0]    LCD_D5_Direction
0x0086       [0]    TRISB2_bit
0x0086       [0]    LCD_D7_Direction
